CPUs Experimento Ambiente Tempo
1 1 kvm 56.284
1 2 kvm 55.961
1 3 kvm 56.273
1 4 kvm 55.981
1 5 kvm 56.003
1 6 kvm 56.024
1 7 kvm 56.064
1 8 kvm 56.035
1 9 kvm 56.048
1 10 kvm 56.053
1 11 kvm 56.145
1 12 kvm 55.955
1 13 kvm 56.043
1 14 kvm 55.965
1 15 kvm 56.306
1 16 kvm 56.215
1 17 kvm 56.002
1 18 kvm 56.269
1 19 kvm 56.169
1 20 kvm 56.102
1 21 kvm 56.069
1 22 kvm 56.020
1 23 kvm 56.379
1 24 kvm 56.008
1 25 kvm 56.618
1 26 kvm 57.064
1 27 kvm 55.976
1 28 kvm 56.215
1 29 kvm 56.228
1 30 kvm 56.135
2 1 kvm 30.631
2 2 kvm 29.944
2 3 kvm 29.936
2 4 kvm 29.904
2 5 kvm 29.896
2 6 kvm 29.903
2 7 kvm 29.909
2 8 kvm 29.864
2 9 kvm 29.911
2 10 kvm 29.900
2 11 kvm 29.881
2 12 kvm 29.804
2 13 kvm 29.895
2 14 kvm 29.864
2 15 kvm 29.896
2 16 kvm 29.892
2 17 kvm 29.889
2 18 kvm 29.890
2 19 kvm 29.832
2 20 kvm 29.903
2 21 kvm 29.877
2 22 kvm 29.856
2 23 kvm 29.880
2 24 kvm 29.972
2 25 kvm 29.900
2 26 kvm 29.908
2 27 kvm 29.932
2 28 kvm 29.931
2 29 kvm 29.916
2 30 kvm 29.909
4 1 kvm 15.796
4 2 kvm 15.795
4 3 kvm 15.796
4 4 kvm 15.800
4 5 kvm 15.796
4 6 kvm 15.776
4 7 kvm 15.760
4 8 kvm 15.772
4 9 kvm 15.776
4 10 kvm 15.748
4 11 kvm 15.765
4 12 kvm 15.769
4 13 kvm 15.782
4 14 kvm 15.792
4 15 kvm 15.796
4 16 kvm 15.793
4 17 kvm 15.764
4 18 kvm 15.827
4 19 kvm 15.791
4 20 kvm 15.801
4 21 kvm 15.798
4 22 kvm 15.762
4 23 kvm 15.816
4 24 kvm 15.766
4 25 kvm 15.850
4 26 kvm 15.761
4 27 kvm 15.864
4 28 kvm 15.736
4 29 kvm 15.804
4 30 kvm 15.793
8 1 kvm 8.827
8 2 kvm 8.964
8 3 kvm 8.919
8 4 kvm 8.972
8 5 kvm 8.975
8 6 kvm 8.976
8 7 kvm 8.934
8 8 kvm 8.941
8 9 kvm 8.780
8 10 kvm 8.902
8 11 kvm 8.775
8 12 kvm 8.967
8 13 kvm 8.876
8 14 kvm 8.890
8 15 kvm 8.910
8 16 kvm 8.884
8 17 kvm 8.917
8 18 kvm 8.850
8 19 kvm 8.887
8 20 kvm 8.757
8 21 kvm 8.878
8 22 kvm 8.975
8 23 kvm 8.864
8 24 kvm 9.017
8 25 kvm 8.979
8 26 kvm 8.934
8 27 kvm 8.898
8 28 kvm 8.896
8 29 kvm 8.968
8 30 kvm 8.801
10 1 kvm 7.571
10 2 kvm 7.506
10 3 kvm 7.498
10 4 kvm 7.601
10 5 kvm 7.515
10 6 kvm 7.549
10 7 kvm 7.561
10 8 kvm 7.550
10 9 kvm 7.549
10 10 kvm 7.476
10 11 kvm 7.462
10 12 kvm 7.547
10 13 kvm 7.490
10 14 kvm 7.558
10 15 kvm 7.555
10 16 kvm 7.510
10 17 kvm 7.550
10 18 kvm 7.488
10 19 kvm 7.573
10 20 kvm 7.558
10 21 kvm 7.484
10 22 kvm 7.584
10 23 kvm 7.551
10 24 kvm 7.568
10 25 kvm 7.543
10 26 kvm 7.523
10 27 kvm 7.498
10 28 kvm 7.575
10 29 kvm 7.524
10 30 kvm 7.554
16 1 kvm 5.407
16 2 kvm 5.272
16 3 kvm 5.267
16 4 kvm 5.328
16 5 kvm 5.360
16 6 kvm 5.234
16 7 kvm 5.336
16 8 kvm 5.389
16 9 kvm 5.368
16 10 kvm 5.475
16 11 kvm 5.373
16 12 kvm 5.392
16 13 kvm 5.411
16 14 kvm 5.260
16 15 kvm 5.386
16 16 kvm 5.393
16 17 kvm 5.362
16 18 kvm 5.356
16 19 kvm 5.348
16 20 kvm 5.297
16 21 kvm 5.361
16 22 kvm 5.302
16 23 kvm 5.414
16 24 kvm 5.299
16 25 kvm 5.393
16 26 kvm 5.308
16 27 kvm 5.322
16 28 kvm 5.374
16 29 kvm 5.299
16 30 kvm 5.418
20 1 kvm 4.912
20 2 kvm 4.823
20 3 kvm 4.715
20 4 kvm 4.799
20 5 kvm 4.658
20 6 kvm 4.839
20 7 kvm 4.651
20 8 kvm 4.737
20 9 kvm 4.675
20 10 kvm 4.657
20 11 kvm 4.917
20 12 kvm 4.762
20 13 kvm 4.710
20 14 kvm 4.637
20 15 kvm 4.638
20 16 kvm 4.815
20 17 kvm 4.896
20 18 kvm 4.808
20 19 kvm 4.794
20 20 kvm 4.696
20 21 kvm 4.645
20 22 kvm 5.093
20 23 kvm 4.883
20 24 kvm 4.717
20 25 kvm 4.833
20 26 kvm 4.689
20 27 kvm 4.782
20 28 kvm 4.881
20 29 kvm 4.996
20 30 kvm 4.929
1 1 nativo 55.985
1 2 nativo 55.794
1 3 nativo 55.938
1 4 nativo 55.816
1 5 nativo 55.659
1 6 nativo 55.798
1 7 nativo 55.810
1 8 nativo 57.113
1 9 nativo 55.819
1 10 nativo 55.657
1 11 nativo 55.808
1 12 nativo 55.875
1 13 nativo 55.854
1 14 nativo 55.862
1 15 nativo 55.948
1 16 nativo 55.923
1 17 nativo 55.854
1 18 nativo 55.851
1 19 nativo 55.662
1 20 nativo 56.046
1 21 nativo 55.729
1 22 nativo 55.863
1 23 nativo 55.769
1 24 nativo 55.785
1 25 nativo 55.954
1 26 nativo 55.682
1 27 nativo 55.879
1 28 nativo 55.835
1 29 nativo 56.247
1 30 nativo 55.841
2 1 nativo 30.040
2 2 nativo 29.996
2 3 nativo 29.974
2 4 nativo 29.999
2 5 nativo 29.963
2 6 nativo 30.039
2 7 nativo 30.027
2 8 nativo 30.038
2 9 nativo 30.025
2 10 nativo 29.987
2 11 nativo 30.067
2 12 nativo 30.038
2 13 nativo 30.055
2 14 nativo 30.038
2 15 nativo 29.921
2 16 nativo 30.035
2 17 nativo 30.259
2 18 nativo 30.327
2 19 nativo 30.150
2 20 nativo 30.015
2 21 nativo 30.058
2 22 nativo 30.046
2 23 nativo 30.075
2 24 nativo 30.010
2 25 nativo 29.953
2 26 nativo 30.022
2 27 nativo 30.055
2 28 nativo 30.147
2 29 nativo 29.983
2 30 nativo 29.950
4 1 nativo 15.595
4 2 nativo 15.481
4 3 nativo 15.511
4 4 nativo 15.447
4 5 nativo 15.503
4 6 nativo 15.456
4 7 nativo 15.482
4 8 nativo 15.475
4 9 nativo 15.471
4 10 nativo 15.427
4 11 nativo 15.482
4 12 nativo 15.487
4 13 nativo 15.459
4 14 nativo 15.527
4 15 nativo 15.490
4 16 nativo 15.498
4 17 nativo 15.503
4 18 nativo 15.483
4 19 nativo 15.448
4 20 nativo 15.435
4 21 nativo 15.483
4 22 nativo 15.492
4 23 nativo 15.579
4 24 nativo 15.448
4 25 nativo 15.507
4 26 nativo 15.487
4 27 nativo 15.615
4 28 nativo 15.484
4 29 nativo 15.511
4 30 nativo 15.440
8 1 nativo 8.632
8 2 nativo 8.641
8 3 nativo 8.649
8 4 nativo 8.650
8 5 nativo 8.656
8 6 nativo 8.643
8 7 nativo 8.643
8 8 nativo 8.598
8 9 nativo 8.647
8 10 nativo 8.656
8 11 nativo 8.651
8 12 nativo 8.655
8 13 nativo 8.647
8 14 nativo 8.647
8 15 nativo 8.666
8 16 nativo 8.641
8 17 nativo 8.623
8 18 nativo 8.720
8 19 nativo 8.647
8 20 nativo 8.649
8 21 nativo 8.648
8 22 nativo 8.663
8 23 nativo 8.658
8 24 nativo 8.645
8 25 nativo 8.645
8 26 nativo 8.644
8 27 nativo 8.668
8 28 nativo 8.649
8 29 nativo 8.667
8 30 nativo 8.659
10 1 nativo 7.226
10 2 nativo 7.235
10 3 nativo 7.195
10 4 nativo 7.210
10 5 nativo 7.198
10 6 nativo 7.173
10 7 nativo 7.203
10 8 nativo 7.182
10 9 nativo 7.217
10 10 nativo 7.215
10 11 nativo 7.218
10 12 nativo 7.185
10 13 nativo 7.211
10 14 nativo 7.209
10 15 nativo 7.200
10 16 nativo 7.180
10 17 nativo 7.218
10 18 nativo 7.220
10 19 nativo 7.200
10 20 nativo 7.193
10 21 nativo 7.239
10 22 nativo 7.172
10 23 nativo 7.203
10 24 nativo 7.172
10 25 nativo 7.194
10 26 nativo 7.205
10 27 nativo 7.215
10 28 nativo 7.229
10 29 nativo 7.216
10 30 nativo 7.221
16 1 nativo 4.990
16 2 nativo 4.991
16 3 nativo 4.971
16 4 nativo 5.007
16 5 nativo 4.975
16 6 nativo 4.977
16 7 nativo 4.948
16 8 nativo 5.310
16 9 nativo 4.966
16 10 nativo 5.032
16 11 nativo 4.989
16 12 nativo 4.984
16 13 nativo 4.984
16 14 nativo 5.006
16 15 nativo 4.984
16 16 nativo 4.968
16 17 nativo 5.014
16 18 nativo 5.002
16 19 nativo 4.956
16 20 nativo 4.978
16 21 nativo 4.967
16 22 nativo 4.974
16 23 nativo 4.969
16 24 nativo 4.995
16 25 nativo 4.986
16 26 nativo 4.982
16 27 nativo 4.989
16 28 nativo 4.978
16 29 nativo 4.977
16 30 nativo 4.990
20 1 nativo 4.346
20 2 nativo 4.322
20 3 nativo 4.314
20 4 nativo 4.355
20 5 nativo 4.307
20 6 nativo 4.346
20 7 nativo 4.331
20 8 nativo 4.296
20 9 nativo 4.325
20 10 nativo 4.317
20 11 nativo 4.269
20 12 nativo 4.322
20 13 nativo 4.320
20 14 nativo 4.350
20 15 nativo 4.306
20 16 nativo 4.354
20 17 nativo 4.328
20 18 nativo 4.334
20 19 nativo 4.313
20 20 nativo 4.386
20 21 nativo 4.337
20 22 nativo 4.350
20 23 nativo 4.271
20 24 nativo 4.318
20 25 nativo 4.325
20 26 nativo 4.335
20 27 nativo 4.314
20 28 nativo 4.374
20 29 nativo 4.838
20 30 nativo 4.372
1 1 xen 55.536
1 2 xen 54.476
1 3 xen 54.138
1 4 xen 54.382
1 5 xen 54.251
1 6 xen 54.427
1 7 xen 54.495
1 8 xen 55.552
1 9 xen 54.332
1 10 xen 54.273
1 11 xen 54.547
1 12 xen 54.370
1 13 xen 54.946
1 14 xen 54.210
1 15 xen 54.650
1 16 xen 54.267
1 17 xen 54.368
1 18 xen 54.277
1 19 xen 54.357
1 20 xen 54.483
1 21 xen 54.429
1 22 xen 54.309
1 23 xen 54.371
1 24 xen 54.891
1 25 xen 54.401
1 26 xen 54.438
1 27 xen 54.546
1 28 xen 54.444
1 29 xen 54.308
1 30 xen 54.998
2 1 xen 31.983
2 2 xen 30.119
2 3 xen 30.103
2 4 xen 30.200
2 5 xen 30.032
2 6 xen 30.258
2 7 xen 30.282
2 8 xen 30.003
2 9 xen 30.330
2 10 xen 30.200
2 11 xen 29.996
2 12 xen 30.042
2 13 xen 30.055
2 14 xen 29.976
2 15 xen 30.032
2 16 xen 30.036
2 17 xen 30.024
2 18 xen 30.062
2 19 xen 30.020
2 20 xen 30.116
2 21 xen 30.132
2 22 xen 30.059
2 23 xen 29.992
2 24 xen 29.880
2 25 xen 29.935
2 26 xen 30.159
2 27 xen 29.945
2 28 xen 29.955
2 29 xen 29.973
2 30 xen 30.016
4 1 xen 16.453
4 2 xen 16.857
4 3 xen 16.422
4 4 xen 16.793
4 5 xen 16.458
4 6 xen 16.426
4 7 xen 16.764
4 8 xen 16.891
4 9 xen 16.533
4 10 xen 16.803
4 11 xen 16.574
4 12 xen 16.443
4 13 xen 16.756
4 14 xen 16.789
4 15 xen 16.520
4 16 xen 16.464
4 17 xen 16.448
4 18 xen 16.438
4 19 xen 16.878
4 20 xen 16.471
4 21 xen 16.988
4 22 xen 16.499
4 23 xen 16.536
4 24 xen 16.486
4 25 xen 16.806
4 26 xen 16.572
4 27 xen 16.798
4 28 xen 16.439
4 29 xen 16.995
4 30 xen 16.953
8 1 xen 11.727
8 2 xen 8.912
8 3 xen 11.790
8 4 xen 8.998
8 5 xen 8.946
8 6 xen 8.722
8 7 xen 9.031
8 8 xen 8.759
8 9 xen 8.749
8 10 xen 8.865
8 11 xen 8.998
8 12 xen 8.908
8 13 xen 8.786
8 14 xen 8.715
8 15 xen 10.118
8 16 xen 12.246
8 17 xen 8.730
8 18 xen 8.764
8 19 xen 12.459
8 20 xen 9.184
8 21 xen 8.905
8 22 xen 11.910
8 23 xen 9.022
8 24 xen 8.905
8 25 xen 8.909
8 26 xen 8.915
8 27 xen 8.866
8 28 xen 8.989
8 29 xen 8.867
8 30 xen 9.883
10 1 xen 9.189
10 2 xen 9.140
10 3 xen 11.591
10 4 xen 7.768
10 5 xen 10.222
10 6 xen 9.554
10 7 xen 9.166
10 8 xen 9.109
10 9 xen 9.190
10 10 xen 9.132
10 11 xen 9.090
10 12 xen 9.176
10 13 xen 9.125
10 14 xen 9.019
10 15 xen 9.031
10 16 xen 9.075
10 17 xen 9.632
10 18 xen 9.139
10 19 xen 8.459
10 20 xen 9.048
10 21 xen 9.026
10 22 xen 9.429
10 23 xen 9.159
10 24 xen 9.150
10 25 xen 9.846
10 26 xen 9.202
10 27 xen 9.101
10 28 xen 9.184
10 29 xen 9.627
10 30 xen 9.037
16 1 xen 6.954
16 2 xen 7.016
16 3 xen 7.830
16 4 xen 7.294
16 5 xen 6.895
16 6 xen 7.198
16 7 xen 7.195
16 8 xen 8.318
16 9 xen 7.573
16 10 xen 7.111
16 11 xen 6.681
16 12 xen 7.792
16 13 xen 6.611
16 14 xen 8.403
16 15 xen 6.796
16 16 xen 6.775
16 17 xen 7.605
16 18 xen 8.668
16 19 xen 6.683
16 20 xen 8.547
16 21 xen 9.116
16 22 xen 6.955
16 23 xen 7.080
16 24 xen 6.875
16 25 xen 8.023
16 26 xen 7.119
16 27 xen 7.061
16 28 xen 7.000
16 29 xen 6.630
16 30 xen 7.029
20 1 xen 6.735
20 2 xen 7.771
20 3 xen 7.911
20 4 xen 5.915
20 5 xen 6.785
20 6 xen 7.304
20 7 xen 7.194
20 8 xen 5.995
20 9 xen 7.008
20 10 xen 7.428
20 11 xen 7.233
20 12 xen 10.018
20 13 xen 7.262
20 14 xen 8.501
20 15 xen 7.677
20 16 xen 6.619
20 17 xen 7.316
20 18 xen 6.616
20 19 xen 6.261
20 20 xen 7.972
20 21 xen 10.202
20 22 xen 8.373
20 23 xen 8.020
20 24 xen 7.067
20 25 xen 7.848
20 26 xen 6.200
20 27 xen 9.025
20 28 xen 9.771
20 29 xen 6.384
20 30 xen 9.687
