CPUs Experimento Ambiente Tempo
1 1 kvm 55.992
1 2 kvm 55.780
1 3 kvm 55.587
1 4 kvm 55.733
1 5 kvm 56.006
1 6 kvm 55.768
1 7 kvm 55.695
1 8 kvm 55.848
1 9 kvm 55.862
1 10 kvm 55.726
1 11 kvm 55.748
1 12 kvm 55.683
1 13 kvm 55.880
1 14 kvm 55.703
1 15 kvm 55.885
1 16 kvm 55.819
1 17 kvm 55.751
1 18 kvm 55.737
1 19 kvm 55.932
1 20 kvm 55.771
1 21 kvm 55.759
1 22 kvm 55.724
1 23 kvm 55.927
1 24 kvm 55.780
1 25 kvm 55.835
1 26 kvm 55.779
1 27 kvm 55.823
1 28 kvm 55.819
1 29 kvm 55.818
1 30 kvm 56.754
2 1 kvm 30.427
2 2 kvm 29.839
2 3 kvm 29.872
2 4 kvm 29.909
2 5 kvm 29.843
2 6 kvm 29.861
2 7 kvm 29.880
2 8 kvm 29.896
2 9 kvm 29.775
2 10 kvm 29.856
2 11 kvm 29.800
2 12 kvm 29.820
2 13 kvm 29.816
2 14 kvm 29.844
2 15 kvm 29.805
2 16 kvm 30.115
2 17 kvm 29.824
2 18 kvm 29.864
2 19 kvm 29.843
2 20 kvm 29.783
2 21 kvm 29.777
2 22 kvm 30.035
2 23 kvm 29.973
2 24 kvm 29.777
2 25 kvm 29.848
2 26 kvm 29.781
2 27 kvm 29.855
2 28 kvm 29.784
2 29 kvm 30.182
2 30 kvm 29.802
4 1 kvm 15.793
4 2 kvm 15.887
4 3 kvm 15.804
4 4 kvm 15.810
4 5 kvm 15.849
4 6 kvm 15.781
4 7 kvm 15.832
4 8 kvm 15.785
4 9 kvm 15.809
4 10 kvm 15.754
4 11 kvm 15.844
4 12 kvm 15.791
4 13 kvm 15.755
4 14 kvm 15.760
4 15 kvm 15.797
4 16 kvm 15.756
4 17 kvm 15.832
4 18 kvm 15.796
4 19 kvm 15.763
4 20 kvm 15.744
4 21 kvm 15.776
4 22 kvm 15.949
4 23 kvm 15.827
4 24 kvm 15.811
4 25 kvm 15.767
4 26 kvm 15.761
4 27 kvm 15.860
4 28 kvm 15.840
4 29 kvm 15.852
4 30 kvm 15.793
8 1 kvm 8.988
8 2 kvm 8.794
8 3 kvm 8.862
8 4 kvm 8.972
8 5 kvm 8.809
8 6 kvm 8.879
8 7 kvm 8.944
8 8 kvm 9.010
8 9 kvm 9.030
8 10 kvm 8.998
8 11 kvm 8.963
8 12 kvm 8.886
8 13 kvm 8.793
8 14 kvm 8.783
8 15 kvm 8.961
8 16 kvm 8.993
8 17 kvm 9.031
8 18 kvm 8.921
8 19 kvm 8.966
8 20 kvm 8.966
8 21 kvm 8.870
8 22 kvm 8.994
8 23 kvm 8.951
8 24 kvm 8.968
8 25 kvm 8.917
8 26 kvm 8.979
8 27 kvm 8.872
8 28 kvm 8.976
8 29 kvm 9.008
8 30 kvm 8.991
10 1 kvm 7.667
10 2 kvm 7.670
10 3 kvm 7.527
10 4 kvm 7.601
10 5 kvm 7.604
10 6 kvm 7.631
10 7 kvm 7.534
10 8 kvm 7.455
10 9 kvm 7.626
10 10 kvm 7.515
10 11 kvm 7.643
10 12 kvm 7.603
10 13 kvm 7.485
10 14 kvm 7.807
10 15 kvm 7.494
10 16 kvm 7.583
10 17 kvm 7.593
10 18 kvm 7.621
10 19 kvm 7.623
10 20 kvm 7.607
10 21 kvm 7.774
10 22 kvm 7.587
10 23 kvm 7.642
10 24 kvm 7.608
10 25 kvm 7.655
10 26 kvm 7.623
10 27 kvm 7.582
10 28 kvm 7.657
10 29 kvm 7.642
10 30 kvm 7.656
16 1 kvm 5.517
16 2 kvm 5.506
16 3 kvm 5.555
16 4 kvm 5.557
16 5 kvm 5.612
16 6 kvm 5.455
16 7 kvm 5.465
16 8 kvm 5.535
16 9 kvm 5.476
16 10 kvm 5.640
16 11 kvm 5.511
16 12 kvm 5.421
16 13 kvm 5.494
16 14 kvm 5.501
16 15 kvm 5.497
16 16 kvm 5.554
16 17 kvm 5.585
16 18 kvm 5.588
16 19 kvm 5.567
16 20 kvm 5.477
16 21 kvm 5.534
16 22 kvm 5.516
16 23 kvm 5.480
16 24 kvm 5.563
16 25 kvm 5.547
16 26 kvm 5.485
16 27 kvm 5.589
16 28 kvm 5.441
16 29 kvm 5.620
16 30 kvm 5.489
20 1 kvm 5.076
20 2 kvm 5.020
20 3 kvm 4.945
20 4 kvm 5.078
20 5 kvm 4.937
20 6 kvm 4.877
20 7 kvm 5.101
20 8 kvm 4.983
20 9 kvm 4.902
20 10 kvm 5.145
20 11 kvm 5.096
20 12 kvm 5.042
20 13 kvm 5.272
20 14 kvm 5.165
20 15 kvm 5.072
20 16 kvm 5.168
20 17 kvm 5.012
20 18 kvm 4.967
20 19 kvm 5.061
20 20 kvm 4.974
20 21 kvm 4.910
20 22 kvm 4.903
20 23 kvm 4.943
20 24 kvm 4.999
20 25 kvm 4.992
20 26 kvm 5.009
20 27 kvm 4.876
20 28 kvm 4.958
20 29 kvm 5.044
20 30 kvm 4.932
32 1 kvm 6.678
32 2 kvm 6.397
32 3 kvm 6.489
32 4 kvm 6.370
32 5 kvm 6.306
32 6 kvm 6.486
32 7 kvm 6.202
32 8 kvm 6.165
32 9 kvm 6.170
32 10 kvm 6.813
32 11 kvm 6.343
32 12 kvm 6.132
32 13 kvm 6.262
32 14 kvm 6.178
32 15 kvm 6.046
32 16 kvm 6.255
32 17 kvm 6.405
32 18 kvm 5.951
32 19 kvm 6.291
32 20 kvm 6.149
32 21 kvm 6.082
32 22 kvm 6.231
32 23 kvm 6.186
32 24 kvm 6.088
32 25 kvm 6.324
32 26 kvm 6.140
32 27 kvm 6.339
32 28 kvm 6.147
32 29 kvm 6.371
32 30 kvm 6.182
40 1 kvm 5.755
40 2 kvm 5.966
40 3 kvm 5.478
40 4 kvm 6.178
40 5 kvm 5.537
40 6 kvm 5.555
40 7 kvm 5.409
40 8 kvm 5.450
40 9 kvm 5.416
40 10 kvm 5.503
40 11 kvm 6.125
40 12 kvm 5.357
40 13 kvm 5.425
40 14 kvm 5.487
40 15 kvm 5.370
40 16 kvm 5.492
40 17 kvm 5.407
40 18 kvm 5.268
40 19 kvm 5.365
40 20 kvm 5.321
40 21 kvm 5.540
40 22 kvm 5.382
40 23 kvm 5.427
40 24 kvm 5.488
40 25 kvm 5.321
40 26 kvm 5.337
40 27 kvm 5.756
40 28 kvm 5.497
40 29 kvm 5.427
40 30 kvm 5.460
1 1 nativo 56.260
1 2 nativo 56.195
1 3 nativo 56.233
1 4 nativo 56.186
1 5 nativo 56.277
1 6 nativo 56.142
1 7 nativo 56.166
1 8 nativo 56.094
1 9 nativo 56.235
1 10 nativo 56.209
1 11 nativo 56.233
1 12 nativo 56.203
1 13 nativo 56.047
1 14 nativo 56.192
1 15 nativo 56.354
1 16 nativo 56.115
1 17 nativo 56.204
1 18 nativo 56.162
1 19 nativo 56.208
1 20 nativo 56.438
1 21 nativo 56.321
1 22 nativo 56.214
1 23 nativo 56.181
1 24 nativo 56.169
1 25 nativo 56.240
1 26 nativo 56.264
1 27 nativo 56.480
1 28 nativo 56.218
1 29 nativo 56.116
1 30 nativo 56.162
2 1 nativo 30.261
2 2 nativo 30.318
2 3 nativo 30.267
2 4 nativo 30.198
2 5 nativo 30.258
2 6 nativo 30.163
2 7 nativo 30.362
2 8 nativo 30.191
2 9 nativo 30.179
2 10 nativo 30.186
2 11 nativo 30.306
2 12 nativo 30.142
2 13 nativo 30.227
2 14 nativo 30.231
2 15 nativo 30.186
2 16 nativo 30.203
2 17 nativo 30.202
2 18 nativo 30.190
2 19 nativo 30.178
2 20 nativo 30.247
2 21 nativo 30.247
2 22 nativo 30.170
2 23 nativo 30.214
2 24 nativo 30.337
2 25 nativo 30.259
2 26 nativo 30.274
2 27 nativo 30.202
2 28 nativo 30.202
2 29 nativo 30.190
2 30 nativo 30.215
4 1 nativo 15.539
4 2 nativo 15.571
4 3 nativo 15.507
4 4 nativo 15.534
4 5 nativo 15.531
4 6 nativo 15.574
4 7 nativo 15.514
4 8 nativo 15.646
4 9 nativo 15.554
4 10 nativo 15.550
4 11 nativo 15.575
4 12 nativo 15.526
4 13 nativo 15.542
4 14 nativo 15.610
4 15 nativo 15.501
4 16 nativo 15.558
4 17 nativo 15.499
4 18 nativo 15.518
4 19 nativo 15.514
4 20 nativo 15.543
4 21 nativo 15.630
4 22 nativo 15.507
4 23 nativo 15.506
4 24 nativo 15.563
4 25 nativo 15.514
4 26 nativo 15.558
4 27 nativo 15.622
4 28 nativo 15.543
4 29 nativo 15.507
4 30 nativo 15.618
8 1 nativo 9.162
8 2 nativo 8.732
8 3 nativo 8.734
8 4 nativo 8.747
8 5 nativo 8.747
8 6 nativo 8.718
8 7 nativo 8.687
8 8 nativo 8.734
8 9 nativo 8.730
8 10 nativo 8.693
8 11 nativo 8.751
8 12 nativo 8.734
8 13 nativo 8.731
8 14 nativo 8.751
8 15 nativo 8.782
8 16 nativo 8.691
8 17 nativo 8.766
8 18 nativo 8.733
8 19 nativo 8.756
8 20 nativo 8.746
8 21 nativo 8.770
8 22 nativo 8.739
8 23 nativo 8.750
8 24 nativo 8.757
8 25 nativo 8.777
8 26 nativo 8.745
8 27 nativo 8.740
8 28 nativo 8.761
8 29 nativo 8.704
8 30 nativo 8.739
10 1 nativo 7.281
10 2 nativo 7.290
10 3 nativo 7.275
10 4 nativo 7.295
10 5 nativo 7.258
10 6 nativo 7.294
10 7 nativo 7.315
10 8 nativo 7.286
10 9 nativo 7.270
10 10 nativo 7.276
10 11 nativo 7.269
10 12 nativo 7.291
10 13 nativo 7.308
10 14 nativo 7.315
10 15 nativo 7.237
10 16 nativo 7.274
10 17 nativo 7.262
10 18 nativo 7.279
10 19 nativo 7.499
10 20 nativo 7.277
10 21 nativo 7.273
10 22 nativo 7.302
10 23 nativo 7.266
10 24 nativo 7.299
10 25 nativo 7.292
10 26 nativo 7.305
10 27 nativo 7.321
10 28 nativo 7.282
10 29 nativo 7.241
10 30 nativo 7.294
16 1 nativo 5.005
16 2 nativo 5.026
16 3 nativo 5.008
16 4 nativo 5.025
16 5 nativo 5.027
16 6 nativo 5.000
16 7 nativo 5.313
16 8 nativo 4.992
16 9 nativo 5.029
16 10 nativo 5.007
16 11 nativo 5.035
16 12 nativo 5.036
16 13 nativo 5.033
16 14 nativo 5.020
16 15 nativo 5.068
16 16 nativo 4.982
16 17 nativo 5.034
16 18 nativo 5.013
16 19 nativo 4.992
16 20 nativo 5.037
16 21 nativo 4.999
16 22 nativo 5.023
16 23 nativo 5.022
16 24 nativo 5.067
16 25 nativo 5.002
16 26 nativo 4.999
16 27 nativo 5.027
16 28 nativo 5.023
16 29 nativo 5.033
16 30 nativo 4.995
20 1 nativo 4.319
20 2 nativo 4.418
20 3 nativo 4.363
20 4 nativo 4.374
20 5 nativo 4.399
20 6 nativo 4.382
20 7 nativo 4.338
20 8 nativo 4.397
20 9 nativo 4.360
20 10 nativo 4.456
20 11 nativo 4.320
20 12 nativo 4.329
20 13 nativo 4.495
20 14 nativo 4.353
20 15 nativo 4.323
20 16 nativo 4.318
20 17 nativo 4.364
20 18 nativo 4.293
20 19 nativo 4.413
20 20 nativo 4.312
20 21 nativo 4.346
20 22 nativo 4.474
20 23 nativo 4.506
20 24 nativo 4.297
20 25 nativo 4.392
20 26 nativo 4.422
20 27 nativo 4.310
20 28 nativo 4.326
20 29 nativo 4.411
20 30 nativo 4.398
32 1 nativo 6.281
32 2 nativo 5.599
32 3 nativo 5.716
32 4 nativo 5.800
32 5 nativo 5.510
32 6 nativo 5.335
32 7 nativo 5.511
32 8 nativo 5.551
32 9 nativo 5.576
32 10 nativo 5.423
32 11 nativo 5.528
32 12 nativo 5.460
32 13 nativo 5.209
32 14 nativo 5.461
32 15 nativo 5.581
32 16 nativo 5.495
32 17 nativo 5.429
32 18 nativo 5.306
32 19 nativo 5.568
32 20 nativo 5.355
32 21 nativo 5.555
32 22 nativo 5.589
32 23 nativo 5.490
32 24 nativo 5.513
32 25 nativo 5.519
32 26 nativo 5.592
32 27 nativo 5.534
32 28 nativo 5.314
32 29 nativo 5.634
32 30 nativo 5.338
40 1 nativo 4.727
40 2 nativo 4.589
40 3 nativo 4.641
40 4 nativo 4.582
40 5 nativo 4.455
40 6 nativo 4.675
40 7 nativo 4.637
40 8 nativo 6.533
40 9 nativo 4.736
40 10 nativo 4.860
40 11 nativo 4.525
40 12 nativo 4.353
40 13 nativo 4.562
40 14 nativo 5.141
40 15 nativo 4.567
40 16 nativo 4.781
40 17 nativo 4.450
40 18 nativo 4.654
40 19 nativo 4.517
40 20 nativo 4.567
40 21 nativo 4.576
40 22 nativo 4.545
40 23 nativo 4.613
40 24 nativo 4.841
40 25 nativo 4.569
40 26 nativo 4.577
40 27 nativo 4.718
40 28 nativo 4.503
40 29 nativo 4.462
40 30 nativo 4.601
1 1 xen 54.652
1 2 xen 54.528
1 3 xen 54.403
1 4 xen 54.619
1 5 xen 54.700
1 6 xen 54.365
1 7 xen 54.379
1 8 xen 54.252
1 9 xen 54.048
1 10 xen 54.194
1 11 xen 54.292
1 12 xen 54.269
1 13 xen 54.398
1 14 xen 54.335
1 15 xen 54.296
1 16 xen 54.282
1 17 xen 54.437
1 18 xen 54.385
1 19 xen 54.455
1 20 xen 55.178
1 21 xen 55.038
1 22 xen 54.629
1 23 xen 54.822
1 24 xen 54.772
1 25 xen 54.738
1 26 xen 54.561
1 27 xen 54.826
1 28 xen 54.737
1 29 xen 54.947
1 30 xen 55.096
2 1 xen 31.866
2 2 xen 31.695
2 3 xen 31.817
2 4 xen 31.614
2 5 xen 31.685
2 6 xen 31.587
2 7 xen 31.621
2 8 xen 31.807
2 9 xen 31.824
2 10 xen 31.721
2 11 xen 31.773
2 12 xen 31.919
2 13 xen 31.991
2 14 xen 31.775
2 15 xen 31.625
2 16 xen 31.616
2 17 xen 31.654
2 18 xen 31.730
2 19 xen 31.741
2 20 xen 31.808
2 21 xen 31.795
2 22 xen 31.828
2 23 xen 31.962
2 24 xen 30.072
2 25 xen 30.056
2 26 xen 30.207
2 27 xen 30.000
2 28 xen 30.028
2 29 xen 30.076
2 30 xen 30.140
4 1 xen 17.028
4 2 xen 16.580
4 3 xen 16.546
4 4 xen 16.930
4 5 xen 16.583
4 6 xen 16.761
4 7 xen 16.747
4 8 xen 19.333
4 9 xen 16.599
4 10 xen 16.595
4 11 xen 16.966
4 12 xen 16.542
4 13 xen 16.947
4 14 xen 16.484
4 15 xen 18.449
4 16 xen 16.600
4 17 xen 16.964
4 18 xen 16.457
4 19 xen 16.895
4 20 xen 16.837
4 21 xen 16.884
4 22 xen 17.003
4 23 xen 17.039
4 24 xen 16.548
4 25 xen 16.841
4 26 xen 16.556
4 27 xen 17.956
4 28 xen 16.574
4 29 xen 16.797
4 30 xen 16.732
8 1 xen 87.702
8 2 xen 82.589
8 3 xen 82.441
8 4 xen 91.951
8 5 xen 8.863
8 6 xen 11.776
8 7 xen 10.352
8 8 xen 8.849
8 9 xen 8.734
8 10 xen 9.004
8 11 xen 8.881
8 12 xen 8.730
8 13 xen 8.835
8 14 xen 9.060
8 15 xen 8.836
8 16 xen 8.908
8 17 xen 8.995
8 18 xen 8.970
8 19 xen 9.056
8 20 xen 8.742
8 21 xen 8.751
8 22 xen 8.780
8 23 xen 8.850
8 24 xen 8.749
8 25 xen 8.747
8 26 xen 8.970
8 27 xen 8.968
8 28 xen 11.700
8 29 xen 9.033
8 30 xen 8.787
10 1 xen 9.072
10 2 xen 9.144
10 3 xen 9.111
10 4 xen 9.071
10 5 xen 9.078
10 6 xen 9.060
10 7 xen 9.168
10 8 xen 9.120
10 9 xen 9.100
10 10 xen 8.458
10 11 xen 9.081
10 12 xen 9.012
10 13 xen 8.924
10 14 xen 9.178
10 15 xen 8.594
10 16 xen 9.709
10 17 xen 9.344
10 18 xen 9.757
10 19 xen 9.802
10 20 xen 8.424
10 21 xen 9.087
10 22 xen 9.162
10 23 xen 9.139
10 24 xen 8.539
10 25 xen 8.356
10 26 xen 9.184
10 27 xen 9.073
10 28 xen 9.751
10 29 xen 9.069
10 30 xen 9.096
16 1 xen 7.471
16 2 xen 7.221
16 3 xen 7.143
16 4 xen 7.004
16 5 xen 6.987
16 6 xen 6.912
16 7 xen 7.319
16 8 xen 6.985
16 9 xen 6.651
16 10 xen 7.643
16 11 xen 6.980
16 12 xen 8.462
16 13 xen 7.437
16 14 xen 7.500
16 15 xen 7.415
16 16 xen 6.612
16 17 xen 6.624
16 18 xen 7.446
16 19 xen 8.073
16 20 xen 6.652
16 21 xen 7.307
16 22 xen 6.552
16 23 xen 6.829
16 24 xen 6.583
16 25 xen 6.584
16 26 xen 8.172
16 27 xen 8.367
16 28 xen 7.138
16 29 xen 8.674
16 30 xen 6.905
20 1 xen 7.865
20 2 xen 7.884
20 3 xen 6.938
20 4 xen 5.986
20 5 xen 9.410
20 6 xen 6.834
20 7 xen 8.825
20 8 xen 8.299
20 9 xen 6.192
20 10 xen 8.246
20 11 xen 7.400
20 12 xen 6.686
20 13 xen 8.178
20 14 xen 7.335
20 15 xen 6.800
20 16 xen 9.681
20 17 xen 8.999
20 18 xen 6.812
20 19 xen 7.626
20 20 xen 9.052
20 21 xen 7.462
20 22 xen 6.227
20 23 xen 8.841
20 24 xen 9.294
20 25 xen 6.503
20 26 xen 8.605
20 27 xen 8.436
20 28 xen 6.356
20 29 xen 6.018
20 30 xen 8.100
32 1 xen 7.725
32 2 xen 8.208
32 3 xen 7.206
32 4 xen 9.362
32 5 xen 6.907
32 6 xen 7.605
32 7 xen 8.894
32 8 xen 7.098
32 9 xen 8.431
32 10 xen 8.055
32 11 xen 7.754
32 12 xen 8.359
32 13 xen 8.925
32 14 xen 6.653
32 15 xen 7.813
32 16 xen 7.998
32 17 xen 12.964
32 18 xen 7.048
32 19 xen 8.003
32 20 xen 8.773
32 21 xen 7.842
32 22 xen 8.063
32 23 xen 7.774
32 24 xen 7.544
32 25 xen 6.418
32 26 xen 9.687
32 27 xen 11.904
32 28 xen 6.724
32 29 xen 8.390
32 30 xen 10.076
40 1 xen 10.757
40 2 xen 9.573
40 3 xen 7.363
40 4 xen 12.003
40 5 xen 7.467
40 6 xen 11.335
40 7 xen 8.281
40 8 xen 13.973
40 9 xen 10.305
40 10 xen 8.397
40 11 xen 7.643
40 12 xen 7.689
40 13 xen 11.749
40 14 xen 11.323
40 15 xen 13.316
40 16 xen 11.369
40 17 xen 12.850
40 18 xen 11.190
40 19 xen 11.311
40 20 xen 11.335
40 21 xen 11.543
40 22 xen 13.175
40 23 xen 14.040
40 24 xen 7.787
40 25 xen 11.939
40 26 xen 10.600
40 27 xen 10.662
40 28 xen 13.785
40 29 xen 11.707
40 30 xen 12.296