CPUs Experimento Ambiente Tempo
1 1 kvm 377.691
1 2 kvm 379.564
1 3 kvm 375.078
1 4 kvm 375.001
1 5 kvm 374.793
1 6 kvm 375.004
1 7 kvm 375.251
1 8 kvm 374.997
1 9 kvm 375.053
1 10 kvm 374.646
1 11 kvm 374.864
1 12 kvm 374.796
1 13 kvm 374.635
1 14 kvm 374.503
1 15 kvm 375.147
1 16 kvm 374.598
1 17 kvm 374.699
1 18 kvm 374.564
1 19 kvm 374.963
1 20 kvm 374.581
1 21 kvm 374.914
1 22 kvm 374.725
1 23 kvm 375.263
1 24 kvm 375.848
1 25 kvm 374.638
1 26 kvm 374.879
1 27 kvm 382.004
1 28 kvm 374.532
1 29 kvm 375.326
1 30 kvm 374.777
2 1 kvm 191.309
2 2 kvm 191.483
2 3 kvm 191.782
2 4 kvm 190.865
2 5 kvm 191.370
2 6 kvm 190.530
2 7 kvm 190.850
2 8 kvm 190.950
2 9 kvm 191.270
2 10 kvm 190.995
2 11 kvm 191.612
2 12 kvm 190.074
2 13 kvm 191.327
2 14 kvm 190.997
2 15 kvm 190.998
2 16 kvm 190.599
2 17 kvm 191.178
2 18 kvm 191.232
2 19 kvm 191.227
2 20 kvm 190.896
2 21 kvm 190.800
2 22 kvm 190.854
2 23 kvm 190.872
2 24 kvm 190.725
2 25 kvm 189.608
2 26 kvm 189.925
2 27 kvm 190.875
2 28 kvm 190.825
2 29 kvm 190.903
2 30 kvm 191.042
4 1 kvm 99.480
4 2 kvm 100.614
4 3 kvm 99.978
4 4 kvm 99.293
4 5 kvm 99.262
4 6 kvm 99.369
4 7 kvm 99.715
4 8 kvm 98.769
4 9 kvm 98.977
4 10 kvm 99.215
4 11 kvm 99.784
4 12 kvm 99.654
4 13 kvm 99.263
4 14 kvm 99.376
4 15 kvm 99.495
4 16 kvm 100.090
4 17 kvm 99.645
4 18 kvm 99.729
4 19 kvm 99.224
4 20 kvm 99.927
4 21 kvm 99.287
4 22 kvm 99.395
4 23 kvm 99.365
4 24 kvm 99.960
4 25 kvm 99.392
4 26 kvm 99.809
4 27 kvm 99.683
4 28 kvm 99.733
4 29 kvm 98.672
4 30 kvm 99.818
8 1 kvm 54.229
8 2 kvm 54.204
8 3 kvm 53.864
8 4 kvm 53.678
8 5 kvm 53.559
8 6 kvm 53.616
8 7 kvm 53.522
8 8 kvm 53.900
8 9 kvm 53.725
8 10 kvm 53.700
8 11 kvm 53.881
8 12 kvm 54.068
8 13 kvm 54.312
8 14 kvm 54.170
8 15 kvm 53.853
8 16 kvm 54.172
8 17 kvm 53.783
8 18 kvm 53.618
8 19 kvm 53.961
8 20 kvm 53.901
8 21 kvm 53.675
8 22 kvm 54.034
8 23 kvm 53.722
8 24 kvm 54.191
8 25 kvm 54.052
8 26 kvm 53.835
8 27 kvm 54.220
8 28 kvm 54.106
8 29 kvm 53.527
8 30 kvm 54.024
10 1 kvm 44.948
10 2 kvm 44.842
10 3 kvm 44.599
10 4 kvm 44.908
10 5 kvm 44.729
10 6 kvm 45.375
10 7 kvm 44.932
10 8 kvm 44.993
10 9 kvm 44.923
10 10 kvm 44.854
10 11 kvm 45.000
10 12 kvm 45.218
10 13 kvm 45.093
10 14 kvm 45.175
10 15 kvm 44.696
10 16 kvm 44.708
10 17 kvm 45.079
10 18 kvm 44.991
10 19 kvm 44.709
10 20 kvm 45.111
10 21 kvm 45.142
10 22 kvm 44.950
10 23 kvm 44.984
10 24 kvm 44.601
10 25 kvm 45.045
10 26 kvm 45.168
10 27 kvm 44.869
10 28 kvm 45.007
10 29 kvm 44.870
10 30 kvm 45.198
16 1 kvm 32.024
16 2 kvm 33.391
16 3 kvm 32.552
16 4 kvm 33.660
16 5 kvm 32.917
16 6 kvm 32.258
16 7 kvm 32.206
16 8 kvm 32.707
16 9 kvm 32.581
16 10 kvm 32.838
16 11 kvm 32.180
16 12 kvm 33.873
16 13 kvm 32.288
16 14 kvm 32.864
16 15 kvm 31.970
16 16 kvm 32.099
16 17 kvm 33.818
16 18 kvm 32.377
16 19 kvm 33.548
16 20 kvm 33.564
16 21 kvm 32.639
16 22 kvm 31.484
16 23 kvm 31.832
16 24 kvm 32.314
16 25 kvm 32.496
16 26 kvm 32.278
16 27 kvm 32.926
16 28 kvm 32.484
16 29 kvm 32.949
16 30 kvm 32.249
20 1 kvm 27.341
20 2 kvm 27.409
20 3 kvm 27.396
20 4 kvm 27.386
20 5 kvm 27.274
20 6 kvm 27.468
20 7 kvm 27.457
20 8 kvm 27.327
20 9 kvm 27.509
20 10 kvm 27.394
20 11 kvm 28.117
20 12 kvm 27.432
20 13 kvm 27.281
20 14 kvm 27.648
20 15 kvm 27.751
20 16 kvm 27.469
20 17 kvm 27.323
20 18 kvm 27.307
20 19 kvm 27.276
20 20 kvm 27.137
20 21 kvm 27.421
20 22 kvm 27.351
20 23 kvm 27.459
20 24 kvm 27.342
20 25 kvm 27.128
20 26 kvm 27.139
20 27 kvm 27.672
20 28 kvm 27.506
20 29 kvm 27.119
20 30 kvm 27.226
32 1 kvm 56.114
32 2 kvm 55.732
32 3 kvm 59.325
32 4 kvm 57.228
32 5 kvm 57.220
32 6 kvm 57.731
32 7 kvm 57.495
32 8 kvm 57.220
32 9 kvm 56.975
32 10 kvm 56.633
32 11 kvm 57.457
32 12 kvm 58.004
32 13 kvm 55.525
32 14 kvm 57.102
32 15 kvm 56.531
32 16 kvm 57.978
32 17 kvm 58.528
32 18 kvm 57.425
32 19 kvm 57.739
32 20 kvm 56.809
32 21 kvm 57.406
32 22 kvm 57.268
32 23 kvm 56.821
32 24 kvm 57.694
32 25 kvm 57.792
32 26 kvm 56.276
32 27 kvm 57.226
32 28 kvm 58.229
32 29 kvm 56.148
32 30 kvm 56.781
40 1 kvm 68.850
40 2 kvm 66.681
40 3 kvm 66.102
40 4 kvm 68.358
40 5 kvm 66.408
40 6 kvm 67.900
40 7 kvm 68.907
40 8 kvm 66.581
40 9 kvm 66.783
40 10 kvm 68.035
40 11 kvm 66.997
40 12 kvm 69.175
40 13 kvm 65.893
40 14 kvm 68.469
40 15 kvm 66.379
40 16 kvm 68.104
40 17 kvm 67.080
40 18 kvm 68.596
40 19 kvm 67.383
40 20 kvm 67.869
40 21 kvm 68.024
40 22 kvm 67.299
40 23 kvm 67.386
40 24 kvm 66.175
40 25 kvm 67.809
40 26 kvm 67.206
40 27 kvm 66.241
40 28 kvm 65.985
40 29 kvm 67.079
40 30 kvm 69.291
1 1 nativo 372.926
1 2 nativo 373.242
1 3 nativo 373.178
1 4 nativo 372.999
1 5 nativo 374.786
1 6 nativo 372.941
1 7 nativo 375.421
1 8 nativo 373.152
1 9 nativo 373.231
1 10 nativo 373.405
1 11 nativo 373.519
1 12 nativo 373.264
1 13 nativo 373.070
1 14 nativo 373.902
1 15 nativo 373.698
1 16 nativo 373.204
1 17 nativo 372.970
1 18 nativo 373.230
1 19 nativo 374.887
1 20 nativo 373.289
1 21 nativo 373.135
1 22 nativo 373.258
1 23 nativo 374.351
1 24 nativo 374.699
1 25 nativo 373.550
1 26 nativo 373.407
1 27 nativo 373.277
1 28 nativo 373.077
1 29 nativo 373.309
1 30 nativo 373.271
2 1 nativo 190.876
2 2 nativo 190.880
2 3 nativo 190.728
2 4 nativo 190.831
2 5 nativo 190.674
2 6 nativo 190.750
2 7 nativo 191.170
2 8 nativo 190.843
2 9 nativo 190.953
2 10 nativo 191.500
2 11 nativo 191.036
2 12 nativo 190.832
2 13 nativo 190.864
2 14 nativo 190.946
2 15 nativo 190.966
2 16 nativo 190.803
2 17 nativo 190.935
2 18 nativo 191.084
2 19 nativo 190.784
2 20 nativo 190.505
2 21 nativo 191.023
2 22 nativo 190.775
2 23 nativo 190.698
2 24 nativo 190.976
2 25 nativo 190.897
2 26 nativo 190.936
2 27 nativo 190.779
2 28 nativo 190.914
2 29 nativo 190.649
2 30 nativo 190.915
4 1 nativo 98.480
4 2 nativo 98.518
4 3 nativo 99.134
4 4 nativo 98.511
4 5 nativo 98.481
4 6 nativo 98.516
4 7 nativo 98.447
4 8 nativo 98.353
4 9 nativo 98.479
4 10 nativo 98.421
4 11 nativo 98.454
4 12 nativo 98.464
4 13 nativo 98.699
4 14 nativo 98.667
4 15 nativo 98.452
4 16 nativo 98.412
4 17 nativo 98.373
4 18 nativo 98.462
4 19 nativo 98.388
4 20 nativo 98.465
4 21 nativo 98.458
4 22 nativo 98.571
4 23 nativo 98.512
4 24 nativo 98.344
4 25 nativo 98.473
4 26 nativo 98.630
4 27 nativo 98.633
4 28 nativo 98.893
4 29 nativo 98.653
4 30 nativo 98.365
8 1 nativo 52.937
8 2 nativo 52.918
8 3 nativo 52.862
8 4 nativo 52.842
8 5 nativo 52.816
8 6 nativo 52.851
8 7 nativo 52.788
8 8 nativo 52.897
8 9 nativo 52.737
8 10 nativo 52.814
8 11 nativo 52.866
8 12 nativo 53.170
8 13 nativo 52.839
8 14 nativo 52.780
8 15 nativo 52.857
8 16 nativo 53.116
8 17 nativo 52.941
8 18 nativo 52.858
8 19 nativo 52.783
8 20 nativo 52.830
8 21 nativo 52.805
8 22 nativo 52.752
8 23 nativo 52.995
8 24 nativo 52.818
8 25 nativo 52.738
8 26 nativo 52.809
8 27 nativo 52.831
8 28 nativo 53.035
8 29 nativo 52.882
8 30 nativo 52.821
10 1 nativo 43.953
10 2 nativo 43.894
10 3 nativo 43.814
10 4 nativo 43.753
10 5 nativo 43.701
10 6 nativo 43.809
10 7 nativo 43.842
10 8 nativo 43.813
10 9 nativo 43.804
10 10 nativo 43.813
10 11 nativo 43.814
10 12 nativo 43.796
10 13 nativo 43.891
10 14 nativo 43.843
10 15 nativo 43.724
10 16 nativo 43.800
10 17 nativo 43.854
10 18 nativo 43.758
10 19 nativo 43.834
10 20 nativo 44.182
10 21 nativo 43.936
10 22 nativo 43.743
10 23 nativo 43.813
10 24 nativo 43.847
10 25 nativo 43.825
10 26 nativo 43.907
10 27 nativo 44.053
10 28 nativo 43.868
10 29 nativo 43.865
10 30 nativo 43.734
16 1 nativo 30.540
16 2 nativo 30.580
16 3 nativo 30.539
16 4 nativo 30.718
16 5 nativo 30.508
16 6 nativo 30.428
16 7 nativo 30.674
16 8 nativo 30.564
16 9 nativo 30.590
16 10 nativo 30.616
16 11 nativo 30.549
16 12 nativo 30.626
16 13 nativo 30.654
16 14 nativo 30.633
16 15 nativo 30.596
16 16 nativo 30.751
16 17 nativo 30.577
16 18 nativo 30.507
16 19 nativo 30.452
16 20 nativo 30.552
16 21 nativo 30.477
16 22 nativo 30.590
16 23 nativo 30.596
16 24 nativo 30.671
16 25 nativo 30.531
16 26 nativo 30.521
16 27 nativo 30.532
16 28 nativo 30.627
16 29 nativo 30.542
16 30 nativo 30.816
20 1 nativo 26.437
20 2 nativo 26.884
20 3 nativo 26.435
20 4 nativo 26.542
20 5 nativo 26.791
20 6 nativo 26.476
20 7 nativo 26.657
20 8 nativo 26.910
20 9 nativo 26.692
20 10 nativo 26.803
20 11 nativo 26.550
20 12 nativo 26.492
20 13 nativo 26.545
20 14 nativo 26.540
20 15 nativo 26.779
20 16 nativo 26.355
20 17 nativo 26.463
20 18 nativo 26.842
20 19 nativo 26.741
20 20 nativo 26.382
20 21 nativo 26.754
20 22 nativo 26.685
20 23 nativo 26.751
20 24 nativo 26.418
20 25 nativo 26.433
20 26 nativo 26.804
20 27 nativo 26.404
20 28 nativo 26.472
20 29 nativo 26.442
20 30 nativo 26.465
32 1 nativo 27.754
32 2 nativo 27.729
32 3 nativo 27.999
32 4 nativo 28.237
32 5 nativo 27.769
32 6 nativo 27.764
32 7 nativo 27.778
32 8 nativo 27.692
32 9 nativo 27.925
32 10 nativo 27.950
32 11 nativo 27.862
32 12 nativo 27.814
32 13 nativo 27.827
32 14 nativo 27.557
32 15 nativo 27.621
32 16 nativo 27.757
32 17 nativo 27.699
32 18 nativo 27.786
32 19 nativo 27.825
32 20 nativo 27.875
32 21 nativo 27.643
32 22 nativo 27.807
32 23 nativo 27.776
32 24 nativo 28.217
32 25 nativo 27.705
32 26 nativo 27.670
32 27 nativo 27.659
32 28 nativo 27.889
32 29 nativo 27.942
32 30 nativo 27.942
40 1 nativo 28.827
40 2 nativo 29.179
40 3 nativo 28.888
40 4 nativo 29.238
40 5 nativo 28.962
40 6 nativo 29.080
40 7 nativo 28.863
40 8 nativo 28.840
40 9 nativo 28.922
40 10 nativo 28.836
40 11 nativo 29.248
40 12 nativo 28.821
40 13 nativo 29.011
40 14 nativo 29.320
40 15 nativo 28.917
40 16 nativo 28.815
40 17 nativo 28.952
40 18 nativo 28.997
40 19 nativo 29.307
40 20 nativo 28.820
40 21 nativo 29.064
40 22 nativo 28.904
40 23 nativo 28.849
40 24 nativo 29.208
40 25 nativo 28.787
40 26 nativo 28.803
40 27 nativo 29.035
40 28 nativo 29.131
40 29 nativo 28.970
40 30 nativo 28.983
1 1 xen 350.833
1 2 xen 346.788
1 3 xen 346.159
1 4 xen 347.410
1 5 xen 348.453
1 6 xen 349.384
1 7 xen 352.084
1 8 xen 350.701
1 9 xen 351.693
1 10 xen 351.422
1 11 xen 351.663
1 12 xen 351.432
1 13 xen 348.991
1 14 xen 347.097
1 15 xen 347.517
1 16 xen 346.684
1 17 xen 347.419
1 18 xen 347.059
1 19 xen 346.641
1 20 xen 347.025
1 21 xen 346.951
1 22 xen 348.288
1 23 xen 347.715
1 24 xen 347.738
1 25 xen 347.486
1 26 xen 347.980
1 27 xen 348.536
1 28 xen 348.969
1 29 xen 349.137
1 30 xen 349.569
2 1 xen 176.009
2 2 xen 176.590
2 3 xen 176.283
2 4 xen 176.606
2 5 xen 176.522
2 6 xen 176.203
2 7 xen 176.445
2 8 xen 176.250
2 9 xen 177.453
2 10 xen 177.160
2 11 xen 177.016
2 12 xen 177.227
2 13 xen 177.101
2 14 xen 177.750
2 15 xen 177.288
2 16 xen 176.523
2 17 xen 176.344
2 18 xen 176.366
2 19 xen 177.012
2 20 xen 176.306
2 21 xen 176.387
2 22 xen 176.656
2 23 xen 176.341
2 24 xen 176.827
2 25 xen 176.596
2 26 xen 176.328
2 27 xen 176.421
2 28 xen 176.152
2 29 xen 176.305
2 30 xen 176.623
4 1 xen 97.302
4 2 xen 96.847
4 3 xen 96.885
4 4 xen 96.729
4 5 xen 96.753
4 6 xen 96.689
4 7 xen 97.309
4 8 xen 96.932
4 9 xen 96.720
4 10 xen 96.838
4 11 xen 96.851
4 12 xen 97.016
4 13 xen 96.837
4 14 xen 96.861
4 15 xen 97.047
4 16 xen 96.861
4 17 xen 97.052
4 18 xen 97.016
4 19 xen 96.883
4 20 xen 97.025
4 21 xen 97.170
4 22 xen 97.467
4 23 xen 96.908
4 24 xen 97.047
4 25 xen 97.172
4 26 xen 97.185
4 27 xen 97.121
4 28 xen 97.152
4 29 xen 97.378
4 30 xen 97.077
8 1 xen 58.285
8 2 xen 58.347
8 3 xen 58.153
8 4 xen 58.073
8 5 xen 58.453
8 6 xen 58.388
8 7 xen 58.305
8 8 xen 58.144
8 9 xen 58.505
8 10 xen 58.355
8 11 xen 58.439
8 12 xen 58.560
8 13 xen 58.638
8 14 xen 58.470
8 15 xen 59.117
8 16 xen 58.494
8 17 xen 58.366
8 18 xen 58.502
8 19 xen 58.311
8 20 xen 58.491
8 21 xen 58.159
8 22 xen 58.202
8 23 xen 59.758
8 24 xen 59.408
8 25 xen 59.419
8 26 xen 59.282
8 27 xen 59.253
8 28 xen 61.175
8 29 xen 61.208
8 30 xen 61.386
10 1 xen 50.870
10 2 xen 49.932
10 3 xen 49.788
10 4 xen 50.014
10 5 xen 49.715
10 6 xen 50.145
10 7 xen 50.088
10 8 xen 50.001
10 9 xen 50.459
10 10 xen 50.960
10 11 xen 50.158
10 12 xen 50.082
10 13 xen 50.728
10 14 xen 50.187
10 15 xen 50.915
10 16 xen 50.240
10 17 xen 50.952
10 18 xen 49.790
10 19 xen 49.796
10 20 xen 49.869
10 21 xen 51.177
10 22 xen 51.142
10 23 xen 53.098
10 24 xen 49.833
10 25 xen 49.900
10 26 xen 49.984
10 27 xen 49.867
10 28 xen 49.979
10 29 xen 50.144
10 30 xen 50.375
16 1 xen 37.581
16 2 xen 38.703
16 3 xen 37.970
16 4 xen 38.612
16 5 xen 39.864
16 6 xen 38.049
16 7 xen 37.753
16 8 xen 38.950
16 9 xen 39.178
16 10 xen 38.363
16 11 xen 37.706
16 12 xen 37.642
16 13 xen 38.117
16 14 xen 39.290
16 15 xen 38.400
16 16 xen 39.147
16 17 xen 38.973
16 18 xen 40.116
16 19 xen 38.363
16 20 xen 37.912
16 21 xen 38.684
16 22 xen 38.279
16 23 xen 39.374
16 24 xen 39.965
16 25 xen 37.817
16 26 xen 39.279
16 27 xen 38.556
16 28 xen 39.479
16 29 xen 38.294
16 30 xen 39.466
20 1 xen 37.085
20 2 xen 36.273
20 3 xen 36.206
20 4 xen 38.975
20 5 xen 34.898
20 6 xen 39.491
20 7 xen 38.343
20 8 xen 36.598
20 9 xen 35.526
20 10 xen 35.746
20 11 xen 37.898
20 12 xen 37.668
20 13 xen 36.022
20 14 xen 37.500
20 15 xen 36.695
20 16 xen 34.930
20 17 xen 35.829
20 18 xen 36.863
20 19 xen 37.567
20 20 xen 34.013
20 21 xen 34.430
20 22 xen 38.851
20 23 xen 36.783
20 24 xen 35.351
20 25 xen 38.540
20 26 xen 36.888
20 27 xen 36.074
20 28 xen 37.844
20 29 xen 36.728
20 30 xen 36.621
32 1 xen 36.401
32 2 xen 35.525
32 3 xen 35.468
32 4 xen 36.207
32 5 xen 36.677
32 6 xen 36.113
32 7 xen 35.954
32 8 xen 36.750
32 9 xen 36.661
32 10 xen 36.433
32 11 xen 36.315
32 12 xen 36.467
32 13 xen 36.000
32 14 xen 36.325
32 15 xen 36.284
32 16 xen 37.015
32 17 xen 35.700
32 18 xen 35.674
32 19 xen 36.951
32 20 xen 36.769
32 21 xen 36.859
32 22 xen 36.557
32 23 xen 36.624
32 24 xen 35.681
32 25 xen 35.564
32 26 xen 36.389
32 27 xen 35.999
32 28 xen 36.511
32 29 xen 36.711
32 30 xen 36.615
40 1 xen 37.680
40 2 xen 37.499
40 3 xen 37.464
40 4 xen 38.206
40 5 xen 37.575
40 6 xen 37.551
40 7 xen 37.587
40 8 xen 37.507
40 9 xen 37.610
40 10 xen 37.708
40 11 xen 37.543
40 12 xen 37.755
40 13 xen 37.456
40 14 xen 37.550
40 15 xen 38.154
40 16 xen 37.458
40 17 xen 37.615
40 18 xen 37.484
40 19 xen 37.732
40 20 xen 37.458
40 21 xen 37.465
40 22 xen 38.137
40 23 xen 37.354
40 24 xen 37.595
40 25 xen 37.517
40 26 xen 37.541
40 27 xen 37.451
40 28 xen 37.678
40 29 xen 37.783
40 30 xen 37.527
