CPUs Experimento Ambiente Tempo
1 1 kvm 1253.998
1 2 kvm 1263.521
1 3 kvm 1255.955
1 4 kvm 1255.158
1 5 kvm 1263.896
1 6 kvm 1265.152
1 7 kvm 1264.875
1 8 kvm 1254.505
1 9 kvm 1258.203
1 10 kvm 1265.694
1 11 kvm 1258.232
1 12 kvm 1266.578
1 13 kvm 1275.253
1 14 kvm 1289.874
1 15 kvm 1259.444
1 16 kvm 1264.898
1 17 kvm 1275.568
1 18 kvm 1261.930
1 19 kvm 1264.669
1 20 kvm 1249.206
1 21 kvm 1256.216
1 22 kvm 1275.432
1 23 kvm 1260.270
1 24 kvm 1274.939
1 25 kvm 1289.957
1 26 kvm 1273.228
1 27 kvm 1278.913
1 28 kvm 1270.852
1 29 kvm 1256.494
1 30 kvm 1257.576
2 1 kvm 658.684
2 2 kvm 653.187
2 3 kvm 650.423
2 4 kvm 652.243
2 5 kvm 652.118
2 6 kvm 652.402
2 7 kvm 653.388
2 8 kvm 651.454
2 9 kvm 653.152
2 10 kvm 650.325
2 11 kvm 654.504
2 12 kvm 656.778
2 13 kvm 650.983
2 14 kvm 654.343
2 15 kvm 654.804
2 16 kvm 651.492
2 17 kvm 652.650
2 18 kvm 652.111
2 19 kvm 653.213
2 20 kvm 653.022
2 21 kvm 651.900
2 22 kvm 650.344
2 23 kvm 653.027
2 24 kvm 653.306
2 25 kvm 717.394
2 26 kvm 657.413
2 27 kvm 651.330
2 28 kvm 650.674
2 29 kvm 650.571
2 30 kvm 655.878
4 1 kvm 339.240
4 2 kvm 339.233
4 3 kvm 340.397
4 4 kvm 340.121
4 5 kvm 341.585
4 6 kvm 338.444
4 7 kvm 337.484
4 8 kvm 339.969
4 9 kvm 341.274
4 10 kvm 339.511
4 11 kvm 342.082
4 12 kvm 339.415
4 13 kvm 338.520
4 14 kvm 341.949
4 15 kvm 340.612
4 16 kvm 339.290
4 17 kvm 339.042
4 18 kvm 339.184
4 19 kvm 340.053
4 20 kvm 341.098
4 21 kvm 339.082
4 22 kvm 338.486
4 23 kvm 340.355
4 24 kvm 339.887
4 25 kvm 339.083
4 26 kvm 340.582
4 27 kvm 338.141
4 28 kvm 339.619
4 29 kvm 337.509
4 30 kvm 339.260
8 1 kvm 178.202
8 2 kvm 178.155
8 3 kvm 179.881
8 4 kvm 179.150
8 5 kvm 179.419
8 6 kvm 182.269
8 7 kvm 178.045
8 8 kvm 177.977
8 9 kvm 179.000
8 10 kvm 180.049
8 11 kvm 179.240
8 12 kvm 179.134
8 13 kvm 179.152
8 14 kvm 179.439
8 15 kvm 178.862
8 16 kvm 181.416
8 17 kvm 180.864
8 18 kvm 179.427
8 19 kvm 179.126
8 20 kvm 181.178
8 21 kvm 179.572
8 22 kvm 180.741
8 23 kvm 179.664
8 24 kvm 179.141
8 25 kvm 180.334
8 26 kvm 179.523
8 27 kvm 180.501
8 28 kvm 179.562
8 29 kvm 179.105
8 30 kvm 180.969
10 1 kvm 152.862
10 2 kvm 152.940
10 3 kvm 152.121
10 4 kvm 153.108
10 5 kvm 153.543
10 6 kvm 152.935
10 7 kvm 150.863
10 8 kvm 153.487
10 9 kvm 154.096
10 10 kvm 153.364
10 11 kvm 153.333
10 12 kvm 152.751
10 13 kvm 153.415
10 14 kvm 152.721
10 15 kvm 153.520
10 16 kvm 152.993
10 17 kvm 152.941
10 18 kvm 152.633
10 19 kvm 153.840
10 20 kvm 153.431
10 21 kvm 153.321
10 22 kvm 152.166
10 23 kvm 153.332
10 24 kvm 153.235
10 25 kvm 152.449
10 26 kvm 153.411
10 27 kvm 154.329
10 28 kvm 153.415
10 29 kvm 153.648
10 30 kvm 153.427
16 1 kvm 112.138
16 2 kvm 115.685
16 3 kvm 120.489
16 4 kvm 118.122
16 5 kvm 104.362
16 6 kvm 123.068
16 7 kvm 118.332
16 8 kvm 122.994
16 9 kvm 119.337
16 10 kvm 111.293
16 11 kvm 124.212
16 12 kvm 107.924
16 13 kvm 113.085
16 14 kvm 101.118
16 15 kvm 101.794
16 16 kvm 111.676
16 17 kvm 106.933
16 18 kvm 106.346
16 19 kvm 114.718
16 20 kvm 118.936
16 21 kvm 110.785
16 22 kvm 109.285
16 23 kvm 113.932
16 24 kvm 113.374
16 25 kvm 113.386
16 26 kvm 129.271
16 27 kvm 105.048
16 28 kvm 115.325
16 29 kvm 115.672
16 30 kvm 105.196
20 1 kvm 139.607
20 2 kvm 120.042
20 3 kvm 136.409
20 4 kvm 131.156
20 5 kvm 129.072
20 6 kvm 138.212
20 7 kvm 130.111
20 8 kvm 140.075
20 9 kvm 139.946
20 10 kvm 139.091
20 11 kvm 142.121
20 12 kvm 138.972
20 13 kvm 130.072
20 14 kvm 140.259
20 15 kvm 137.639
20 16 kvm 139.111
20 17 kvm 141.500
20 18 kvm 134.062
20 19 kvm 138.740
20 20 kvm 141.308
20 21 kvm 109.408
20 22 kvm 140.211
20 23 kvm 140.117
20 24 kvm 132.537
20 25 kvm 138.946
20 26 kvm 139.976
20 27 kvm 118.999
20 28 kvm 139.868
20 29 kvm 138.532
20 30 kvm 140.960
32 1 kvm 97.664
32 2 kvm 104.371
32 3 kvm 100.875
32 4 kvm 102.248
32 5 kvm 99.977
32 6 kvm 100.442
32 7 kvm 102.748
32 8 kvm 101.375
32 9 kvm 106.282
32 10 kvm 102.651
32 11 kvm 102.510
32 12 kvm 100.322
32 13 kvm 99.408
32 14 kvm 101.566
32 15 kvm 98.521
32 16 kvm 103.077
32 17 kvm 101.537
32 18 kvm 98.216
32 19 kvm 99.472
32 20 kvm 100.972
32 21 kvm 101.130
32 22 kvm 100.036
32 23 kvm 101.721
32 24 kvm 101.006
32 25 kvm 104.216
32 26 kvm 103.693
32 27 kvm 103.509
32 28 kvm 102.102
32 29 kvm 97.340
32 30 kvm 102.277
40 1 kvm 83.828
40 2 kvm 83.828
40 3 kvm 82.739
40 4 kvm 84.408
40 5 kvm 83.095
40 6 kvm 80.689
40 7 kvm 84.540
40 8 kvm 82.327
40 9 kvm 85.665
40 10 kvm 84.420
40 11 kvm 85.210
40 12 kvm 83.946
40 13 kvm 84.435
40 14 kvm 85.314
40 15 kvm 83.181
40 16 kvm 82.891
40 17 kvm 82.496
40 18 kvm 87.772
40 19 kvm 82.661
40 20 kvm 82.086
40 21 kvm 86.093
40 22 kvm 83.430
40 23 kvm 82.148
40 24 kvm 83.078
40 25 kvm 83.339
40 26 kvm 83.044
40 27 kvm 83.918
40 28 kvm 83.581
40 29 kvm 85.001
40 30 kvm 83.790
1 1 nativo 1285.534
1 2 nativo 1285.436
1 3 nativo 1284.006
1 4 nativo 1286.778
1 5 nativo 1297.505
1 6 nativo 1283.058
1 7 nativo 1298.077
1 8 nativo 1286.276
1 9 nativo 1283.257
1 10 nativo 1285.530
1 11 nativo 1293.419
1 12 nativo 1293.555
1 13 nativo 1292.638
1 14 nativo 1283.169
1 15 nativo 1283.460
1 16 nativo 1284.686
1 17 nativo 1284.671
1 18 nativo 1283.798
1 19 nativo 1283.928
1 20 nativo 1283.983
1 21 nativo 1284.686
1 22 nativo 1283.245
1 23 nativo 1283.439
1 24 nativo 1289.143
1 25 nativo 1303.858
1 26 nativo 1283.918
1 27 nativo 1285.085
1 28 nativo 1294.218
1 29 nativo 1283.068
1 30 nativo 1283.553
2 1 nativo 663.274
2 2 nativo 663.697
2 3 nativo 663.585
2 4 nativo 663.839
2 5 nativo 663.729
2 6 nativo 663.649
2 7 nativo 663.594
2 8 nativo 664.136
2 9 nativo 663.917
2 10 nativo 663.651
2 11 nativo 665.030
2 12 nativo 670.345
2 13 nativo 665.479
2 14 nativo 663.663
2 15 nativo 663.862
2 16 nativo 663.777
2 17 nativo 668.422
2 18 nativo 663.950
2 19 nativo 663.627
2 20 nativo 663.753
2 21 nativo 664.297
2 22 nativo 664.011
2 23 nativo 663.886
2 24 nativo 664.567
2 25 nativo 663.680
2 26 nativo 663.551
2 27 nativo 663.626
2 28 nativo 663.717
2 29 nativo 664.358
2 30 nativo 668.606
4 1 nativo 340.275
4 2 nativo 340.061
4 3 nativo 340.110
4 4 nativo 340.142
4 5 nativo 340.830
4 6 nativo 340.208
4 7 nativo 340.217
4 8 nativo 340.826
4 9 nativo 339.975
4 10 nativo 340.268
4 11 nativo 340.106
4 12 nativo 340.164
4 13 nativo 340.486
4 14 nativo 340.116
4 15 nativo 340.425
4 16 nativo 340.457
4 17 nativo 340.347
4 18 nativo 340.742
4 19 nativo 340.176
4 20 nativo 340.429
4 21 nativo 340.220
4 22 nativo 340.764
4 23 nativo 340.207
4 24 nativo 340.095
4 25 nativo 340.140
4 26 nativo 340.277
4 27 nativo 340.124
4 28 nativo 340.402
4 29 nativo 340.320
4 30 nativo 340.455
8 1 nativo 180.301
8 2 nativo 179.970
8 3 nativo 180.547
8 4 nativo 180.801
8 5 nativo 181.064
8 6 nativo 180.893
8 7 nativo 181.201
8 8 nativo 180.603
8 9 nativo 181.059
8 10 nativo 180.890
8 11 nativo 180.571
8 12 nativo 180.337
8 13 nativo 180.568
8 14 nativo 181.019
8 15 nativo 180.368
8 16 nativo 181.207
8 17 nativo 181.029
8 18 nativo 180.581
8 19 nativo 180.455
8 20 nativo 181.041
8 21 nativo 180.213
8 22 nativo 180.568
8 23 nativo 180.393
8 24 nativo 177.433
8 25 nativo 180.588
8 26 nativo 181.072
8 27 nativo 180.559
8 28 nativo 180.490
8 29 nativo 180.470
8 30 nativo 180.524
10 1 nativo 152.952
10 2 nativo 152.738
10 3 nativo 152.420
10 4 nativo 153.131
10 5 nativo 152.502
10 6 nativo 152.936
10 7 nativo 152.372
10 8 nativo 152.758
10 9 nativo 152.416
10 10 nativo 152.503
10 11 nativo 152.826
10 12 nativo 152.772
10 13 nativo 152.362
10 14 nativo 152.689
10 15 nativo 152.907
10 16 nativo 152.674
10 17 nativo 153.150
10 18 nativo 152.061
10 19 nativo 152.224
10 20 nativo 152.889
10 21 nativo 152.303
10 22 nativo 152.944
10 23 nativo 153.100
10 24 nativo 152.906
10 25 nativo 152.385
10 26 nativo 152.934
10 27 nativo 152.489
10 28 nativo 152.376
10 29 nativo 152.143
10 30 nativo 152.861
16 1 nativo 99.824
16 2 nativo 100.020
16 3 nativo 99.697
16 4 nativo 99.738
16 5 nativo 98.610
16 6 nativo 99.655
16 7 nativo 98.519
16 8 nativo 100.187
16 9 nativo 99.748
16 10 nativo 99.933
16 11 nativo 99.702
16 12 nativo 99.760
16 13 nativo 99.982
16 14 nativo 98.998
16 15 nativo 100.168
16 16 nativo 99.946
16 17 nativo 99.949
16 18 nativo 99.975
16 19 nativo 100.189
16 20 nativo 100.192
16 21 nativo 99.734
16 22 nativo 100.123
16 23 nativo 99.908
16 24 nativo 99.811
16 25 nativo 99.402
16 26 nativo 99.606
16 27 nativo 100.239
16 28 nativo 99.654
16 29 nativo 100.121
16 30 nativo 99.934
20 1 nativo 88.691
20 2 nativo 87.719
20 3 nativo 86.683
20 4 nativo 86.182
20 5 nativo 89.083
20 6 nativo 89.416
20 7 nativo 87.416
20 8 nativo 89.343
20 9 nativo 88.038
20 10 nativo 86.711
20 11 nativo 87.209
20 12 nativo 88.138
20 13 nativo 87.820
20 14 nativo 86.562
20 15 nativo 88.088
20 16 nativo 87.416
20 17 nativo 86.090
20 18 nativo 90.176
20 19 nativo 87.119
20 20 nativo 88.345
20 21 nativo 91.827
20 22 nativo 89.990
20 23 nativo 88.191
20 24 nativo 86.424
20 25 nativo 87.884
20 26 nativo 91.664
20 27 nativo 87.246
20 28 nativo 90.819
20 29 nativo 87.350
20 30 nativo 86.793
32 1 nativo 87.298
32 2 nativo 87.319
32 3 nativo 88.026
32 4 nativo 87.793
32 5 nativo 87.560
32 6 nativo 87.582
32 7 nativo 88.103
32 8 nativo 87.145
32 9 nativo 87.510
32 10 nativo 88.291
32 11 nativo 87.754
32 12 nativo 83.511
32 13 nativo 87.406
32 14 nativo 86.308
32 15 nativo 86.353
32 16 nativo 87.410
32 17 nativo 88.485
32 18 nativo 86.750
32 19 nativo 87.950
32 20 nativo 87.672
32 21 nativo 87.664
32 22 nativo 87.349
32 23 nativo 87.597
32 24 nativo 87.005
32 25 nativo 87.364
32 26 nativo 87.313
32 27 nativo 88.619
32 28 nativo 87.353
32 29 nativo 87.535
32 30 nativo 87.191
40 1 nativo 67.992
40 2 nativo 68.454
40 3 nativo 67.946
40 4 nativo 68.863
40 5 nativo 69.004
40 6 nativo 68.255
40 7 nativo 68.046
40 8 nativo 68.503
40 9 nativo 68.522
40 10 nativo 68.094
40 11 nativo 68.068
40 12 nativo 68.133
40 13 nativo 68.761
40 14 nativo 68.196
40 15 nativo 68.573
40 16 nativo 68.233
40 17 nativo 68.891
40 18 nativo 68.286
40 19 nativo 68.346
40 20 nativo 68.164
40 21 nativo 68.292
40 22 nativo 68.333
40 23 nativo 67.910
40 24 nativo 67.941
40 25 nativo 68.205
40 26 nativo 68.609
40 27 nativo 67.928
40 28 nativo 68.541
40 29 nativo 68.485
40 30 nativo 69.033
1 1 xen 1152.143
1 2 xen 1143.302
1 3 xen 1155.234
1 4 xen 1152.353
1 5 xen 1150.812
1 6 xen 1161.805
1 7 xen 1165.678
1 8 xen 1158.689
1 9 xen 1162.293
1 10 xen 1146.146
1 11 xen 1149.624
1 12 xen 1159.865
1 13 xen 1162.116
1 14 xen 1147.000
1 15 xen 1148.119
1 16 xen 1152.078
1 17 xen 1171.139
1 18 xen 1145.179
1 19 xen 1149.550
1 20 xen 1145.824
1 21 xen 1144.418
1 22 xen 1148.100
1 23 xen 1156.688
1 24 xen 1151.528
1 25 xen 1158.331
1 26 xen 1163.223
1 27 xen 1171.333
1 28 xen 1148.069
1 29 xen 1164.035
1 30 xen 1180.652
2 1 xen 589.646
2 2 xen 603.039
2 3 xen 614.409
2 4 xen 626.214
2 5 xen 616.269
2 6 xen 617.579
2 7 xen 609.757
2 8 xen 616.262
2 9 xen 621.685
2 10 xen 614.852
2 11 xen 617.266
2 12 xen 617.919
2 13 xen 618.372
2 14 xen 598.399
2 15 xen 592.801
2 16 xen 600.512
2 17 xen 593.285
2 18 xen 593.010
2 19 xen 595.055
2 20 xen 597.212
2 21 xen 593.586
2 22 xen 592.432
2 23 xen 595.405
2 24 xen 592.006
2 25 xen 591.317
2 26 xen 592.125
2 27 xen 597.505
2 28 xen 599.209
2 29 xen 587.698
2 30 xen 594.536
4 1 xen 330.224
4 2 xen 334.319
4 3 xen 335.030
4 4 xen 335.251
4 5 xen 333.266
4 6 xen 327.815
4 7 xen 310.429
4 8 xen 318.185
4 9 xen 311.322
4 10 xen 315.455
4 11 xen 311.531
4 12 xen 314.543
4 13 xen 310.381
4 14 xen 309.623
4 15 xen 325.718
4 16 xen 314.733
4 17 xen 310.055
4 18 xen 311.472
4 19 xen 310.374
4 20 xen 312.725
4 21 xen 310.930
4 22 xen 310.198
4 23 xen 328.920
4 24 xen 325.096
4 25 xen 326.153
4 26 xen 323.263
4 27 xen 325.897
4 28 xen 323.063
4 29 xen 322.557
4 30 xen 321.366
8 1 xen 177.233
8 2 xen 189.300
8 3 xen 185.148
8 4 xen 182.716
8 5 xen 178.002
8 6 xen 178.982
8 7 xen 178.089
8 8 xen 177.871
8 9 xen 178.649
8 10 xen 179.137
8 11 xen 179.456
8 12 xen 179.044
8 13 xen 178.078
8 14 xen 178.484
8 15 xen 177.917
8 16 xen 179.530
8 17 xen 178.984
8 18 xen 189.119
8 19 xen 179.588
8 20 xen 179.285
8 21 xen 179.167
8 22 xen 179.044
8 23 xen 180.048
8 24 xen 178.948
8 25 xen 179.299
8 26 xen 179.602
8 27 xen 182.504
8 28 xen 176.258
8 29 xen 176.605
8 30 xen 175.594
10 1 xen 159.874
10 2 xen 156.578
10 3 xen 168.579
10 4 xen 172.856
10 5 xen 156.969
10 6 xen 151.275
10 7 xen 151.827
10 8 xen 156.841
10 9 xen 151.294
10 10 xen 160.157
10 11 xen 161.810
10 12 xen 158.310
10 13 xen 153.217
10 14 xen 158.800
10 15 xen 172.193
10 16 xen 167.226
10 17 xen 152.437
10 18 xen 150.300
10 19 xen 151.458
10 20 xen 161.087
10 21 xen 155.941
10 22 xen 155.893
10 23 xen 157.947
10 24 xen 151.526
10 25 xen 151.632
10 26 xen 152.422
10 27 xen 156.947
10 28 xen 150.905
10 29 xen 154.883
10 30 xen 150.886
16 1 xen 127.139
16 2 xen 111.576
16 3 xen 129.467
16 4 xen 123.736
16 5 xen 125.883
16 6 xen 129.116
16 7 xen 125.173
16 8 xen 129.722
16 9 xen 124.584
16 10 xen 121.615
16 11 xen 134.774
16 12 xen 123.597
16 13 xen 122.202
16 14 xen 123.884
16 15 xen 117.769
16 16 xen 131.530
16 17 xen 127.225
16 18 xen 121.370
16 19 xen 133.656
16 20 xen 118.122
16 21 xen 124.550
16 22 xen 130.711
16 23 xen 125.318
16 24 xen 118.426
16 25 xen 132.334
16 26 xen 127.903
16 27 xen 135.169
16 28 xen 127.748
16 29 xen 123.479
16 30 xen 122.236
20 1 xen 131.747
20 2 xen 130.851
20 3 xen 131.939
20 4 xen 132.400
20 5 xen 131.649
20 6 xen 118.141
20 7 xen 131.730
20 8 xen 131.983
20 9 xen 130.387
20 10 xen 132.132
20 11 xen 129.146
20 12 xen 128.972
20 13 xen 131.411
20 14 xen 123.415
20 15 xen 132.319
20 16 xen 131.269
20 17 xen 132.339
20 18 xen 132.026
20 19 xen 131.749
20 20 xen 131.948
20 21 xen 116.169
20 22 xen 131.801
20 23 xen 131.066
20 24 xen 132.027
20 25 xen 128.747
20 26 xen 130.991
20 27 xen 129.250
20 28 xen 120.195
20 29 xen 132.099
20 30 xen 128.600
32 1 xen 87.426
32 2 xen 88.434
32 3 xen 87.083
32 4 xen 87.128
32 5 xen 88.543
32 6 xen 87.993
32 7 xen 88.534
32 8 xen 88.080
32 9 xen 88.173
32 10 xen 87.864
32 11 xen 88.062
32 12 xen 87.874
32 13 xen 88.194
32 14 xen 87.598
32 15 xen 87.458
32 16 xen 87.860
32 17 xen 88.216
32 18 xen 88.491
32 19 xen 87.592
32 20 xen 87.972
32 21 xen 89.568
32 22 xen 88.194
32 23 xen 87.281
32 24 xen 88.073
32 25 xen 87.621
32 26 xen 87.818
32 27 xen 87.309
32 28 xen 88.923
32 29 xen 87.802
32 30 xen 87.499
40 1 xen 83.110
40 2 xen 83.259
40 3 xen 84.259
40 4 xen 83.920
40 5 xen 83.367
40 6 xen 83.204
40 7 xen 83.750
40 8 xen 84.165
40 9 xen 83.708
40 10 xen 83.528
40 11 xen 82.640
40 12 xen 83.047
40 13 xen 83.427
40 14 xen 83.645
40 15 xen 83.408
40 16 xen 83.555
40 17 xen 83.100
40 18 xen 83.597
40 19 xen 83.611
40 20 xen 83.809
40 21 xen 83.565
40 22 xen 83.432
40 23 xen 82.985
40 24 xen 84.206
40 25 xen 83.152
40 26 xen 83.449
40 27 xen 83.130
40 28 xen 83.269
40 29 xen 83.114
40 30 xen 83.742
