CPUs Experimento Ambiente Tempo
1 1 kvm 1268.872
1 2 kvm 1262.342
1 3 kvm 1265.909
1 4 kvm 1269.500
1 5 kvm 1258.099
1 6 kvm 1279.075
1 7 kvm 1261.608
1 8 kvm 1255.578
1 9 kvm 1277.549
1 10 kvm 1260.341
1 11 kvm 1260.498
1 12 kvm 1254.983
1 13 kvm 1255.998
1 14 kvm 1269.985
1 15 kvm 1254.146
1 16 kvm 1250.952
1 17 kvm 1255.059
1 18 kvm 1256.122
1 19 kvm 1249.969
1 20 kvm 1255.398
1 21 kvm 1249.776
1 22 kvm 1254.342
1 23 kvm 1254.371
1 24 kvm 1254.331
1 25 kvm 1260.302
1 26 kvm 1257.564
1 27 kvm 1254.820
1 28 kvm 1256.215
1 29 kvm 1270.676
1 30 kvm 1255.882
2 1 kvm 651.716
2 2 kvm 651.997
2 3 kvm 651.935
2 4 kvm 654.847
2 5 kvm 651.558
2 6 kvm 651.425
2 7 kvm 653.706
2 8 kvm 649.691
2 9 kvm 651.457
2 10 kvm 651.540
2 11 kvm 650.861
2 12 kvm 649.956
2 13 kvm 650.731
2 14 kvm 652.219
2 15 kvm 653.205
2 16 kvm 652.596
2 17 kvm 651.964
2 18 kvm 650.727
2 19 kvm 649.687
2 20 kvm 653.966
2 21 kvm 652.092
2 22 kvm 651.300
2 23 kvm 651.238
2 24 kvm 651.092
2 25 kvm 652.544
2 26 kvm 651.713
2 27 kvm 652.120
2 28 kvm 651.657
2 29 kvm 650.540
2 30 kvm 651.000
4 1 kvm 335.522
4 2 kvm 336.327
4 3 kvm 336.888
4 4 kvm 339.535
4 5 kvm 337.652
4 6 kvm 338.028
4 7 kvm 335.739
4 8 kvm 338.249
4 9 kvm 340.078
4 10 kvm 335.656
4 11 kvm 338.401
4 12 kvm 335.635
4 13 kvm 336.464
4 14 kvm 336.371
4 15 kvm 337.926
4 16 kvm 336.237
4 17 kvm 337.159
4 18 kvm 338.452
4 19 kvm 336.413
4 20 kvm 337.743
4 21 kvm 338.153
4 22 kvm 338.665
4 23 kvm 337.917
4 24 kvm 338.147
4 25 kvm 337.439
4 26 kvm 336.795
4 27 kvm 336.840
4 28 kvm 338.173
4 29 kvm 336.705
4 30 kvm 337.466
8 1 kvm 179.948
8 2 kvm 179.271
8 3 kvm 178.059
8 4 kvm 178.212
8 5 kvm 178.190
8 6 kvm 178.335
8 7 kvm 177.826
8 8 kvm 178.117
8 9 kvm 178.967
8 10 kvm 178.545
8 11 kvm 177.657
8 12 kvm 176.650
8 13 kvm 179.443
8 14 kvm 178.082
8 15 kvm 178.824
8 16 kvm 178.685
8 17 kvm 177.352
8 18 kvm 181.699
8 19 kvm 178.532
8 20 kvm 177.409
8 21 kvm 176.619
8 22 kvm 178.501
8 23 kvm 177.545
8 24 kvm 179.208
8 25 kvm 178.182
8 26 kvm 177.779
8 27 kvm 180.610
8 28 kvm 178.118
8 29 kvm 178.249
8 30 kvm 177.376
10 1 kvm 151.700
10 2 kvm 154.580
10 3 kvm 151.896
10 4 kvm 152.713
10 5 kvm 151.935
10 6 kvm 149.819
10 7 kvm 152.169
10 8 kvm 151.695
10 9 kvm 153.576
10 10 kvm 151.806
10 11 kvm 153.534
10 12 kvm 151.620
10 13 kvm 152.974
10 14 kvm 153.309
10 15 kvm 152.780
10 16 kvm 151.778
10 17 kvm 152.230
10 18 kvm 153.708
10 19 kvm 152.209
10 20 kvm 152.055
10 21 kvm 152.673
10 22 kvm 152.687
10 23 kvm 152.116
10 24 kvm 151.978
10 25 kvm 152.319
10 26 kvm 153.373
10 27 kvm 151.125
10 28 kvm 152.550
10 29 kvm 151.864
10 30 kvm 151.560
16 1 kvm 99.280
16 2 kvm 99.394
16 3 kvm 99.199
16 4 kvm 99.163
16 5 kvm 100.416
16 6 kvm 100.589
16 7 kvm 101.852
16 8 kvm 100.760
16 9 kvm 99.512
16 10 kvm 100.145
16 11 kvm 100.138
16 12 kvm 99.560
16 13 kvm 101.621
16 14 kvm 99.391
16 15 kvm 101.162
16 16 kvm 97.749
16 17 kvm 99.192
16 18 kvm 99.184
16 19 kvm 98.893
16 20 kvm 100.819
16 21 kvm 100.764
16 22 kvm 100.280
16 23 kvm 98.388
16 24 kvm 100.019
16 25 kvm 98.637
16 26 kvm 99.647
16 27 kvm 101.359
16 28 kvm 99.662
16 29 kvm 98.251
16 30 kvm 99.870
20 1 kvm 89.236
20 2 kvm 89.975
20 3 kvm 90.283
20 4 kvm 89.111
20 5 kvm 91.704
20 6 kvm 90.556
20 7 kvm 89.697
20 8 kvm 88.540
20 9 kvm 91.141
20 10 kvm 88.028
20 11 kvm 87.908
20 12 kvm 87.820
20 13 kvm 89.534
20 14 kvm 91.038
20 15 kvm 87.580
20 16 kvm 86.851
20 17 kvm 88.184
20 18 kvm 88.305
20 19 kvm 88.654
20 20 kvm 89.276
20 21 kvm 87.600
20 22 kvm 88.156
20 23 kvm 90.431
20 24 kvm 88.785
20 25 kvm 86.613
20 26 kvm 90.764
20 27 kvm 88.802
20 28 kvm 88.355
20 29 kvm 91.072
20 30 kvm 91.006
1 1 nativo 1276.850
1 2 nativo 1277.082
1 3 nativo 1285.511
1 4 nativo 1298.055
1 5 nativo 1277.270
1 6 nativo 1291.308
1 7 nativo 1276.601
1 8 nativo 1277.227
1 9 nativo 1277.252
1 10 nativo 1296.963
1 11 nativo 1294.255
1 12 nativo 1300.595
1 13 nativo 1278.678
1 14 nativo 1278.037
1 15 nativo 1278.280
1 16 nativo 1276.682
1 17 nativo 1277.272
1 18 nativo 1276.612
1 19 nativo 1276.288
1 20 nativo 1290.898
1 21 nativo 1292.423
1 22 nativo 1276.970
1 23 nativo 1278.950
1 24 nativo 1276.537
1 25 nativo 1277.162
1 26 nativo 1277.721
1 27 nativo 1276.985
1 28 nativo 1292.165
1 29 nativo 1277.851
1 30 nativo 1286.755
2 1 nativo 663.635
2 2 nativo 663.621
2 3 nativo 663.137
2 4 nativo 664.873
2 5 nativo 664.181
2 6 nativo 666.462
2 7 nativo 663.719
2 8 nativo 665.213
2 9 nativo 666.618
2 10 nativo 661.939
2 11 nativo 666.471
2 12 nativo 664.093
2 13 nativo 663.223
2 14 nativo 662.755
2 15 nativo 664.032
2 16 nativo 670.656
2 17 nativo 666.721
2 18 nativo 668.787
2 19 nativo 665.275
2 20 nativo 663.002
2 21 nativo 666.784
2 22 nativo 665.339
2 23 nativo 664.887
2 24 nativo 665.451
2 25 nativo 667.019
2 26 nativo 666.103
2 27 nativo 666.157
2 28 nativo 669.235
2 29 nativo 665.035
2 30 nativo 663.007
4 1 nativo 340.067
4 2 nativo 338.935
4 3 nativo 339.633
4 4 nativo 339.814
4 5 nativo 340.664
4 6 nativo 340.138
4 7 nativo 339.987
4 8 nativo 339.884
4 9 nativo 340.176
4 10 nativo 339.719
4 11 nativo 339.207
4 12 nativo 340.216
4 13 nativo 339.723
4 14 nativo 339.670
4 15 nativo 340.080
4 16 nativo 340.144
4 17 nativo 339.136
4 18 nativo 338.244
4 19 nativo 339.765
4 20 nativo 339.195
4 21 nativo 339.939
4 22 nativo 340.337
4 23 nativo 340.139
4 24 nativo 339.628
4 25 nativo 340.445
4 26 nativo 339.954
4 27 nativo 338.925
4 28 nativo 338.804
4 29 nativo 339.280
4 30 nativo 339.880
8 1 nativo 179.403
8 2 nativo 180.569
8 3 nativo 179.383
8 4 nativo 178.655
8 5 nativo 178.945
8 6 nativo 179.714
8 7 nativo 179.885
8 8 nativo 179.726
8 9 nativo 180.245
8 10 nativo 179.555
8 11 nativo 180.739
8 12 nativo 179.862
8 13 nativo 179.290
8 14 nativo 180.346
8 15 nativo 179.704
8 16 nativo 179.538
8 17 nativo 179.516
8 18 nativo 179.743
8 19 nativo 179.583
8 20 nativo 179.723
8 21 nativo 180.142
8 22 nativo 179.127
8 23 nativo 179.961
8 24 nativo 179.220
8 25 nativo 179.221
8 26 nativo 180.124
8 27 nativo 179.745
8 28 nativo 179.988
8 29 nativo 180.348
8 30 nativo 179.446
10 1 nativo 152.960
10 2 nativo 153.263
10 3 nativo 152.654
10 4 nativo 152.636
10 5 nativo 152.971
10 6 nativo 153.701
10 7 nativo 153.995
10 8 nativo 152.812
10 9 nativo 152.847
10 10 nativo 153.546
10 11 nativo 153.704
10 12 nativo 152.764
10 13 nativo 153.657
10 14 nativo 153.304
10 15 nativo 152.874
10 16 nativo 152.489
10 17 nativo 152.894
10 18 nativo 152.686
10 19 nativo 152.882
10 20 nativo 153.113
10 21 nativo 153.300
10 22 nativo 152.983
10 23 nativo 152.936
10 24 nativo 152.958
10 25 nativo 152.724
10 26 nativo 153.704
10 27 nativo 153.439
10 28 nativo 152.526
10 29 nativo 152.399
10 30 nativo 152.838
16 1 nativo 100.406
16 2 nativo 100.531
16 3 nativo 99.277
16 4 nativo 100.142
16 5 nativo 100.249
16 6 nativo 100.657
16 7 nativo 99.498
16 8 nativo 100.705
16 9 nativo 100.727
16 10 nativo 99.454
16 11 nativo 100.205
16 12 nativo 99.498
16 13 nativo 100.502
16 14 nativo 100.659
16 15 nativo 98.774
16 16 nativo 98.882
16 17 nativo 100.355
16 18 nativo 99.191
16 19 nativo 99.495
16 20 nativo 99.528
16 21 nativo 101.317
16 22 nativo 98.959
16 23 nativo 100.249
16 24 nativo 100.475
16 25 nativo 100.114
16 26 nativo 101.046
16 27 nativo 99.944
16 28 nativo 100.354
16 29 nativo 100.284
16 30 nativo 100.447
20 1 nativo 78.344
20 2 nativo 78.265
20 3 nativo 78.516
20 4 nativo 78.923
20 5 nativo 78.441
20 6 nativo 77.910
20 7 nativo 78.745
20 8 nativo 78.158
20 9 nativo 78.239
20 10 nativo 78.719
20 11 nativo 78.731
20 12 nativo 78.342
20 13 nativo 78.267
20 14 nativo 78.441
20 15 nativo 78.745
20 16 nativo 78.426
20 17 nativo 78.311
20 18 nativo 77.961
20 19 nativo 79.328
20 20 nativo 78.602
20 21 nativo 78.392
20 22 nativo 78.091
20 23 nativo 78.667
20 24 nativo 78.627
20 25 nativo 78.516
20 26 nativo 78.760
20 27 nativo 78.290
20 28 nativo 78.481
20 29 nativo 78.401
20 30 nativo 79.122
1 1 xen 1164.372
1 2 xen 1166.658
1 3 xen 1166.349
1 4 xen 1146.229
1 5 xen 1170.313
1 6 xen 1164.503
1 7 xen 1155.995
1 8 xen 1164.155
1 9 xen 1151.059
1 10 xen 1146.975
1 11 xen 1156.053
1 12 xen 1158.983
1 13 xen 1168.109
1 14 xen 1153.435
1 15 xen 1155.519
1 16 xen 1171.094
1 17 xen 1145.242
1 18 xen 1145.151
1 19 xen 1147.658
1 20 xen 1175.181
1 21 xen 1184.538
1 22 xen 1171.047
1 23 xen 1191.371
1 24 xen 1178.088
1 25 xen 1172.359
1 26 xen 1174.373
1 27 xen 1153.755
1 28 xen 1174.563
1 29 xen 1166.232
1 30 xen 1173.931
2 1 xen 598.069
2 2 xen 591.218
2 3 xen 593.761
2 4 xen 598.894
2 5 xen 595.723
2 6 xen 594.273
2 7 xen 598.228
2 8 xen 595.472
2 9 xen 599.046
2 10 xen 597.748
2 11 xen 599.352
2 12 xen 597.865
2 13 xen 585.995
2 14 xen 602.486
2 15 xen 594.397
2 16 xen 596.554
2 17 xen 598.362
2 18 xen 595.843
2 19 xen 605.291
2 20 xen 598.646
2 21 xen 596.096
2 22 xen 595.488
2 23 xen 594.289
2 24 xen 599.758
2 25 xen 598.629
2 26 xen 597.704
2 27 xen 613.778
2 28 xen 612.136
2 29 xen 614.653
2 30 xen 615.423
4 1 xen 336.939
4 2 xen 336.241
4 3 xen 335.908
4 4 xen 335.687
4 5 xen 336.447
4 6 xen 334.932
4 7 xen 325.920
4 8 xen 317.449
4 9 xen 316.722
4 10 xen 317.908
4 11 xen 316.877
4 12 xen 317.720
4 13 xen 318.426
4 14 xen 317.199
4 15 xen 317.032
4 16 xen 317.003
4 17 xen 317.767
4 18 xen 314.007
4 19 xen 316.280
4 20 xen 317.873
4 21 xen 314.407
4 22 xen 314.108
4 23 xen 313.277
4 24 xen 312.800
4 25 xen 316.143
4 26 xen 317.522
4 27 xen 317.694
4 28 xen 316.372
4 29 xen 317.288
4 30 xen 317.213
8 1 xen 183.362
8 2 xen 177.078
8 3 xen 177.003
8 4 xen 176.637
8 5 xen 176.159
8 6 xen 178.810
8 7 xen 178.597
8 8 xen 180.278
8 9 xen 178.373
8 10 xen 190.068
8 11 xen 193.931
8 12 xen 176.611
8 13 xen 176.858
8 14 xen 176.915
8 15 xen 176.729
8 16 xen 176.553
8 17 xen 176.698
8 18 xen 178.014
8 19 xen 186.979
8 20 xen 178.331
8 21 xen 179.659
8 22 xen 185.712
8 23 xen 184.983
8 24 xen 175.947
8 25 xen 175.264
8 26 xen 177.218
8 27 xen 178.085
8 28 xen 177.660
8 29 xen 177.769
8 30 xen 182.014
10 1 xen 154.259
10 2 xen 152.748
10 3 xen 153.360
10 4 xen 165.057
10 5 xen 170.418
10 6 xen 157.694
10 7 xen 165.715
10 8 xen 153.385
10 9 xen 159.576
10 10 xen 167.639
10 11 xen 161.328
10 12 xen 155.692
10 13 xen 153.672
10 14 xen 153.404
10 15 xen 156.202
10 16 xen 157.752
10 17 xen 166.274
10 18 xen 151.630
10 19 xen 164.410
10 20 xen 157.306
10 21 xen 169.862
10 22 xen 158.914
10 23 xen 152.113
10 24 xen 152.086
10 25 xen 155.753
10 26 xen 168.891
10 27 xen 161.779
10 28 xen 155.535
10 29 xen 162.104
10 30 xen 164.757
16 1 xen 127.379
16 2 xen 125.114
16 3 xen 135.164
16 4 xen 132.344
16 5 xen 127.629
16 6 xen 131.774
16 7 xen 125.962
16 8 xen 126.102
16 9 xen 134.519
16 10 xen 121.837
16 11 xen 117.494
16 12 xen 134.035
16 13 xen 133.725
16 14 xen 129.867
16 15 xen 137.263
16 16 xen 128.003
16 17 xen 134.864
16 18 xen 134.826
16 19 xen 121.450
16 20 xen 117.740
16 21 xen 123.198
16 22 xen 127.288
16 23 xen 132.233
16 24 xen 133.220
16 25 xen 140.140
16 26 xen 140.020
16 27 xen 116.466
16 28 xen 122.404
16 29 xen 128.712
16 30 xen 119.090
20 1 xen 130.448
20 2 xen 131.837
20 3 xen 119.460
20 4 xen 132.215
20 5 xen 123.521
20 6 xen 131.805
20 7 xen 112.911
20 8 xen 124.180
20 9 xen 127.529
20 10 xen 131.815
20 11 xen 118.773
20 12 xen 130.989
20 13 xen 130.944
20 14 xen 118.025
20 15 xen 132.957
20 16 xen 128.709
20 17 xen 132.381
20 18 xen 131.765
20 19 xen 129.804
20 20 xen 131.468
20 21 xen 132.150
20 22 xen 132.283
20 23 xen 132.061
20 24 xen 126.379
20 25 xen 126.328
20 26 xen 120.342
20 27 xen 120.488
20 28 xen 122.540
20 29 xen 131.778
20 30 xen 124.542
