CPUs Experimento Ambiente Tempo
1 1 kvm 174.666
1 2 kvm 173.461
1 3 kvm 174.203
1 4 kvm 174.120
1 5 kvm 172.649
1 6 kvm 174.363
1 7 kvm 173.485
1 8 kvm 173.076
1 9 kvm 174.387
1 10 kvm 173.207
1 11 kvm 173.452
1 12 kvm 174.041
1 13 kvm 173.377
1 14 kvm 172.443
1 15 kvm 173.617
1 16 kvm 172.904
1 17 kvm 174.646
1 18 kvm 174.313
1 19 kvm 173.712
1 20 kvm 172.227
1 21 kvm 173.788
1 22 kvm 174.197
1 23 kvm 172.442
1 24 kvm 173.536
1 25 kvm 173.117
1 26 kvm 173.311
1 27 kvm 173.757
1 28 kvm 172.756
1 29 kvm 173.951
1 30 kvm 173.285
2 1 kvm 89.119
2 2 kvm 89.875
2 3 kvm 90.717
2 4 kvm 90.222
2 5 kvm 89.905
2 6 kvm 89.349
2 7 kvm 89.058
2 8 kvm 89.272
2 9 kvm 88.744
2 10 kvm 89.057
2 11 kvm 88.460
2 12 kvm 89.299
2 13 kvm 89.752
2 14 kvm 90.132
2 15 kvm 89.572
2 16 kvm 89.318
2 17 kvm 88.274
2 18 kvm 90.057
2 19 kvm 89.771
2 20 kvm 89.385
2 21 kvm 89.436
2 22 kvm 89.186
2 23 kvm 89.013
2 24 kvm 89.814
2 25 kvm 90.097
2 26 kvm 89.852
2 27 kvm 90.102
2 28 kvm 88.841
2 29 kvm 88.720
2 30 kvm 88.757
4 1 kvm 46.074
4 2 kvm 46.039
4 3 kvm 46.076
4 4 kvm 45.831
4 5 kvm 46.229
4 6 kvm 46.033
4 7 kvm 46.549
4 8 kvm 46.241
4 9 kvm 45.941
4 10 kvm 46.020
4 11 kvm 45.620
4 12 kvm 46.219
4 13 kvm 46.076
4 14 kvm 46.135
4 15 kvm 46.480
4 16 kvm 45.950
4 17 kvm 46.093
4 18 kvm 46.259
4 19 kvm 46.337
4 20 kvm 45.735
4 21 kvm 46.058
4 22 kvm 45.679
4 23 kvm 45.620
4 24 kvm 46.184
4 25 kvm 45.808
4 26 kvm 45.889
4 27 kvm 46.472
4 28 kvm 46.120
4 29 kvm 45.855
4 30 kvm 46.176
8 1 kvm 24.220
8 2 kvm 24.088
8 3 kvm 24.093
8 4 kvm 24.208
8 5 kvm 24.194
8 6 kvm 25.779
8 7 kvm 24.305
8 8 kvm 24.113
8 9 kvm 24.171
8 10 kvm 24.228
8 11 kvm 24.106
8 12 kvm 24.090
8 13 kvm 24.258
8 14 kvm 24.118
8 15 kvm 24.116
8 16 kvm 24.239
8 17 kvm 24.095
8 18 kvm 24.209
8 19 kvm 24.089
8 20 kvm 24.212
8 21 kvm 24.062
8 22 kvm 24.208
8 23 kvm 24.347
8 24 kvm 24.106
8 25 kvm 24.245
8 26 kvm 24.198
8 27 kvm 24.318
8 28 kvm 24.096
8 29 kvm 24.252
8 30 kvm 24.182
10 1 kvm 20.930
10 2 kvm 20.747
10 3 kvm 20.650
10 4 kvm 20.709
10 5 kvm 20.626
10 6 kvm 20.954
10 7 kvm 20.660
10 8 kvm 21.116
10 9 kvm 20.802
10 10 kvm 20.894
10 11 kvm 21.003
10 12 kvm 20.880
10 13 kvm 20.880
10 14 kvm 20.951
10 15 kvm 20.779
10 16 kvm 20.968
10 17 kvm 21.068
10 18 kvm 20.696
10 19 kvm 20.998
10 20 kvm 22.081
10 21 kvm 20.830
10 22 kvm 20.993
10 23 kvm 20.912
10 24 kvm 21.116
10 25 kvm 20.948
10 26 kvm 20.800
10 27 kvm 20.899
10 28 kvm 20.886
10 29 kvm 20.963
10 30 kvm 20.947
16 1 kvm 13.122
16 2 kvm 12.971
16 3 kvm 13.037
16 4 kvm 13.013
16 5 kvm 13.039
16 6 kvm 13.168
16 7 kvm 13.078
16 8 kvm 13.103
16 9 kvm 13.115
16 10 kvm 13.030
16 11 kvm 13.035
16 12 kvm 13.283
16 13 kvm 13.008
16 14 kvm 13.119
16 15 kvm 13.039
16 16 kvm 13.126
16 17 kvm 13.098
16 18 kvm 13.158
16 19 kvm 13.063
16 20 kvm 12.996
16 21 kvm 15.732
16 22 kvm 13.112
16 23 kvm 13.106
16 24 kvm 13.058
16 25 kvm 13.102
16 26 kvm 13.101
16 27 kvm 14.406
16 28 kvm 13.074
16 29 kvm 12.969
16 30 kvm 13.100
20 1 kvm 13.378
20 2 kvm 11.586
20 3 kvm 11.942
20 4 kvm 11.698
20 5 kvm 11.616
20 6 kvm 11.517
20 7 kvm 11.538
20 8 kvm 11.485
20 9 kvm 13.143
20 10 kvm 11.608
20 11 kvm 11.660
20 12 kvm 11.377
20 13 kvm 11.440
20 14 kvm 11.492
20 15 kvm 11.492
20 16 kvm 11.437
20 17 kvm 11.818
20 18 kvm 11.433
20 19 kvm 11.832
20 20 kvm 11.636
20 21 kvm 11.331
20 22 kvm 11.545
20 23 kvm 11.985
20 24 kvm 11.478
20 25 kvm 11.825
20 26 kvm 11.548
20 27 kvm 11.895
20 28 kvm 11.582
20 29 kvm 11.734
20 30 kvm 11.700
1 1 nativo 173.189
1 2 nativo 171.776
1 3 nativo 171.355
1 4 nativo 171.839
1 5 nativo 171.636
1 6 nativo 171.199
1 7 nativo 171.863
1 8 nativo 171.911
1 9 nativo 171.671
1 10 nativo 171.221
1 11 nativo 171.712
1 12 nativo 171.032
1 13 nativo 171.691
1 14 nativo 170.687
1 15 nativo 171.261
1 16 nativo 171.379
1 17 nativo 171.375
1 18 nativo 170.996
1 19 nativo 170.651
1 20 nativo 170.763
1 21 nativo 171.367
1 22 nativo 170.687
1 23 nativo 170.943
1 24 nativo 171.091
1 25 nativo 171.102
1 26 nativo 171.363
1 27 nativo 171.375
1 28 nativo 171.039
1 29 nativo 170.859
1 30 nativo 170.983
2 1 nativo 88.082
2 2 nativo 88.123
2 3 nativo 87.930
2 4 nativo 88.464
2 5 nativo 88.199
2 6 nativo 88.374
2 7 nativo 87.964
2 8 nativo 87.998
2 9 nativo 88.367
2 10 nativo 88.411
2 11 nativo 88.010
2 12 nativo 87.887
2 13 nativo 87.990
2 14 nativo 88.031
2 15 nativo 88.295
2 16 nativo 88.159
2 17 nativo 88.335
2 18 nativo 88.063
2 19 nativo 88.255
2 20 nativo 88.010
2 21 nativo 88.022
2 22 nativo 88.215
2 23 nativo 88.123
2 24 nativo 88.210
2 25 nativo 88.543
2 26 nativo 88.499
2 27 nativo 88.407
2 28 nativo 87.899
2 29 nativo 88.155
2 30 nativo 88.443
4 1 nativo 45.623
4 2 nativo 45.495
4 3 nativo 45.371
4 4 nativo 45.023
4 5 nativo 45.579
4 6 nativo 44.970
4 7 nativo 45.436
4 8 nativo 45.367
4 9 nativo 45.283
4 10 nativo 45.242
4 11 nativo 45.448
4 12 nativo 45.912
4 13 nativo 45.571
4 14 nativo 45.237
4 15 nativo 45.667
4 16 nativo 45.847
4 17 nativo 45.623
4 18 nativo 45.443
4 19 nativo 45.399
4 20 nativo 45.434
4 21 nativo 46.208
4 22 nativo 45.811
4 23 nativo 45.403
4 24 nativo 45.248
4 25 nativo 45.617
4 26 nativo 45.476
4 27 nativo 45.510
4 28 nativo 45.600
4 29 nativo 45.779
4 30 nativo 45.503
8 1 nativo 23.830
8 2 nativo 23.679
8 3 nativo 23.921
8 4 nativo 23.611
8 5 nativo 23.655
8 6 nativo 23.706
8 7 nativo 23.796
8 8 nativo 23.677
8 9 nativo 23.733
8 10 nativo 23.775
8 11 nativo 23.799
8 12 nativo 23.753
8 13 nativo 23.774
8 14 nativo 23.931
8 15 nativo 23.826
8 16 nativo 23.884
8 17 nativo 23.803
8 18 nativo 23.727
8 19 nativo 23.738
8 20 nativo 23.801
8 21 nativo 23.749
8 22 nativo 23.734
8 23 nativo 23.680
8 24 nativo 23.658
8 25 nativo 23.667
8 26 nativo 23.825
8 27 nativo 23.703
8 28 nativo 23.887
8 29 nativo 23.787
8 30 nativo 23.742
10 1 nativo 20.703
10 2 nativo 20.677
10 3 nativo 20.415
10 4 nativo 20.503
10 5 nativo 20.667
10 6 nativo 20.689
10 7 nativo 20.637
10 8 nativo 20.387
10 9 nativo 20.367
10 10 nativo 20.506
10 11 nativo 20.499
10 12 nativo 20.728
10 13 nativo 20.543
10 14 nativo 20.640
10 15 nativo 20.570
10 16 nativo 20.271
10 17 nativo 20.731
10 18 nativo 20.367
10 19 nativo 20.826
10 20 nativo 20.662
10 21 nativo 20.659
10 22 nativo 20.679
10 23 nativo 20.671
10 24 nativo 20.580
10 25 nativo 20.731
10 26 nativo 20.502
10 27 nativo 20.621
10 28 nativo 20.317
10 29 nativo 20.599
10 30 nativo 20.583
16 1 nativo 12.838
16 2 nativo 12.919
16 3 nativo 12.709
16 4 nativo 12.801
16 5 nativo 12.787
16 6 nativo 12.853
16 7 nativo 12.717
16 8 nativo 12.905
16 9 nativo 12.734
16 10 nativo 12.859
16 11 nativo 12.920
16 12 nativo 12.710
16 13 nativo 12.731
16 14 nativo 12.729
16 15 nativo 12.769
16 16 nativo 12.764
16 17 nativo 12.876
16 18 nativo 12.860
16 19 nativo 12.753
16 20 nativo 12.938
16 21 nativo 12.773
16 22 nativo 12.900
16 23 nativo 12.819
16 24 nativo 12.795
16 25 nativo 12.816
16 26 nativo 12.825
16 27 nativo 12.807
16 28 nativo 12.830
16 29 nativo 12.816
16 30 nativo 12.812
20 1 nativo 11.340
20 2 nativo 11.174
20 3 nativo 11.126
20 4 nativo 11.215
20 5 nativo 11.226
20 6 nativo 11.610
20 7 nativo 11.469
20 8 nativo 11.205
20 9 nativo 11.486
20 10 nativo 11.074
20 11 nativo 11.177
20 12 nativo 11.078
20 13 nativo 11.066
20 14 nativo 11.076
20 15 nativo 11.199
20 16 nativo 11.175
20 17 nativo 11.212
20 18 nativo 11.136
20 19 nativo 11.498
20 20 nativo 11.150
20 21 nativo 11.179
20 22 nativo 11.243
20 23 nativo 11.427
20 24 nativo 11.454
20 25 nativo 11.291
20 26 nativo 11.129
20 27 nativo 11.107
20 28 nativo 11.219
20 29 nativo 11.082
20 30 nativo 11.137
1 1 xen 158.771
1 2 xen 157.925
1 3 xen 157.823
1 4 xen 158.051
1 5 xen 157.415
1 6 xen 157.928
1 7 xen 157.957
1 8 xen 157.604
1 9 xen 157.429
1 10 xen 155.908
1 11 xen 156.417
1 12 xen 156.325
1 13 xen 156.719
1 14 xen 156.540
1 15 xen 158.178
1 16 xen 156.679
1 17 xen 156.637
1 18 xen 158.132
1 19 xen 156.835
1 20 xen 156.973
1 21 xen 156.853
1 22 xen 156.863
1 23 xen 158.697
1 24 xen 156.984
1 25 xen 157.552
1 26 xen 157.084
1 27 xen 156.812
1 28 xen 156.525
1 29 xen 158.320
1 30 xen 156.571
2 1 xen 83.481
2 2 xen 83.629
2 3 xen 84.016
2 4 xen 83.758
2 5 xen 83.360
2 6 xen 83.781
2 7 xen 83.868
2 8 xen 83.847
2 9 xen 83.647
2 10 xen 84.138
2 11 xen 83.890
2 12 xen 84.266
2 13 xen 83.627
2 14 xen 83.884
2 15 xen 84.045
2 16 xen 84.235
2 17 xen 84.225
2 18 xen 83.748
2 19 xen 83.962
2 20 xen 84.355
2 21 xen 84.025
2 22 xen 83.679
2 23 xen 84.111
2 24 xen 84.057
2 25 xen 83.867
2 26 xen 83.860
2 27 xen 84.140
2 28 xen 84.134
2 29 xen 84.487
2 30 xen 83.951
4 1 xen 44.271
4 2 xen 45.624
4 3 xen 44.233
4 4 xen 53.440
4 5 xen 42.979
4 6 xen 45.957
4 7 xen 42.971
4 8 xen 43.385
4 9 xen 49.194
4 10 xen 45.650
4 11 xen 43.595
4 12 xen 44.558
4 13 xen 43.296
4 14 xen 44.084
4 15 xen 46.242
4 16 xen 42.869
4 17 xen 44.284
4 18 xen 42.618
4 19 xen 43.878
4 20 xen 43.541
4 21 xen 43.126
4 22 xen 43.431
4 23 xen 43.939
4 24 xen 43.355
4 25 xen 45.798
4 26 xen 43.183
4 27 xen 43.659
4 28 xen 44.162
4 29 xen 45.719
4 30 xen 42.749
8 1 xen 24.191
8 2 xen 24.407
8 3 xen 24.073
8 4 xen 24.692
8 5 xen 24.607
8 6 xen 29.885
8 7 xen 24.745
8 8 xen 24.213
8 9 xen 24.426
8 10 xen 24.538
8 11 xen 24.594
8 12 xen 24.626
8 13 xen 24.827
8 14 xen 24.200
8 15 xen 24.716
8 16 xen 24.904
8 17 xen 24.106
8 18 xen 24.985
8 19 xen 24.955
8 20 xen 24.713
8 21 xen 30.795
8 22 xen 24.013
8 23 xen 24.557
8 24 xen 24.063
8 25 xen 23.977
8 26 xen 24.827
8 27 xen 24.789
8 28 xen 24.144
8 29 xen 25.431
8 30 xen 24.923
10 1 xen 20.935
10 2 xen 30.136
10 3 xen 22.363
10 4 xen 30.163
10 5 xen 20.881
10 6 xen 22.372
10 7 xen 20.970
10 8 xen 20.963
10 9 xen 31.008
10 10 xen 26.362
10 11 xen 21.145
10 12 xen 21.484
10 13 xen 24.834
10 14 xen 21.288
10 15 xen 20.790
10 16 xen 24.231
10 17 xen 21.119
10 18 xen 27.189
10 19 xen 21.194
10 20 xen 20.871
10 21 xen 20.782
10 22 xen 21.550
10 23 xen 21.255
10 24 xen 20.864
10 25 xen 23.155
10 26 xen 21.303
10 27 xen 21.364
10 28 xen 21.107
10 29 xen 21.149
10 30 xen 21.337
16 1 xen 24.363
16 2 xen 13.457
16 3 xen 17.393
16 4 xen 14.440
16 5 xen 13.631
16 6 xen 13.442
16 7 xen 16.072
16 8 xen 13.478
16 9 xen 17.714
16 10 xen 16.439
16 11 xen 13.958
16 12 xen 14.658
16 13 xen 17.220
16 14 xen 15.941
16 15 xen 13.394
16 16 xen 13.415
16 17 xen 18.833
16 18 xen 15.290
16 19 xen 13.593
16 20 xen 22.696
16 21 xen 13.506
16 22 xen 14.035
16 23 xen 13.381
16 24 xen 17.922
16 25 xen 14.680
16 26 xen 14.684
16 27 xen 16.036
16 28 xen 13.397
16 29 xen 16.530
16 30 xen 13.414
20 1 xen 21.513
20 2 xen 19.376
20 3 xen 12.255
20 4 xen 23.095
20 5 xen 19.418
20 6 xen 14.102
20 7 xen 12.027
20 8 xen 22.489
20 9 xen 20.259
20 10 xen 14.866
20 11 xen 13.087
20 12 xen 17.557
20 13 xen 20.350
20 14 xen 20.106
20 15 xen 20.343
20 16 xen 19.315
20 17 xen 19.946
20 18 xen 20.415
20 19 xen 20.375
20 20 xen 13.466
20 21 xen 15.884
20 22 xen 12.149
20 23 xen 17.970
20 24 xen 12.003
20 25 xen 12.521
20 26 xen 19.257
20 27 xen 16.286
20 28 xen 21.682
20 29 xen 20.930
20 30 xen 22.848
