CPUs Experimento Ambiente Tempo
1 1 kvm 173.286
1 2 kvm 173.686
1 3 kvm 174.139
1 4 kvm 171.820
1 5 kvm 174.805
1 6 kvm 173.050
1 7 kvm 174.694
1 8 kvm 174.926
1 9 kvm 171.996
1 10 kvm 174.399
1 11 kvm 173.745
1 12 kvm 172.507
1 13 kvm 174.855
1 14 kvm 173.877
1 15 kvm 173.781
1 16 kvm 174.017
1 17 kvm 172.320
1 18 kvm 174.984
1 19 kvm 173.300
1 20 kvm 172.778
1 21 kvm 174.128
1 22 kvm 173.166
1 23 kvm 171.872
1 24 kvm 174.829
1 25 kvm 173.267
1 26 kvm 171.834
1 27 kvm 175.325
1 28 kvm 173.683
1 29 kvm 172.073
1 30 kvm 175.217
2 1 kvm 89.741
2 2 kvm 88.724
2 3 kvm 88.865
2 4 kvm 89.043
2 5 kvm 89.972
2 6 kvm 89.752
2 7 kvm 89.571
2 8 kvm 89.833
2 9 kvm 89.491
2 10 kvm 89.284
2 11 kvm 90.146
2 12 kvm 89.258
2 13 kvm 89.824
2 14 kvm 89.833
2 15 kvm 88.939
2 16 kvm 88.933
2 17 kvm 89.460
2 18 kvm 89.617
2 19 kvm 89.558
2 20 kvm 89.613
2 21 kvm 89.423
2 22 kvm 89.181
2 23 kvm 89.199
2 24 kvm 88.748
2 25 kvm 90.016
2 26 kvm 90.349
2 27 kvm 89.663
2 28 kvm 89.694
2 29 kvm 89.044
2 30 kvm 89.189
4 1 kvm 45.600
4 2 kvm 45.792
4 3 kvm 45.744
4 4 kvm 45.924
4 5 kvm 46.399
4 6 kvm 46.152
4 7 kvm 46.084
4 8 kvm 46.022
4 9 kvm 45.770
4 10 kvm 46.112
4 11 kvm 45.853
4 12 kvm 46.593
4 13 kvm 46.135
4 14 kvm 45.796
4 15 kvm 46.220
4 16 kvm 46.084
4 17 kvm 46.324
4 18 kvm 46.530
4 19 kvm 46.245
4 20 kvm 46.058
4 21 kvm 46.364
4 22 kvm 46.315
4 23 kvm 46.336
4 24 kvm 46.173
4 25 kvm 46.504
4 26 kvm 46.037
4 27 kvm 46.386
4 28 kvm 46.368
4 29 kvm 45.800
4 30 kvm 46.272
8 1 kvm 24.182
8 2 kvm 24.447
8 3 kvm 24.135
8 4 kvm 24.384
8 5 kvm 24.096
8 6 kvm 24.205
8 7 kvm 24.219
8 8 kvm 25.102
8 9 kvm 24.132
8 10 kvm 24.375
8 11 kvm 24.145
8 12 kvm 24.240
8 13 kvm 24.230
8 14 kvm 24.371
8 15 kvm 24.317
8 16 kvm 24.153
8 17 kvm 24.171
8 18 kvm 24.121
8 19 kvm 24.435
8 20 kvm 24.268
8 21 kvm 24.171
8 22 kvm 24.229
8 23 kvm 24.315
8 24 kvm 24.123
8 25 kvm 24.173
8 26 kvm 24.347
8 27 kvm 24.058
8 28 kvm 24.779
8 29 kvm 24.106
8 30 kvm 24.290
10 1 kvm 20.832
10 2 kvm 20.931
10 3 kvm 20.866
10 4 kvm 20.820
10 5 kvm 21.224
10 6 kvm 21.504
10 7 kvm 20.984
10 8 kvm 20.763
10 9 kvm 20.635
10 10 kvm 21.057
10 11 kvm 21.033
10 12 kvm 20.900
10 13 kvm 20.870
10 14 kvm 21.125
10 15 kvm 20.886
10 16 kvm 21.100
10 17 kvm 20.929
10 18 kvm 20.884
10 19 kvm 20.942
10 20 kvm 21.024
10 21 kvm 20.834
10 22 kvm 20.945
10 23 kvm 20.891
10 24 kvm 20.768
10 25 kvm 21.007
10 26 kvm 21.051
10 27 kvm 21.077
10 28 kvm 20.744
10 29 kvm 20.937
10 30 kvm 20.775
16 1 kvm 13.498
16 2 kvm 13.694
16 3 kvm 13.661
16 4 kvm 13.719
16 5 kvm 13.369
16 6 kvm 13.748
16 7 kvm 14.339
16 8 kvm 13.605
16 9 kvm 13.718
16 10 kvm 13.745
16 11 kvm 13.827
16 12 kvm 13.336
16 13 kvm 13.669
16 14 kvm 13.726
16 15 kvm 13.523
16 16 kvm 13.441
16 17 kvm 13.785
16 18 kvm 13.766
16 19 kvm 13.422
16 20 kvm 13.592
16 21 kvm 13.616
16 22 kvm 13.680
16 23 kvm 13.709
16 24 kvm 13.966
16 25 kvm 13.524
16 26 kvm 13.437
16 27 kvm 13.711
16 28 kvm 13.648
16 29 kvm 13.664
16 30 kvm 13.632
20 1 kvm 13.253
20 2 kvm 12.631
20 3 kvm 12.108
20 4 kvm 12.309
20 5 kvm 12.560
20 6 kvm 12.536
20 7 kvm 12.975
20 8 kvm 13.011
20 9 kvm 12.393
20 10 kvm 12.507
20 11 kvm 12.601
20 12 kvm 12.402
20 13 kvm 12.886
20 14 kvm 12.391
20 15 kvm 12.324
20 16 kvm 12.845
20 17 kvm 12.747
20 18 kvm 12.906
20 19 kvm 12.622
20 20 kvm 12.116
20 21 kvm 12.028
20 22 kvm 12.647
20 23 kvm 12.352
20 24 kvm 12.538
20 25 kvm 12.489
20 26 kvm 12.541
20 27 kvm 11.725
20 28 kvm 12.862
20 29 kvm 12.476
20 30 kvm 12.611
32 1 kvm 12.659
32 2 kvm 12.667
32 3 kvm 12.610
32 4 kvm 12.516
32 5 kvm 12.718
32 6 kvm 12.707
32 7 kvm 12.594
32 8 kvm 12.698
32 9 kvm 12.586
32 10 kvm 12.692
32 11 kvm 12.739
32 12 kvm 12.726
32 13 kvm 12.553
32 14 kvm 12.632
32 15 kvm 12.579
32 16 kvm 12.638
32 17 kvm 12.527
32 18 kvm 12.658
32 19 kvm 12.782
32 20 kvm 12.727
32 21 kvm 12.628
32 22 kvm 12.846
32 23 kvm 12.678
32 24 kvm 12.715
32 25 kvm 12.630
32 26 kvm 12.567
32 27 kvm 12.644
32 28 kvm 12.480
32 29 kvm 12.570
32 30 kvm 12.605
40 1 kvm 12.798
40 2 kvm 11.249
40 3 kvm 11.431
40 4 kvm 11.754
40 5 kvm 11.613
40 6 kvm 14.720
40 7 kvm 11.559
40 8 kvm 12.481
40 9 kvm 11.409
40 10 kvm 11.870
40 11 kvm 11.480
40 12 kvm 11.474
40 13 kvm 11.457
40 14 kvm 11.264
40 15 kvm 11.469
40 16 kvm 11.396
40 17 kvm 11.586
40 18 kvm 11.715
40 19 kvm 11.496
40 20 kvm 11.574
40 21 kvm 12.010
40 22 kvm 11.543
40 23 kvm 11.564
40 24 kvm 11.473
40 25 kvm 11.491
40 26 kvm 11.974
40 27 kvm 11.527
40 28 kvm 11.540
40 29 kvm 11.299
40 30 kvm 11.327
1 1 nativo 173.095
1 2 nativo 171.919
1 3 nativo 171.637
1 4 nativo 171.763
1 5 nativo 172.243
1 6 nativo 171.607
1 7 nativo 172.691
1 8 nativo 173.038
1 9 nativo 173.255
1 10 nativo 174.350
1 11 nativo 171.523
1 12 nativo 171.895
1 13 nativo 172.322
1 14 nativo 171.739
1 15 nativo 172.251
1 16 nativo 172.071
1 17 nativo 172.459
1 18 nativo 172.011
1 19 nativo 172.382
1 20 nativo 173.083
1 21 nativo 171.711
1 22 nativo 171.499
1 23 nativo 171.367
1 24 nativo 174.007
1 25 nativo 171.591
1 26 nativo 173.694
1 27 nativo 172.795
1 28 nativo 172.863
1 29 nativo 172.983
1 30 nativo 172.583
2 1 nativo 88.986
2 2 nativo 89.995
2 3 nativo 88.358
2 4 nativo 90.659
2 5 nativo 89.055
2 6 nativo 89.750
2 7 nativo 89.243
2 8 nativo 88.030
2 9 nativo 91.307
2 10 nativo 88.578
2 11 nativo 90.283
2 12 nativo 89.031
2 13 nativo 88.239
2 14 nativo 100.351
2 15 nativo 88.634
2 16 nativo 89.396
2 17 nativo 88.467
2 18 nativo 88.554
2 19 nativo 89.651
2 20 nativo 88.634
2 21 nativo 89.411
2 22 nativo 89.439
2 23 nativo 88.667
2 24 nativo 89.091
2 25 nativo 88.515
2 26 nativo 89.319
2 27 nativo 88.743
2 28 nativo 87.931
2 29 nativo 89.551
2 30 nativo 88.358
4 1 nativo 45.975
4 2 nativo 46.027
4 3 nativo 45.631
4 4 nativo 46.024
4 5 nativo 45.761
4 6 nativo 45.931
4 7 nativo 45.754
4 8 nativo 46.331
4 9 nativo 46.047
4 10 nativo 45.334
4 11 nativo 45.728
4 12 nativo 45.919
4 13 nativo 45.659
4 14 nativo 45.423
4 15 nativo 45.590
4 16 nativo 45.995
4 17 nativo 45.491
4 18 nativo 46.219
4 19 nativo 45.967
4 20 nativo 46.011
4 21 nativo 45.706
4 22 nativo 46.003
4 23 nativo 45.795
4 24 nativo 45.815
4 25 nativo 45.483
4 26 nativo 45.327
4 27 nativo 45.383
4 28 nativo 45.570
4 29 nativo 45.445
4 30 nativo 45.699
8 1 nativo 23.780
8 2 nativo 23.983
8 3 nativo 23.822
8 4 nativo 23.797
8 5 nativo 23.838
8 6 nativo 23.908
8 7 nativo 23.726
8 8 nativo 23.856
8 9 nativo 24.044
8 10 nativo 24.298
8 11 nativo 23.899
8 12 nativo 23.819
8 13 nativo 23.871
8 14 nativo 23.975
8 15 nativo 23.834
8 16 nativo 23.874
8 17 nativo 23.904
8 18 nativo 23.843
8 19 nativo 23.775
8 20 nativo 24.956
8 21 nativo 23.726
8 22 nativo 23.951
8 23 nativo 23.795
8 24 nativo 24.307
8 25 nativo 23.867
8 26 nativo 23.763
8 27 nativo 23.903
8 28 nativo 23.987
8 29 nativo 23.816
8 30 nativo 23.781
10 1 nativo 20.542
10 2 nativo 20.666
10 3 nativo 20.577
10 4 nativo 20.531
10 5 nativo 20.799
10 6 nativo 20.602
10 7 nativo 20.675
10 8 nativo 20.556
10 9 nativo 20.596
10 10 nativo 20.685
10 11 nativo 20.623
10 12 nativo 20.508
10 13 nativo 20.486
10 14 nativo 20.673
10 15 nativo 20.738
10 16 nativo 20.543
10 17 nativo 20.631
10 18 nativo 20.557
10 19 nativo 20.303
10 20 nativo 20.669
10 21 nativo 20.491
10 22 nativo 20.563
10 23 nativo 20.471
10 24 nativo 20.853
10 25 nativo 20.385
10 26 nativo 20.522
10 27 nativo 20.546
10 28 nativo 20.685
10 29 nativo 20.651
10 30 nativo 20.727
16 1 nativo 12.692
16 2 nativo 12.796
16 3 nativo 12.845
16 4 nativo 12.877
16 5 nativo 12.834
16 6 nativo 12.738
16 7 nativo 12.832
16 8 nativo 12.783
16 9 nativo 12.788
16 10 nativo 12.845
16 11 nativo 12.919
16 12 nativo 12.912
16 13 nativo 12.779
16 14 nativo 12.716
16 15 nativo 12.826
16 16 nativo 12.851
16 17 nativo 12.766
16 18 nativo 12.878
16 19 nativo 12.761
16 20 nativo 12.759
16 21 nativo 12.924
16 22 nativo 12.865
16 23 nativo 12.785
16 24 nativo 12.719
16 25 nativo 12.862
16 26 nativo 12.818
16 27 nativo 12.803
16 28 nativo 12.734
16 29 nativo 12.803
16 30 nativo 12.764
20 1 nativo 11.232
20 2 nativo 11.400
20 3 nativo 11.239
20 4 nativo 11.227
20 5 nativo 11.247
20 6 nativo 11.494
20 7 nativo 11.428
20 8 nativo 11.144
20 9 nativo 11.106
20 10 nativo 11.154
20 11 nativo 11.231
20 12 nativo 11.124
20 13 nativo 11.174
20 14 nativo 11.221
20 15 nativo 11.227
20 16 nativo 11.395
20 17 nativo 11.358
20 18 nativo 11.228
20 19 nativo 11.119
20 20 nativo 11.319
20 21 nativo 11.139
20 22 nativo 11.159
20 23 nativo 11.214
20 24 nativo 11.189
20 25 nativo 11.206
20 26 nativo 11.450
20 27 nativo 11.164
20 28 nativo 11.152
20 29 nativo 11.255
20 30 nativo 11.386
32 1 nativo 11.915
32 2 nativo 11.817
32 3 nativo 11.654
32 4 nativo 11.767
32 5 nativo 11.821
32 6 nativo 11.805
32 7 nativo 11.926
32 8 nativo 11.838
32 9 nativo 11.829
32 10 nativo 11.844
32 11 nativo 11.747
32 12 nativo 11.768
32 13 nativo 11.704
32 14 nativo 11.731
32 15 nativo 11.825
32 16 nativo 11.809
32 17 nativo 11.748
32 18 nativo 11.776
32 19 nativo 11.750
32 20 nativo 11.823
32 21 nativo 11.804
32 22 nativo 11.993
32 23 nativo 11.832
32 24 nativo 11.704
32 25 nativo 11.822
32 26 nativo 11.825
32 27 nativo 11.948
32 28 nativo 11.792
32 29 nativo 11.850
32 30 nativo 11.916
40 1 nativo 12.195
40 2 nativo 11.164
40 3 nativo 10.549
40 4 nativo 11.634
40 5 nativo 10.456
40 6 nativo 10.814
40 7 nativo 10.459
40 8 nativo 10.827
40 9 nativo 11.196
40 10 nativo 10.941
40 11 nativo 10.729
40 12 nativo 10.665
40 13 nativo 10.635
40 14 nativo 10.702
40 15 nativo 10.933
40 16 nativo 11.140
40 17 nativo 10.627
40 18 nativo 10.439
40 19 nativo 10.540
40 20 nativo 10.980
40 21 nativo 10.721
40 22 nativo 10.843
40 23 nativo 10.677
40 24 nativo 10.705
40 25 nativo 10.547
40 26 nativo 10.699
40 27 nativo 10.670
40 28 nativo 10.688
40 29 nativo 10.875
40 30 nativo 10.663
1 1 xen 156.132
1 2 xen 157.383
1 3 xen 157.046
1 4 xen 156.757
1 5 xen 157.850
1 6 xen 156.746
1 7 xen 157.549
1 8 xen 156.413
1 9 xen 156.224
1 10 xen 156.932
1 11 xen 156.195
1 12 xen 157.042
1 13 xen 157.252
1 14 xen 156.823
1 15 xen 156.708
1 16 xen 156.933
1 17 xen 156.437
1 18 xen 157.181
1 19 xen 157.312
1 20 xen 158.584
1 21 xen 158.935
1 22 xen 156.372
1 23 xen 158.183
1 24 xen 156.824
1 25 xen 157.534
1 26 xen 157.412
1 27 xen 157.280
1 28 xen 160.968
1 29 xen 156.450
1 30 xen 157.163
2 1 xen 83.624
2 2 xen 83.511
2 3 xen 83.977
2 4 xen 84.150
2 5 xen 83.869
2 6 xen 83.843
2 7 xen 83.743
2 8 xen 83.648
2 9 xen 83.752
2 10 xen 83.916
2 11 xen 84.658
2 12 xen 83.897
2 13 xen 80.723
2 14 xen 80.711
2 15 xen 80.677
2 16 xen 81.089
2 17 xen 81.208
2 18 xen 81.124
2 19 xen 80.961
2 20 xen 81.071
2 21 xen 80.901
2 22 xen 80.850
2 23 xen 80.996
2 24 xen 80.797
2 25 xen 80.926
2 26 xen 84.183
2 27 xen 83.366
2 28 xen 83.491
2 29 xen 83.385
2 30 xen 84.476
4 1 xen 44.462
4 2 xen 43.821
4 3 xen 49.518
4 4 xen 43.842
4 5 xen 44.500
4 6 xen 42.694
4 7 xen 42.997
4 8 xen 42.687
4 9 xen 44.258
4 10 xen 47.295
4 11 xen 43.990
4 12 xen 44.036
4 13 xen 43.961
4 14 xen 43.348
4 15 xen 45.786
4 16 xen 42.833
4 17 xen 44.282
4 18 xen 43.279
4 19 xen 44.390
4 20 xen 43.747
4 21 xen 43.648
4 22 xen 42.729
4 23 xen 46.028
4 24 xen 42.548
4 25 xen 43.180
4 26 xen 42.612
4 27 xen 44.185
4 28 xen 43.220
4 29 xen 45.743
4 30 xen 43.041
8 1 xen 102.329
8 2 xen 24.272
8 3 xen 24.251
8 4 xen 24.760
8 5 xen 30.972
8 6 xen 24.666
8 7 xen 24.405
8 8 xen 24.515
8 9 xen 24.362
8 10 xen 24.013
8 11 xen 24.134
8 12 xen 26.671
8 13 xen 24.091
8 14 xen 23.931
8 15 xen 24.780
8 16 xen 24.434
8 17 xen 24.471
8 18 xen 24.596
8 19 xen 24.240
8 20 xen 24.876
8 21 xen 24.276
8 22 xen 24.835
8 23 xen 24.516
8 24 xen 24.044
8 25 xen 24.869
8 26 xen 24.962
8 27 xen 24.130
8 28 xen 24.222
8 29 xen 25.514
8 30 xen 24.187
10 1 xen 20.932
10 2 xen 21.005
10 3 xen 23.015
10 4 xen 20.987
10 5 xen 21.082
10 6 xen 21.021
10 7 xen 21.029
10 8 xen 20.960
10 9 xen 21.828
10 10 xen 25.704
10 11 xen 27.107
10 12 xen 21.736
10 13 xen 21.237
10 14 xen 20.924
10 15 xen 21.470
10 16 xen 21.356
10 17 xen 21.242
10 18 xen 21.257
10 19 xen 21.313
10 20 xen 22.615
10 21 xen 22.588
10 22 xen 23.825
10 23 xen 21.467
10 24 xen 21.136
10 25 xen 21.260
10 26 xen 21.112
10 27 xen 21.415
10 28 xen 21.210
10 29 xen 21.412
10 30 xen 21.183
16 1 xen 13.443
16 2 xen 18.006
16 3 xen 21.509
16 4 xen 20.756
16 5 xen 13.415
16 6 xen 19.630
16 7 xen 19.018
16 8 xen 20.563
16 9 xen 20.059
16 10 xen 17.504
16 11 xen 16.627
16 12 xen 20.501
16 13 xen 16.383
16 14 xen 15.260
16 15 xen 13.658
16 16 xen 13.683
16 17 xen 15.367
16 18 xen 17.726
16 19 xen 14.506
16 20 xen 14.567
16 21 xen 17.928
16 22 xen 14.410
16 23 xen 13.675
16 24 xen 13.822
16 25 xen 13.617
16 26 xen 14.142
16 27 xen 19.291
16 28 xen 15.020
16 29 xen 15.583
16 30 xen 14.461
20 1 xen 19.928
20 2 xen 19.673
20 3 xen 13.529
20 4 xen 19.629
20 5 xen 13.214
20 6 xen 12.069
20 7 xen 19.578
20 8 xen 19.498
20 9 xen 19.711
20 10 xen 19.872
20 11 xen 18.015
20 12 xen 18.750
20 13 xen 15.287
20 14 xen 19.759
20 15 xen 20.384
20 16 xen 19.710
20 17 xen 17.068
20 18 xen 19.921
20 19 xen 15.852
20 20 xen 21.922
20 21 xen 20.426
20 22 xen 21.200
20 23 xen 19.336
20 24 xen 18.232
20 25 xen 20.422
20 26 xen 19.879
20 27 xen 19.316
20 28 xen 19.137
20 29 xen 21.572
20 30 xen 20.813
32 1 xen 14.182
32 2 xen 15.816
32 3 xen 13.992
32 4 xen 17.188
32 5 xen 16.908
32 6 xen 16.273
32 7 xen 13.760
32 8 xen 14.116
32 9 xen 15.825
32 10 xen 16.117
32 11 xen 15.951
32 12 xen 16.040
32 13 xen 15.945
32 14 xen 16.449
32 15 xen 15.545
32 16 xen 14.136
32 17 xen 13.884
32 18 xen 17.073
32 19 xen 17.213
32 20 xen 13.913
32 21 xen 15.805
32 22 xen 15.895
32 23 xen 16.253
32 24 xen 16.194
32 25 xen 15.904
32 26 xen 15.092
32 27 xen 14.081
32 28 xen 14.806
32 29 xen 15.650
32 30 xen 18.927
40 1 xen 16.419
40 2 xen 16.050
40 3 xen 20.089
40 4 xen 21.522
40 5 xen 18.483
40 6 xen 20.719
40 7 xen 19.229
40 8 xen 19.896
40 9 xen 23.668
40 10 xen 19.521
40 11 xen 14.477
40 12 xen 18.151
40 13 xen 16.810
40 14 xen 19.105
40 15 xen 19.097
40 16 xen 17.273
40 17 xen 18.613
40 18 xen 17.230
40 19 xen 19.750
40 20 xen 16.716
40 21 xen 19.484
40 22 xen 19.869
40 23 xen 19.182
40 24 xen 13.158
40 25 xen 20.741
40 26 xen 21.104
40 27 xen 17.253
40 28 xen 15.911
40 29 xen 15.184
40 30 xen 13.697
