CPUs Experimento Ambiente Tempo Disco
1 1 nativo 967.69 1379509548
1 2 nativo 969.31 1379509548
1 3 nativo 968.77 1379509548
1 4 nativo 968.96 1379509548
1 5 nativo 968.99 1379509548
1 6 nativo 969.27 1379509548
1 7 nativo 971.24 1379509548
1 8 nativo 966.84 1379509548
1 9 nativo 970.68 1379509548
1 10 nativo 968.18 1379509548
1 11 nativo 968.85 1379509548
1 12 nativo 970.28 1379509548
1 13 nativo 967.88 1379509548
1 14 nativo 966.78 1379509548
1 15 nativo 965.14 1379509548
1 16 nativo 966.71 1379509548
1 17 nativo 968.35 1379509548
1 18 nativo 967.81 1379509548
1 19 nativo 968.43 1379509548
1 20 nativo 964.85 1379509548
1 21 nativo 967.35 1379509548
1 22 nativo 969.27 1379509548
1 23 nativo 971.10 1379509548
1 24 nativo 965.64 1379509548
1 25 nativo 967.78 1379509548
1 26 nativo 967.87 1379509548
1 27 nativo 967.55 1379509548
1 28 nativo 966.89 1379509548
1 29 nativo 966.78 1379509548
1 30 nativo 968.69 1379509548
2 1 nativo 489.02 1379509548
2 2 nativo 491.08 1379689564
2 3 nativo 492.22 1379509548
2 4 nativo 492.56 1379509548
2 5 nativo 492.13 1379509548
2 6 nativo 491.53 1379509548
2 7 nativo 489.94 1379509548
2 8 nativo 490.99 1379509548
2 9 nativo 491.17 1379689564
2 10 nativo 492.27 1379509548
2 11 nativo 490.67 1379509548
2 12 nativo 492.95 1379689564
2 13 nativo 492.06 1379689564
2 14 nativo 492.04 1379509548
2 15 nativo 491.56 1379509548
2 16 nativo 491.99 1379689564
2 17 nativo 491.18 1379689564
2 18 nativo 490.96 1379509548
2 19 nativo 492.07 1379509548
2 20 nativo 492.04 1379509548
2 21 nativo 491.76 1379509548
2 22 nativo 492.02 1379509548
2 23 nativo 493.19 1379509548
2 24 nativo 492.30 1379689564
2 25 nativo 491.38 1379689564
2 26 nativo 492.30 1379509548
2 27 nativo 492.78 1379509548
2 28 nativo 492.72 1379689564
2 29 nativo 491.61 1379689564
2 30 nativo 492.10 1379509548
4 1 nativo 252.26 1379689564
4 2 nativo 252.03 1379869580
4 3 nativo 254.74 1379869580
4 4 nativo 252.20 1379869580
4 5 nativo 252.29 1379689564
4 6 nativo 252.06 1379689564
4 7 nativo 253.15 1380049596
4 8 nativo 252.04 1379869580
4 9 nativo 254.81 1379869580
4 10 nativo 252.64 1379869580
4 11 nativo 251.79 1379689564
4 12 nativo 252.01 1379689564
4 13 nativo 252.37 1379689564
4 14 nativo 251.87 1379689564
4 15 nativo 252.56 1379689564
4 16 nativo 252.22 1379689564
4 17 nativo 251.91 1379689564
4 18 nativo 252.48 1379869580
4 19 nativo 252.32 1379689564
4 20 nativo 252.03 1379869580
4 21 nativo 251.78 1379689564
4 22 nativo 251.85 1379689564
4 23 nativo 252.19 1379689564
4 24 nativo 252.70 1379689564
4 25 nativo 252.16 1379869580
4 26 nativo 253.75 1379689564
4 27 nativo 253.82 1379509548
4 28 nativo 252.38 1379689564
4 29 nativo 254.11 1379689564
4 30 nativo 252.98 1379869580
8 1 nativo 129.20 1379869580
8 2 nativo 129.21 1380049596
8 3 nativo 129.40 1380229612
8 4 nativo 129.56 1380229612
8 5 nativo 129.23 1380049596
8 6 nativo 129.19 1380049596
8 7 nativo 129.30 1380229612
8 8 nativo 129.57 1380409628
8 9 nativo 129.61 1380229612
8 10 nativo 129.49 1380229612
8 11 nativo 129.86 1380049596
8 12 nativo 130.25 1380049596
8 13 nativo 130.66 1380409628
8 14 nativo 129.49 1379869580
8 15 nativo 129.13 1380049596
8 16 nativo 129.35 1380049596
8 17 nativo 129.24 1380229612
8 18 nativo 131.04 1380049596
8 19 nativo 130.80 1380049596
8 20 nativo 129.73 1380049596
8 21 nativo 134.91 1380229612
8 22 nativo 129.33 1380229612
8 23 nativo 129.23 1380229612
8 24 nativo 129.09 1380049596
8 25 nativo 129.28 1379869580
8 26 nativo 130.64 1379869580
8 27 nativo 129.49 1380409628
8 28 nativo 129.47 1380229612
8 29 nativo 129.23 1380049596
8 30 nativo 129.32 1379869580
10 1 nativo 107.36 1380229612
10 2 nativo 109.29 1380229612
10 3 nativo 106.73 1380409628
10 4 nativo 106.85 1380229612
10 5 nativo 109.69 1380409628
10 6 nativo 111.39 1380589644
10 7 nativo 106.21 1380229612
10 8 nativo 106.33 1380589644
10 9 nativo 106.89 1380229612
10 10 nativo 106.54 1380409628
10 11 nativo 106.66 1380409628
10 12 nativo 106.47 1380409628
10 13 nativo 106.44 1380229612
10 14 nativo 106.53 1380049596
10 15 nativo 106.68 1380049596
10 16 nativo 107.73 1380229612
10 17 nativo 106.82 1380229612
10 18 nativo 106.28 1380049596
10 19 nativo 107.26 1380229612
10 20 nativo 106.35 1380409628
10 21 nativo 109.18 1380409628
10 22 nativo 106.38 1380409628
10 23 nativo 106.15 1380049596
10 24 nativo 107.20 1380229612
10 25 nativo 109.20 1380409628
10 26 nativo 108.82 1380049596
10 27 nativo 106.51 1380409628
10 28 nativo 106.42 1380229612
10 29 nativo 106.45 1380409628
10 30 nativo 106.39 1380409628
16 1 nativo 98.11 1380769660
16 2 nativo 98.45 1380949676
16 3 nativo 99.29 1380949676
16 4 nativo 101.29 1380949676
16 5 nativo 98.26 1380949676
16 6 nativo 98.25 1380949676
16 7 nativo 98.36 1380589644
16 8 nativo 99.10 1380769660
16 9 nativo 102.25 1381129692
16 10 nativo 98.19 1380769660
16 11 nativo 98.46 1381129692
16 12 nativo 98.13 1380769660
16 13 nativo 98.46 1380769660
16 14 nativo 98.47 1380589644
16 15 nativo 98.85 1380589644
16 16 nativo 98.37 1381129692
16 17 nativo 97.83 1380589644
16 18 nativo 98.17 1381309708
16 19 nativo 97.91 1380949676
16 20 nativo 103.89 1380949676
16 21 nativo 99.00 1380769660
16 22 nativo 98.50 1380769660
16 23 nativo 98.25 1380589644
16 24 nativo 98.32 1380949676
16 25 nativo 98.10 1380949676
16 26 nativo 98.87 1380769660
16 27 nativo 98.30 1380949676
16 28 nativo 98.28 1381129692
16 29 nativo 102.15 1380949676
16 30 nativo 98.51 1380949676
20 1 nativo 94.20 1381129692
20 2 nativo 94.91 1381129692
20 3 nativo 100.21 1381489724
20 4 nativo 97.45 1381489724
20 5 nativo 94.56 1380949676
20 6 nativo 94.49 1381309708
20 7 nativo 94.32 1380949676
20 8 nativo 95.54 1381489724
20 9 nativo 95.99 1381309708
20 10 nativo 96.63 1381129692
20 11 nativo 98.76 1381309708
20 12 nativo 94.42 1381489724
20 13 nativo 94.09 1381129692
20 14 nativo 94.31 1381309708
20 15 nativo 95.70 1381129692
20 16 nativo 94.62 1380949676
20 17 nativo 97.72 1381309708
20 18 nativo 94.08 1380949676
20 19 nativo 96.36 1381309708
20 20 nativo 96.61 1381489724
20 21 nativo 94.59 1381309708
20 22 nativo 99.77 1380949676
20 23 nativo 98.12 1381309708
20 24 nativo 94.15 1381309708
20 25 nativo 99.87 1380769660
20 26 nativo 94.06 1381489724
20 27 nativo 94.50 1380949676
20 28 nativo 94.62 1381129692
20 29 nativo 95.26 1381489724
20 30 nativo 97.33 1382029772
1 1 xen 832.14 1379509548
1 2 xen 843.44 1379509548
1 3 xen 850.76 1379509548
1 4 xen 863.15 1379509548
1 5 xen 855.60 1379509548
1 6 xen 848.37 1379509548
1 7 xen 829.57 1379509548
1 8 xen 839.13 1379509548
1 9 xen 828.63 1379509548
1 10 xen 863.37 1379509548
1 11 xen 833.18 1379509548
1 12 xen 863.68 1379509548
1 13 xen 835.15 1379509548
1 14 xen 834.39 1379509548
1 15 xen 865.71 1379509548
1 16 xen 838.81 1379509548
1 17 xen 833.54 1379509548
1 18 xen 848.02 1379509548
1 19 xen 842.41 1379509548
1 20 xen 865.36 1379509548
1 21 xen 835.37 1379509548
1 22 xen 832.01 1379509548
1 23 xen 833.49 1379509548
1 24 xen 842.57 1379509548
1 25 xen 841.43 1379509548
1 26 xen 840.55 1379509548
1 27 xen 835.72 1379509548
1 28 xen 847.23 1379509548
1 29 xen 838.08 1379509548
1 30 xen 827.24 1379509548
2 1 xen 451.90 1379509548
2 2 xen 448.87 1379509548
2 3 xen 454.98 1379689564
2 4 xen 452.30 1379509548
2 5 xen 449.85 1379509548
2 6 xen 452.14 1379509548
2 7 xen 451.03 1379509548
2 8 xen 450.81 1379509548
2 9 xen 451.88 1379689564
2 10 xen 449.83 1379509548
2 11 xen 450.43 1379509548
2 12 xen 453.81 1379689564
2 13 xen 452.72 1379689564
2 14 xen 455.66 1379509548
2 15 xen 452.24 1379689564
2 16 xen 451.31 1379509548
2 17 xen 457.11 1379689564
2 18 xen 452.37 1379689564
2 19 xen 451.90 1379689564
2 20 xen 452.31 1379509548
2 21 xen 454.18 1379509548
2 22 xen 451.05 1379689564
2 23 xen 454.22 1379689564
2 24 xen 451.89 1379509548
2 25 xen 450.35 1379689564
2 26 xen 453.99 1379509548
2 27 xen 453.44 1379509548
2 28 xen 453.68 1379509548
2 29 xen 456.86 1379509548
2 30 xen 452.72 1379509548
4 1 xen 261.73 1379689564
4 2 xen 262.52 1379869580
4 3 xen 259.53 1379689564
4 4 xen 257.45 1379869580
4 5 xen 256.24 1379869580
4 6 xen 260.73 1379689564
4 7 xen 262.54 1379869580
4 8 xen 259.66 1379689564
4 9 xen 260.76 1379869580
4 10 xen 257.07 1379689564
4 11 xen 262.54 1379689564
4 12 xen 263.52 1380049596
4 13 xen 259.53 1379869580
4 14 xen 264.09 1379689564
4 15 xen 263.62 1379869580
4 16 xen 258.04 1379689564
4 17 xen 265.51 1379689564
4 18 xen 265.05 1379689564
4 19 xen 262.31 1379689564
4 20 xen 262.54 1379869580
4 21 xen 262.73 1379869580
4 22 xen 264.11 1379869580
4 23 xen 260.34 1379689564
4 24 xen 270.39 1379869580
4 25 xen 265.40 1379689564
4 26 xen 262.20 1379869580
4 27 xen 268.50 1379869580
4 28 xen 265.63 1379689564
4 29 xen 260.95 1379869580
4 30 xen 261.29 1379509548
8 1 xen 170.14 1380049596
8 2 xen 170.20 1379869580
8 3 xen 172.50 1380049596
8 4 xen 167.91 1380049596
8 5 xen 176.49 1380049596
8 6 xen 171.73 1380229612
8 7 xen 172.50 1379869580
8 8 xen 168.70 1380229612
8 9 xen 175.87 1380229612
8 10 xen 170.76 1380049596
8 11 xen 168.11 1380049596
8 12 xen 172.99 1379869580
8 13 xen 169.79 1380409628
8 14 xen 170.76 1380409628
8 15 xen 168.52 1380049596
8 16 xen 165.46 1380229612
8 17 xen 170.16 1380229612
8 18 xen 172.09 1380049596
8 19 xen 169.72 1380049596
8 20 xen 168.15 1380049596
8 21 xen 165.56 1380409628
8 22 xen 175.00 1380049596
8 23 xen 171.34 1380229612
8 24 xen 164.02 1380229612
8 25 xen 165.77 1379869580
8 26 xen 170.31 1380049596
8 27 xen 168.33 1380409628
8 28 xen 170.08 1380049596
8 29 xen 169.33 1380229612
8 30 xen 169.55 1380049596
10 1 xen 150.44 1380409628
10 2 xen 147.94 1379869580
10 3 xen 155.31 1380589644
10 4 xen 150.28 1380409628
10 5 xen 153.50 1380409628
10 6 xen 154.66 1380229612
10 7 xen 146.11 1380229612
10 8 xen 158.12 1380589644
10 9 xen 149.74 1380049596
10 10 xen 152.04 1380049596
10 11 xen 147.88 1380409628
10 12 xen 146.48 1380229612
10 13 xen 149.22 1380409628
10 14 xen 150.76 1380409628
10 15 xen 153.39 1380049596
10 16 xen 151.90 1380229612
10 17 xen 152.45 1380409628
10 18 xen 147.58 1380409628
10 19 xen 151.38 1380409628
10 20 xen 156.13 1380229612
10 21 xen 150.10 1380409628
10 22 xen 152.65 1380229612
10 23 xen 149.88 1380229612
10 24 xen 154.64 1380229612
10 25 xen 152.84 1380229612
10 26 xen 155.61 1380409628
10 27 xen 150.77 1380589644
10 28 xen 149.59 1380589644
10 29 xen 154.99 1379869580
10 30 xen 154.04 1380589644
16 1 xen 137.72 1380769660
16 2 xen 137.12 1380589644
16 3 xen 139.69 1380769660
16 4 xen 137.14 1380949676
16 5 xen 135.11 1380949676
16 6 xen 135.64 1380589644
16 7 xen 139.58 1380589644
16 8 xen 135.09 1380769660
16 9 xen 137.90 1380769660
16 10 xen 139.21 1380949676
16 11 xen 137.16 1380949676
16 12 xen 135.07 1380949676
16 13 xen 137.66 1380769660
16 14 xen 138.16 1380949676
16 15 xen 140.37 1380769660
16 16 xen 139.97 1380949676
16 17 xen 138.61 1380769660
16 18 xen 141.19 1381129692
16 19 xen 136.76 1380949676
16 20 xen 137.79 1380769660
16 21 xen 137.04 1380769660
16 22 xen 134.14 1381129692
16 23 xen 137.95 1380949676
16 24 xen 137.30 1380949676
16 25 xen 137.23 1380589644
16 26 xen 137.26 1381129692
16 27 xen 136.23 1380769660
16 28 xen 137.23 1380769660
16 29 xen 134.59 1380949676
16 30 xen 139.43 1381129692
20 1 xen 132.66 1380949676
20 2 xen 130.21 1380949676
20 3 xen 127.33 1381129692
20 4 xen 131.64 1381309708
20 5 xen 131.08 1380949676
20 6 xen 131.85 1381309708
20 7 xen 132.46 1381309708
20 8 xen 131.68 1380949676
20 9 xen 128.31 1380949676
20 10 xen 129.94 1381489724
20 11 xen 129.04 1381309708
20 12 xen 130.99 1380949676
20 13 xen 132.33 1381489724
20 14 xen 130.53 1381309708
20 15 xen 130.36 1381309708
20 16 xen 132.66 1381489724
20 17 xen 130.68 1381309708
20 18 xen 131.94 1381489724
20 19 xen 127.47 1381309708
20 20 xen 130.45 1381489724
20 21 xen 131.97 1381309708
20 22 xen 127.67 1381309708
20 23 xen 130.79 1380949676
20 24 xen 133.29 1381309708
20 25 xen 130.89 1380769660
20 26 xen 130.86 1381129692
20 27 xen 135.81 1381309708
20 28 xen 128.06 1381669740
20 29 xen 131.25 1381309708
20 30 xen 129.22 1381129692
1 1 kvm 999.96 1379509548
1 2 kvm 1000.28 1379509548
1 3 kvm 999.48 1379509548
1 4 kvm 999.71 1379509548
1 5 kvm 999.57 1379509548
1 6 kvm 999.14 1379509548
1 7 kvm 996.98 1379509548
1 8 kvm 1006.44 1379509548
1 9 kvm 999.34 1379509548
1 10 kvm 1000.04 1379509548
1 11 kvm 999.42 1379509548
1 12 kvm 1005.40 1379509548
1 13 kvm 999.70 1379509548
1 14 kvm 1000.28 1379509548
1 15 kvm 1000.22 1379509548
1 16 kvm 995.75 1379509548
1 17 kvm 999.31 1379509548
1 18 kvm 997.67 1379509548
1 19 kvm 998.95 1379509548
1 20 kvm 1000.23 1379509548
1 21 kvm 997.27 1379509548
1 22 kvm 999.15 1379509548
1 23 kvm 996.69 1379509548
1 24 kvm 999.07 1379509548
1 25 kvm 1000.29 1379509548
1 26 kvm 1000.45 1379509548
1 27 kvm 996.38 1379509548
1 28 kvm 998.67 1379509548
1 29 kvm 998.56 1379509548
1 30 kvm 1000.92 1379509548
2 1 kvm 520.41 1379689564
2 2 kvm 521.35 1379509548
2 3 kvm 523.54 1379509548
2 4 kvm 526.85 1379509548
2 5 kvm 523.79 1379509548
2 6 kvm 525.22 1379509548
2 7 kvm 524.65 1379689564
2 8 kvm 525.95 1379689564
2 9 kvm 523.54 1379509548
2 10 kvm 523.63 1379509548
2 11 kvm 523.67 1379509548
2 12 kvm 522.26 1379689564
2 13 kvm 522.43 1379509548
2 14 kvm 520.48 1379509548
2 15 kvm 523.22 1379509548
2 16 kvm 521.51 1379689564
2 17 kvm 522.78 1379509548
2 18 kvm 520.62 1379689564
2 19 kvm 522.35 1379509548
2 20 kvm 523.50 1379689564
2 21 kvm 522.50 1379689564
2 22 kvm 522.22 1379509548
2 23 kvm 521.31 1379689564
2 24 kvm 522.70 1379689564
2 25 kvm 522.02 1379509548
2 26 kvm 523.30 1379509548
2 27 kvm 523.10 1379689564
2 28 kvm 519.91 1379509548
2 29 kvm 522.67 1379509548
2 30 kvm 524.10 1379689564
4 1 kvm 290.72 1379689564
4 2 kvm 288.79 1379689564
4 3 kvm 289.30 1379689564
4 4 kvm 288.13 1379869580
4 5 kvm 287.46 1379689564
4 6 kvm 288.94 1379689564
4 7 kvm 287.06 1379689564
4 8 kvm 291.06 1379869580
4 9 kvm 288.22 1379869580
4 10 kvm 289.33 1379689564
4 11 kvm 290.24 1379869580
4 12 kvm 289.86 1379689564
4 13 kvm 290.52 1379689564
4 14 kvm 287.97 1379689564
4 15 kvm 290.12 1379869580
4 16 kvm 291.00 1379689564
4 17 kvm 287.31 1379689564
4 18 kvm 288.54 1379869580
4 19 kvm 286.96 1379689564
4 20 kvm 287.23 1379869580
4 21 kvm 287.54 1379689564
4 22 kvm 289.94 1379689564
4 23 kvm 289.25 1379869580
4 24 kvm 290.20 1379689564
4 25 kvm 291.08 1379869580
4 26 kvm 287.73 1379869580
4 27 kvm 287.96 1379869580
4 28 kvm 288.54 1379869580
4 29 kvm 288.37 1379869580
4 30 kvm 288.37 1379869580
8 1 kvm 167.90 1380409628
8 2 kvm 165.60 1380049596
8 3 kvm 164.42 1380229612
8 4 kvm 169.74 1380229612
8 5 kvm 170.74 1380049596
8 6 kvm 168.68 1380229612
8 7 kvm 166.51 1380049596
8 8 kvm 169.28 1380049596
8 9 kvm 166.87 1380229612
8 10 kvm 167.25 1380049596
8 11 kvm 163.86 1380049596
8 12 kvm 165.79 1380049596
8 13 kvm 167.00 1380049596
8 14 kvm 166.16 1380049596
8 15 kvm 164.21 1380229612
8 16 kvm 166.35 1380229612
8 17 kvm 164.40 1380049596
8 18 kvm 164.20 1380229612
8 19 kvm 166.59 1380409628
8 20 kvm 168.87 1380049596
8 21 kvm 167.02 1380229612
8 22 kvm 165.52 1380229612
8 23 kvm 166.32 1380049596
8 24 kvm 167.81 1380229612
8 25 kvm 164.14 1379869580
8 26 kvm 166.91 1380049596
8 27 kvm 168.86 1380049596
8 28 kvm 165.77 1380049596
8 29 kvm 166.12 1379869580
8 30 kvm 167.90 1379869580
10 1 kvm 144.04 1380409628
10 2 kvm 143.54 1380229612
10 3 kvm 142.25 1380409628
10 4 kvm 139.37 1380229612
10 5 kvm 139.33 1380409628
10 6 kvm 142.86 1380229612
10 7 kvm 140.11 1380409628
10 8 kvm 138.37 1380589644
10 9 kvm 141.88 1380229612
10 10 kvm 140.90 1380409628
10 11 kvm 142.12 1380589644
10 12 kvm 139.82 1380049596
10 13 kvm 138.22 1380589644
10 14 kvm 142.35 1380409628
10 15 kvm 141.65 1380049596
10 16 kvm 140.07 1380229612
10 17 kvm 139.32 1380409628
10 18 kvm 139.64 1380589644
10 19 kvm 142.43 1380229612
10 20 kvm 141.25 1380409628
10 21 kvm 140.53 1380229612
10 22 kvm 142.87 1380589644
10 23 kvm 140.73 1380409628
10 24 kvm 141.01 1380409628
10 25 kvm 142.10 1380229612
10 26 kvm 140.35 1380229612
10 27 kvm 140.44 1380409628
10 28 kvm 144.01 1380229612
10 29 kvm 142.31 1380589644
10 30 kvm 141.08 1380049596
16 1 kvm 125.25 1380949676
16 2 kvm 126.18 1380769660
16 3 kvm 128.17 1381129692
16 4 kvm 124.81 1381129692
16 5 kvm 125.12 1380769660
16 6 kvm 123.77 1380769660
16 7 kvm 127.25 1380769660
16 8 kvm 125.20 1380409628
16 9 kvm 126.64 1380589644
16 10 kvm 126.27 1380589644
16 11 kvm 128.95 1380589644
16 12 kvm 128.10 1381129692
16 13 kvm 125.66 1380769660
16 14 kvm 127.33 1380949676
16 15 kvm 127.38 1380589644
16 16 kvm 125.89 1380769660
16 17 kvm 125.73 1380949676
16 18 kvm 128.39 1380949676
16 19 kvm 125.38 1380589644
16 20 kvm 124.14 1380949676
16 21 kvm 127.79 1380769660
16 22 kvm 124.20 1380949676
16 23 kvm 125.78 1380769660
16 24 kvm 128.19 1380769660
16 25 kvm 124.89 1380949676
16 26 kvm 126.70 1380769660
16 27 kvm 125.22 1380589644
16 28 kvm 125.89 1380949676
16 29 kvm 124.86 1380409628
16 30 kvm 127.88 1380949676
20 1 kvm 125.59 1381309708
20 2 kvm 124.28 1380949676
20 3 kvm 123.89 1381309708
20 4 kvm 124.35 1380949676
20 5 kvm 123.80 1381129692
20 6 kvm 123.80 1381309708
20 7 kvm 121.98 1380949676
20 8 kvm 121.80 1381309708
20 9 kvm 124.46 1381309708
20 10 kvm 123.59 1381129692
20 11 kvm 124.89 1381669740
20 12 kvm 124.11 1381309708
20 13 kvm 122.17 1381309708
20 14 kvm 124.80 1381309708
20 15 kvm 124.18 1381129692
20 16 kvm 123.11 1381309708
20 17 kvm 124.32 1381489724
20 18 kvm 123.55 1381669740
20 19 kvm 121.14 1381309708
20 20 kvm 123.10 1381129692
20 21 kvm 124.21 1381129692
20 22 kvm 121.49 1380949676
20 23 kvm 121.92 1380949676
20 24 kvm 128.35 1380949676
20 25 kvm 124.58 1381489724
20 26 kvm 122.87 1381309708
20 27 kvm 125.21 1381309708
20 28 kvm 124.25 1381129692
20 29 kvm 122.31 1380769660
20 30 kvm 120.83 1381669740
