8 1 kvm_2 13.2027 
8 2 kvm_2 13.2062 
8 3 kvm_2 13.1920 
8 4 kvm_2 13.3123 
8 5 kvm_2 13.1970 
8 6 kvm_2 13.2897 
8 7 kvm_2 13.2342 
8 8 kvm_2 13.1783 
8 9 kvm_2 13.2419 
8 10 kvm_2 13.2254 
8 11 kvm_2 13.1891 
8 12 kvm_2 13.2957 
8 13 kvm_2 13.2695 
8 14 kvm_2 13.2264 
8 15 kvm_2 13.3542 
8 16 kvm_2 13.4703 
8 17 kvm_2 13.2215 
8 18 kvm_2 13.2385 
8 19 kvm_2 13.1966 
8 20 kvm_2 13.2028 
8 21 kvm_2 13.2637 
8 22 kvm_2 13.2149 
8 23 kvm_2 13.2367 
8 24 kvm_2 13.3225 
8 25 kvm_2 13.2300 
8 26 kvm_2 13.1942 
8 27 kvm_2 13.2082 
8 28 kvm_2 13.3822 
8 29 kvm_2 13.2346 
8 30 kvm_2 13.2087 
8 1 kvm_3 13.2952 
8 2 kvm_3 13.4842 
8 3 kvm_3 13.2107 
8 4 kvm_3 13.1929 
8 5 kvm_3 13.2027 
8 6 kvm_3 13.2398 
8 7 kvm_3 13.1811 
8 8 kvm_3 13.3524 
8 9 kvm_3 13.2094 
8 10 kvm_3 13.2424 
8 11 kvm_3 13.2844 
8 12 kvm_3 13.2020 
8 13 kvm_3 13.1909 
8 14 kvm_3 13.2367 
8 15 kvm_3 13.2506 
8 16 kvm_3 13.2673 
8 17 kvm_3 13.2279 
8 18 kvm_3 13.2061 
8 19 kvm_3 13.2028 
8 20 kvm_3 13.2942 
8 21 kvm_3 13.2487 
8 22 kvm_3 13.2525 
8 23 kvm_3 13.4410 
8 24 kvm_3 13.1969 
8 25 kvm_3 13.3084 
8 26 kvm_3 13.1889 
8 27 kvm_3 13.2519 
8 28 kvm_3 13.2899 
8 29 kvm_3 13.2189 
8 30 kvm_3 13.1926 
8 1 Xen_2 12.9999 
8 2 Xen_2 13.7127 
8 3 Xen_2 12.9356 
8 4 Xen_2 12.8417 
8 5 Xen_2 12.9747 
8 6 Xen_2 12.9288 
8 7 Xen_2 12.9798 
8 8 Xen_2 12.8411 
8 9 Xen_2 12.9004 
8 10 Xen_2 12.9903 
8 11 Xen_2 12.9001 
8 12 Xen_2 12.9030 
8 13 Xen_2 12.8535 
8 14 Xen_2 12.8995 
8 15 Xen_2 12.8457 
8 16 Xen_2 12.9277 
8 17 Xen_2 12.8567 
8 18 Xen_2 13.1813 
8 19 Xen_2 12.9859 
8 20 Xen_2 13.8044 
8 21 Xen_2 12.8687 
8 22 Xen_2 12.8604 
8 23 Xen_2 13.0267 
8 24 Xen_2 12.9293 
8 25 Xen_2 12.9657 
8 26 Xen_2 12.9010 
8 27 Xen_2 13.1174 
8 28 Xen_2 12.8489 
8 29 Xen_2 12.9244 
8 30 Xen_2 12.9203 
8 1 Xen_3 12.9633 
8 2 Xen_3 12.8551 
8 3 Xen_3 12.8452 
8 4 Xen_3 12.8511 
8 5 Xen_3 12.8563 
8 6 Xen_3 12.8606 
8 7 Xen_3 12.8602 
8 8 Xen_3 12.9546 
8 9 Xen_3 12.8479 
8 10 Xen_3 12.8449 
8 11 Xen_3 12.9238 
8 12 Xen_3 12.9247 
8 13 Xen_3 12.8840 
8 14 Xen_3 12.8397 
8 15 Xen_3 12.8455 
8 16 Xen_3 12.8380 
8 17 Xen_3 12.8425 
8 18 Xen_3 12.8412 
8 19 Xen_3 12.8702 
8 20 Xen_3 12.9014 
8 21 Xen_3 12.9211 
8 22 Xen_3 12.8676 
8 23 Xen_3 12.9170 
8 24 Xen_3 12.9104 
8 25 Xen_3 12.9070 
8 26 Xen_3 12.8642 
8 27 Xen_3 12.8606 
8 28 Xen_3 12.9126 
8 29 Xen_3 12.8538 
8 30 Xen_3 12.9125 
10 1 kvm_2 10.6963 
10 2 kvm_2 10.5684 
10 3 kvm_2 10.6837 
10 4 kvm_2 10.7045 
10 5 kvm_2 10.7281 
10 6 kvm_2 10.8560 
10 7 kvm_2 10.6891 
10 8 kvm_2 10.8780 
10 9 kvm_2 10.8249 
10 10 kvm_2 10.5806 
10 11 kvm_2 10.8662 
10 12 kvm_2 10.9813 
10 13 kvm_2 10.8756 
10 14 kvm_2 10.6403 
10 15 kvm_2 10.6769 
10 16 kvm_2 10.9381 
10 17 kvm_2 10.7146 
10 18 kvm_2 10.7256 
10 19 kvm_2 10.5678 
10 20 kvm_2 10.6141 
10 21 kvm_2 10.6432 
10 22 kvm_2 10.7866 
10 23 kvm_2 10.7829 
10 24 kvm_2 11.1377 
10 25 kvm_2 10.5778 
10 26 kvm_2 10.9274 
10 27 kvm_2 10.7634 
10 28 kvm_2 10.7579 
10 29 kvm_2 10.9314 
10 30 kvm_2 10.5708 
10 1 kvm_3 10.7075 
10 2 kvm_3 10.5801 
10 3 kvm_3 10.6056 
10 4 kvm_3 10.9134 
10 5 kvm_3 10.6328 
10 6 kvm_3 10.6203 
10 7 kvm_3 10.6031 
10 8 kvm_3 10.9344 
10 9 kvm_3 10.5541 
10 10 kvm_3 10.6100 
10 11 kvm_3 10.6871 
10 12 kvm_3 10.6028 
10 13 kvm_3 10.8842 
10 14 kvm_3 10.8070 
10 15 kvm_3 10.5923 
10 16 kvm_3 10.5847 
10 17 kvm_3 10.6046 
10 18 kvm_3 10.6044 
10 19 kvm_3 10.6357 
10 20 kvm_3 10.5855 
10 21 kvm_3 10.8731 
10 22 kvm_3 10.6278 
10 23 kvm_3 10.6643 
10 24 kvm_3 10.8682 
10 25 kvm_3 10.6076 
10 26 kvm_3 10.6659 
10 27 kvm_3 10.5547 
10 28 kvm_3 10.5541 
10 29 kvm_3 10.5880 
10 30 kvm_3 10.5669 
10 1 Xen_2 10.7732 
10 2 Xen_2 10.9196 
10 3 Xen_2 10.7547 
10 4 Xen_2 10.8213 
10 5 Xen_2 10.8060 
10 6 Xen_2 10.6455 
10 7 Xen_2 10.7631 
10 8 Xen_2 10.5594 
10 9 Xen_2 10.5555 
10 10 Xen_2 11.2400 
10 11 Xen_2 10.9051 
10 12 Xen_2 10.6750 
10 13 Xen_2 10.4507 
10 14 Xen_2 10.6956 
10 15 Xen_2 10.5252 
10 16 Xen_2 10.4712 
10 17 Xen_2 10.6793 
10 18 Xen_2 10.4396 
10 19 Xen_2 10.5615 
10 20 Xen_2 10.7279 
10 21 Xen_2 10.4458 
10 22 Xen_2 10.4194 
10 23 Xen_2 10.3574 
10 24 Xen_2 10.3820 
10 25 Xen_2 10.7082 
10 26 Xen_2 10.4543 
10 27 Xen_2 10.4991 
10 28 Xen_2 10.5024 
10 29 Xen_2 10.6664 
10 30 Xen_2 10.5961 
10 1 Xen_3 10.6462 
10 2 Xen_3 10.6457 
10 3 Xen_3 10.7213 
10 4 Xen_3 10.7055 
10 5 Xen_3 10.5855 
10 6 Xen_3 10.7059 
10 7 Xen_3 10.6436 
10 8 Xen_3 10.5890 
10 9 Xen_3 10.5555 
10 10 Xen_3 10.5620 
10 11 Xen_3 10.6468 
10 12 Xen_3 10.5808 
10 13 Xen_3 10.6880 
10 14 Xen_3 10.5867 
10 15 Xen_3 10.6433 
10 16 Xen_3 10.6417 
10 17 Xen_3 10.5579 
10 18 Xen_3 10.5664 
10 19 Xen_3 10.5600 
10 20 Xen_3 10.5915 
10 21 Xen_3 10.5595 
10 22 Xen_3 10.6479 
10 23 Xen_3 10.6513 
10 24 Xen_3 10.5651 
10 25 Xen_3 10.6398 
10 26 Xen_3 10.5582 
10 27 Xen_3 10.5559 
10 28 Xen_3 10.6467 
10 29 Xen_3 10.6462 
10 30 Xen_3 10.5877 
16 1 kvm_2 8.5018 
16 2 kvm_2 8.6328 
16 3 kvm_2 8.4586 
16 4 kvm_2 8.3997 
16 5 kvm_2 8.2457 
16 6 kvm_2 8.6484 
16 7 kvm_2 8.5762 
16 8 kvm_2 8.4195 
16 9 kvm_2 8.6490 
16 10 kvm_2 8.7505 
16 11 kvm_2 8.3985 
16 12 kvm_2 8.3687 
16 13 kvm_2 8.3559 
16 14 kvm_2 8.5508 
16 15 kvm_2 8.5123 
16 16 kvm_2 8.7768 
16 17 kvm_2 8.4927 
16 18 kvm_2 8.8060 
16 19 kvm_2 8.3742 
16 20 kvm_2 8.6843 
16 21 kvm_2 8.5930 
16 22 kvm_2 8.6691 
16 23 kvm_2 8.6578 
16 24 kvm_2 8.4405 
16 25 kvm_2 8.5227 
16 26 kvm_2 8.3777 
16 27 kvm_2 8.5554 
16 28 kvm_2 8.5079 
16 29 kvm_2 8.4936 
16 30 kvm_2 8.5880 
16 1 Xen_2 7.4793 
16 2 Xen_2 7.2464 
16 3 Xen_2 6.9659 
16 4 Xen_2 7.1351 
16 5 Xen_2 7.0874 
16 6 Xen_2 7.3855 
16 7 Xen_2 7.7578 
16 8 Xen_2 7.9280 
16 9 Xen_2 7.4007 
16 10 Xen_2 7.9962 
16 11 Xen_2 6.8725 
16 12 Xen_2 7.0003 
16 13 Xen_2 6.8858 
16 14 Xen_2 7.6102 
16 15 Xen_2 7.6852 
16 16 Xen_2 7.5792 
16 17 Xen_2 6.6154 
16 18 Xen_2 7.0902 
16 19 Xen_2 7.2577 
16 20 Xen_2 7.2469 
16 21 Xen_2 7.1671 
16 22 Xen_2 6.9630 
16 23 Xen_2 7.4004 
16 24 Xen_2 6.8752 
16 25 Xen_2 6.9698 
16 26 Xen_2 6.8703 
16 27 Xen_2 7.2161 
16 28 Xen_2 7.3221 
16 29 Xen_2 8.0236 
16 30 Xen_2 7.6539 
20 1 kvm_2 7.8987 
20 2 kvm_2 7.6300 
20 3 kvm_2 7.6029 
20 4 kvm_2 7.6185 
20 5 kvm_2 7.8504 
20 6 kvm_2 7.9128 
20 7 kvm_2 7.3382 
20 8 kvm_2 7.8781 
20 9 kvm_2 8.3795 
20 10 kvm_2 7.9593 
20 11 kvm_2 7.9150 
20 12 kvm_2 7.6465 
20 13 kvm_2 7.3856 
20 14 kvm_2 7.4225 
20 15 kvm_2 7.4419 
20 16 kvm_2 7.8274 
20 17 kvm_2 7.6583 
20 18 kvm_2 7.7095 
20 19 kvm_2 7.7283 
20 20 kvm_2 7.7171 
20 21 kvm_2 7.9289 
20 22 kvm_2 7.9790 
20 23 kvm_2 7.8843 
20 24 kvm_2 7.2556 
20 25 kvm_2 7.4840 
20 26 kvm_2 7.3506 
20 27 kvm_2 7.5155 
20 28 kvm_2 7.2851 
20 29 kvm_2 7.5090 
20 30 kvm_2 7.6793 
20 1 Xen_2 6.9615 
20 2 Xen_2 5.5372 
20 3 Xen_2 6.5765 
20 4 Xen_2 5.7972 
20 5 Xen_2 6.4295 
20 6 Xen_2 7.1905 
20 7 Xen_2 6.0214 
20 8 Xen_2 6.7326 
20 9 Xen_2 7.3489 
20 10 Xen_2 5.5715 
20 11 Xen_2 5.7484 
20 12 Xen_2 5.7474 
20 13 Xen_2 7.0300 
20 14 Xen_2 5.5199 
20 15 Xen_2 6.3109 
20 16 Xen_2 5.5998 
20 17 Xen_2 6.3311 
20 18 Xen_2 5.7411 
20 19 Xen_2 6.6683 
20 20 Xen_2 5.5147 
20 21 Xen_2 6.2590 
20 22 Xen_2 5.5165 
20 23 Xen_2 6.2001 
20 24 Xen_2 5.4929 
20 25 Xen_2 6.6749 
20 26 Xen_2 5.4797 
20 27 Xen_2 6.6440 
20 28 Xen_2 5.6143 
20 29 Xen_2 6.7087 
20 30 Xen_2 7.2941 
