CPUs Experimento Ambiente Tempo
1 1 Nativo 105.1538 
1 2 Nativo 105.1537 
1 3 Nativo 105.1578 
1 4 Nativo 105.1571 
1 5 Nativo 105.1502 
1 6 Nativo 105.1566 
1 7 Nativo 105.1481 
1 8 Nativo 105.1037 
1 9 Nativo 105.1040 
1 10 Nativo 105.0998 
1 11 Nativo 105.1295 
1 12 Nativo 105.1539 
1 13 Nativo 105.1535 
1 14 Nativo 105.1420 
1 15 Nativo 105.1574 
1 16 Nativo 105.1555 
1 17 Nativo 105.1534 
1 18 Nativo 105.1579 
1 19 Nativo 105.1379 
1 20 Nativo 105.1622 
1 21 Nativo 105.1355 
1 22 Nativo 105.1560 
1 23 Nativo 105.1597 
1 24 Nativo 105.1556 
1 25 Nativo 105.1582 
1 26 Nativo 105.1560 
1 27 Nativo 105.1555 
1 28 Nativo 105.1501 
1 29 Nativo 105.1138 
1 30 Nativo 105.0986 
1 1 kvm_1 105.4735 
1 2 kvm_1 105.3613 
1 3 kvm_1 105.3186 
1 4 kvm_1 105.3263 
1 5 kvm_1 105.3767 
1 6 kvm_1 105.3417 
1 7 kvm_1 105.3439 
1 8 kvm_1 105.3630 
1 9 kvm_1 105.3183 
1 10 kvm_1 105.3517 
1 11 kvm_1 105.3454 
1 12 kvm_1 105.3762 
1 13 kvm_1 105.3295 
1 14 kvm_1 105.3453 
1 15 kvm_1 105.4935 
1 16 kvm_1 105.4727 
1 17 kvm_1 105.3538 
1 18 kvm_1 105.3520 
1 19 kvm_1 105.3489 
1 20 kvm_1 105.3468 
1 21 kvm_1 105.5632 
1 22 kvm_1 105.3672 
1 23 kvm_1 105.3538 
1 24 kvm_1 105.3469 
1 25 kvm_1 105.3235 
1 26 kvm_1 105.4673 
1 27 kvm_1 105.4467 
1 28 kvm_1 105.3335 
1 29 kvm_1 105.3303 
1 30 kvm_1 105.4831 
1 1 kvm_2 105.5162 
1 2 kvm_2 105.4377 
1 3 kvm_2 105.3534 
1 4 kvm_2 105.8685 
1 5 kvm_2 105.3450 
1 6 kvm_2 105.3934 
1 7 kvm_2 105.3950 
1 8 kvm_2 105.3490 
1 9 kvm_2 105.3030 
1 10 kvm_2 105.4732 
1 11 kvm_2 105.3316 
1 12 kvm_2 105.3622 
1 13 kvm_2 105.7336 
1 14 kvm_2 105.4092 
1 15 kvm_2 105.4567 
1 16 kvm_2 105.3706 
1 17 kvm_2 105.3570 
1 18 kvm_2 105.3087 
1 19 kvm_2 105.4274 
1 20 kvm_2 105.3383 
1 21 kvm_2 105.3852 
1 22 kvm_2 105.3296 
1 23 kvm_2 105.4209 
1 24 kvm_2 105.3006 
1 25 kvm_2 105.3317 
1 26 kvm_2 105.3235 
1 27 kvm_2 105.5657 
1 28 kvm_2 105.3783 
1 29 kvm_2 105.3813 
1 30 kvm_2 105.3751 
1 1 kvm_3 105.3210 
1 2 kvm_3 105.4134 
1 3 kvm_3 108.6533 
1 4 kvm_3 105.3562 
1 5 kvm_3 105.3615 
1 6 kvm_3 105.3460 
1 7 kvm_3 105.4941 
1 8 kvm_3 105.3407 
1 9 kvm_3 105.3815 
1 10 kvm_3 105.5205 
1 11 kvm_3 105.4447 
1 12 kvm_3 105.9438 
1 13 kvm_3 105.4376 
1 14 kvm_3 105.4898 
1 15 kvm_3 106.2100 
1 16 kvm_3 105.4527 
1 17 kvm_3 105.3257 
1 18 kvm_3 105.5072 
1 19 kvm_3 105.3689 
1 20 kvm_3 105.6340 
1 21 kvm_3 105.4275 
1 22 kvm_3 105.4463 
1 23 kvm_3 105.3425 
1 24 kvm_3 105.8017 
1 25 kvm_3 105.5164 
1 26 kvm_3 106.8098 
1 27 kvm_3 105.5423 
1 28 kvm_3 105.4517 
1 29 kvm_3 105.4461 
1 30 kvm_3 105.3768 
1 1 Xen_1 93.6676 
1 2 Xen_1 93.3818 
1 3 Xen_1 93.5418 
1 4 Xen_1 93.6017 
1 5 Xen_1 93.6411 
1 6 Xen_1 93.4728 
1 7 Xen_1 93.5371 
1 8 Xen_1 93.6536 
1 9 Xen_1 93.5071 
1 10 Xen_1 93.5229 
1 11 Xen_1 93.4554 
1 12 Xen_1 93.5258 
1 13 Xen_1 93.2733 
1 14 Xen_1 93.7120 
1 15 Xen_1 93.6367 
1 16 Xen_1 93.7482 
1 17 Xen_1 93.4258 
1 18 Xen_1 93.2931 
1 19 Xen_1 93.6310 
1 20 Xen_1 93.5335 
1 21 Xen_1 93.9857 
1 22 Xen_1 93.7082 
1 23 Xen_1 93.2559 
1 24 Xen_1 93.1050 
1 25 Xen_1 93.8045 
1 26 Xen_1 93.8166 
1 27 Xen_1 93.6789 
1 28 Xen_1 93.5185 
1 29 Xen_1 93.2944 
1 30 Xen_1 93.7535 
1 1 Xen_2 94.0368 
1 2 Xen_2 93.9790 
1 3 Xen_2 93.8173 
1 4 Xen_2 93.4086 
1 5 Xen_2 93.7903 
1 6 Xen_2 93.9082 
1 7 Xen_2 93.6740 
1 8 Xen_2 93.2868 
1 9 Xen_2 94.0724 
1 10 Xen_2 93.3454 
1 11 Xen_2 93.2088 
1 12 Xen_2 93.5531 
1 13 Xen_2 93.9008 
1 14 Xen_2 94.0477 
1 15 Xen_2 93.2280 
1 16 Xen_2 93.1658 
1 17 Xen_2 93.7728 
1 18 Xen_2 93.7179 
1 19 Xen_2 93.6373 
1 20 Xen_2 93.6875 
1 21 Xen_2 94.7000 
1 22 Xen_2 93.4773 
1 23 Xen_2 93.0726 
1 24 Xen_2 93.1744 
1 25 Xen_2 93.2704 
1 26 Xen_2 93.4093 
1 27 Xen_2 93.4198 
1 28 Xen_2 94.0600 
1 29 Xen_2 93.3418 
1 30 Xen_2 93.9249 
1 1 Xen_3 93.5524 
1 2 Xen_3 93.7378 
1 3 Xen_3 93.7538 
1 4 Xen_3 93.5934 
1 5 Xen_3 93.9409 
1 6 Xen_3 93.6306 
1 7 Xen_3 93.6824 
1 8 Xen_3 93.7522 
1 9 Xen_3 93.8236 
1 10 Xen_3 93.3392 
1 11 Xen_3 93.7252 
1 12 Xen_3 93.4065 
1 13 Xen_3 93.8377 
1 14 Xen_3 93.9436 
1 15 Xen_3 93.1890 
1 16 Xen_3 93.3662 
1 17 Xen_3 93.2461 
1 18 Xen_3 93.7965 
1 19 Xen_3 93.6931 
1 20 Xen_3 93.8786 
1 21 Xen_3 93.3175 
1 22 Xen_3 93.2344 
1 23 Xen_3 94.1281 
1 24 Xen_3 93.0475 
1 25 Xen_3 93.0501 
1 26 Xen_3 93.6658 
1 27 Xen_3 93.8280 
1 28 Xen_3 93.3179 
1 29 Xen_3 93.6430 
1 30 Xen_3 93.9754 
2 1 Nativo 52.8470 
2 2 Nativo 52.5618 
2 3 Nativo 52.8347 
2 4 Nativo 52.5729 
2 5 Nativo 52.5727 
2 6 Nativo 52.5736 
2 7 Nativo 52.7046 
2 8 Nativo 52.5607 
2 9 Nativo 52.5645 
2 10 Nativo 52.7069 
2 11 Nativo 52.5729 
2 12 Nativo 52.5746 
2 13 Nativo 52.5750 
2 14 Nativo 52.5757 
2 15 Nativo 52.5633 
2 16 Nativo 52.5803 
2 17 Nativo 52.5673 
2 18 Nativo 52.7175 
2 19 Nativo 52.5599 
2 20 Nativo 52.8527 
2 21 Nativo 52.5703 
2 22 Nativo 52.5762 
2 23 Nativo 52.5782 
2 24 Nativo 52.5790 
2 25 Nativo 52.5750 
2 26 Nativo 52.5752 
2 27 Nativo 52.6842 
2 28 Nativo 52.5785 
2 29 Nativo 52.7127 
2 30 Nativo 52.5781 
2 1 kvm_1 53.1001 
2 2 kvm_1 52.7978 
2 3 kvm_1 52.6654 
2 4 kvm_1 52.7925 
2 5 kvm_1 53.0053 
2 6 kvm_1 52.6713 
2 7 kvm_1 53.3817 
2 8 kvm_1 53.0121 
2 9 kvm_1 52.7100 
2 10 kvm_1 52.8109 
2 11 kvm_1 52.7016 
2 12 kvm_1 52.8170 
2 13 kvm_1 53.1779 
2 14 kvm_1 52.8258 
2 15 kvm_1 53.1676 
2 16 kvm_1 53.2080 
2 17 kvm_1 52.6906 
2 18 kvm_1 53.4052 
2 19 kvm_1 52.7883 
2 20 kvm_1 52.9133 
2 21 kvm_1 52.9965 
2 22 kvm_1 52.8490 
2 23 kvm_1 53.4399 
2 24 kvm_1 52.8412 
2 25 kvm_1 53.9030 
2 26 kvm_1 52.8995 
2 27 kvm_1 52.7943 
2 28 kvm_1 53.0729 
2 29 kvm_1 52.9159 
2 30 kvm_1 52.6527 
2 1 kvm_2 52.7620 
2 2 kvm_2 52.7000 
2 3 kvm_2 53.0304 
2 4 kvm_2 52.6960 
2 5 kvm_2 52.6922 
2 6 kvm_2 52.6830 
2 7 kvm_2 52.6758 
2 8 kvm_2 52.6762 
2 9 kvm_2 52.6768 
2 10 kvm_2 52.7459 
2 11 kvm_2 52.7338 
2 12 kvm_2 52.7058 
2 13 kvm_2 52.7059 
2 14 kvm_2 53.1610 
2 15 kvm_2 52.9313 
2 16 kvm_2 52.6993 
2 17 kvm_2 52.7861 
2 18 kvm_2 52.6941 
2 19 kvm_2 52.6920 
2 20 kvm_2 52.7968 
2 21 kvm_2 52.6893 
2 22 kvm_2 52.6874 
2 23 kvm_2 52.7798 
2 24 kvm_2 52.7183 
2 25 kvm_2 52.7000 
2 26 kvm_2 52.6926 
2 27 kvm_2 52.7030 
2 28 kvm_2 52.6897 
2 29 kvm_2 52.6813 
2 30 kvm_2 52.6913 
2 1 kvm_3 52.7219 
2 2 kvm_3 53.2605 
2 3 kvm_3 52.7589 
2 4 kvm_3 53.0866 
2 5 kvm_3 52.6715 
2 6 kvm_3 52.7005 
2 7 kvm_3 52.6786 
2 8 kvm_3 52.7244 
2 9 kvm_3 52.6915 
2 10 kvm_3 52.6859 
2 11 kvm_3 52.7733 
2 12 kvm_3 52.6862 
2 13 kvm_3 52.7228 
2 14 kvm_3 52.6957 
2 15 kvm_3 52.6882 
2 16 kvm_3 52.6868 
2 17 kvm_3 52.9450 
2 18 kvm_3 52.6879 
2 19 kvm_3 52.6971 
2 20 kvm_3 52.6953 
2 21 kvm_3 52.9872 
2 22 kvm_3 53.3089 
2 23 kvm_3 53.0492 
2 24 kvm_3 53.4627 
2 25 kvm_3 52.6744 
2 26 kvm_3 53.1910 
2 27 kvm_3 52.6819 
2 28 kvm_3 52.6549 
2 29 kvm_3 52.6917 
2 30 kvm_3 52.6967 
2 1 Xen_1 46.9319 
2 2 Xen_1 48.5975 
2 3 Xen_1 46.8634 
2 4 Xen_1 46.8396 
2 5 Xen_1 46.8632 
2 6 Xen_1 48.1512 
2 7 Xen_1 46.9973 
2 8 Xen_1 46.8874 
2 9 Xen_1 46.8569 
2 10 Xen_1 46.8476 
2 11 Xen_1 48.2106 
2 12 Xen_1 47.2600 
2 13 Xen_1 46.8819 
2 14 Xen_1 46.8829 
2 15 Xen_1 46.8127 
2 16 Xen_1 46.8967 
2 17 Xen_1 48.3565 
2 18 Xen_1 48.2731 
2 19 Xen_1 48.3575 
2 20 Xen_1 48.2574 
2 21 Xen_1 46.8590 
2 22 Xen_1 46.8897 
2 23 Xen_1 48.3667 
2 24 Xen_1 48.2806 
2 25 Xen_1 46.7928 
2 26 Xen_1 46.8332 
2 27 Xen_1 48.3608 
2 28 Xen_1 48.2931 
2 29 Xen_1 46.7918 
2 30 Xen_1 48.4591 
2 1 Xen_2 46.7705 
2 2 Xen_2 48.1215 
2 3 Xen_2 48.2151 
2 4 Xen_2 46.9019 
2 5 Xen_2 48.2017 
2 6 Xen_2 46.7910 
2 7 Xen_2 48.4118 
2 8 Xen_2 48.1087 
2 9 Xen_2 47.0038 
2 10 Xen_2 46.7950 
2 11 Xen_2 46.9279 
2 12 Xen_2 48.2084 
2 13 Xen_2 48.2143 
2 14 Xen_2 48.3279 
2 15 Xen_2 46.8096 
2 16 Xen_2 48.2578 
2 17 Xen_2 46.8901 
2 18 Xen_2 46.9516 
2 19 Xen_2 46.9628 
2 20 Xen_2 46.7932 
2 21 Xen_2 48.2679 
2 22 Xen_2 48.0608 
2 23 Xen_2 46.8343 
2 24 Xen_2 46.9332 
2 25 Xen_2 48.1898 
2 26 Xen_2 48.2030 
2 27 Xen_2 48.2393 
2 28 Xen_2 48.3310 
2 29 Xen_2 48.3240 
2 30 Xen_2 46.7977 
2 1 Xen_3 48.4158 
2 2 Xen_3 48.3594 
2 3 Xen_3 48.3341 
2 4 Xen_3 46.8676 
2 5 Xen_3 48.1304 
2 6 Xen_3 46.9253 
2 7 Xen_3 46.8008 
2 8 Xen_3 48.2842 
2 9 Xen_3 48.1432 
2 10 Xen_3 48.1331 
2 11 Xen_3 48.2161 
2 12 Xen_3 46.7624 
2 13 Xen_3 46.8761 
2 14 Xen_3 46.8693 
2 15 Xen_3 50.0707 
2 16 Xen_3 48.1827 
2 17 Xen_3 46.9799 
2 18 Xen_3 46.7674 
2 19 Xen_3 48.2116 
2 20 Xen_3 46.8045 
2 21 Xen_3 48.3989 
2 22 Xen_3 48.6064 
2 23 Xen_3 46.8159 
2 24 Xen_3 46.9742 
2 25 Xen_3 48.1610 
2 26 Xen_3 48.3614 
2 27 Xen_3 46.7711 
2 28 Xen_3 46.7968 
2 29 Xen_3 48.2355 
2 30 Xen_3 46.8521 
4 1 Nativo 26.4401 
4 2 Nativo 26.3117 
4 3 Nativo 26.2881 
4 4 Nativo 26.3066 
4 5 Nativo 26.2932 
4 6 Nativo 26.2919 
4 7 Nativo 26.3027 
4 8 Nativo 26.2936 
4 9 Nativo 26.3043 
4 10 Nativo 26.3852 
4 11 Nativo 26.3002 
4 12 Nativo 26.2938 
4 13 Nativo 26.2930 
4 14 Nativo 26.2967 
4 15 Nativo 26.2863 
4 16 Nativo 26.3782 
4 17 Nativo 26.3116 
4 18 Nativo 26.2940 
4 19 Nativo 26.2951 
4 20 Nativo 26.2936 
4 21 Nativo 26.2932 
4 22 Nativo 26.3127 
4 23 Nativo 26.2889 
4 24 Nativo 26.3010 
4 25 Nativo 26.2922 
4 26 Nativo 26.2932 
4 27 Nativo 26.2864 
4 28 Nativo 26.2868 
4 29 Nativo 26.2864 
4 30 Nativo 26.2858 
4 1 kvm_1 26.4703 
4 2 kvm_1 26.5474 
4 3 kvm_1 26.4921 
4 4 kvm_1 26.3723 
4 5 kvm_1 26.3530 
4 6 kvm_1 26.3463 
4 7 kvm_1 26.3515 
4 8 kvm_1 26.3428 
4 9 kvm_1 26.3517 
4 10 kvm_1 26.3509 
4 11 kvm_1 26.3475 
4 12 kvm_1 26.3711 
4 13 kvm_1 26.3909 
4 14 kvm_1 26.4945 
4 15 kvm_1 26.4130 
4 16 kvm_1 26.4784 
4 17 kvm_1 26.3402 
4 18 kvm_1 26.4114 
4 19 kvm_1 26.3629 
4 20 kvm_1 26.3780 
4 21 kvm_1 26.3620 
4 22 kvm_1 26.5492 
4 23 kvm_1 26.4142 
4 24 kvm_1 26.7683 
4 25 kvm_1 26.4859 
4 26 kvm_1 26.5530 
4 27 kvm_1 26.3527 
4 28 kvm_1 26.4148 
4 29 kvm_1 26.5135 
4 30 kvm_1 26.5120 
4 1 kvm_2 26.3514 
4 2 kvm_2 26.3691 
4 3 kvm_2 26.5851 
4 4 kvm_2 26.3974 
4 5 kvm_2 26.4011 
4 6 kvm_2 26.3589 
4 7 kvm_2 26.3486 
4 8 kvm_2 26.3586 
4 9 kvm_2 26.3489 
4 10 kvm_2 26.3509 
4 11 kvm_2 26.3507 
4 12 kvm_2 26.3493 
4 13 kvm_2 26.3501 
4 14 kvm_2 26.4660 
4 15 kvm_2 26.5461 
4 16 kvm_2 26.4741 
4 17 kvm_2 26.3428 
4 18 kvm_2 26.3424 
4 19 kvm_2 26.3678 
4 20 kvm_2 26.3557 
4 21 kvm_2 26.3561 
4 22 kvm_2 26.3599 
4 23 kvm_2 26.3434 
4 24 kvm_2 26.4569 
4 25 kvm_2 26.4789 
4 26 kvm_2 26.4111 
4 27 kvm_2 26.3519 
4 28 kvm_2 26.4430 
4 29 kvm_2 26.3515 
4 30 kvm_2 26.5800 
4 1 kvm_3 26.3489 
4 2 kvm_3 26.3613 
4 3 kvm_3 26.3556 
4 4 kvm_3 26.5243 
4 5 kvm_3 26.4141 
4 6 kvm_3 26.4739 
4 7 kvm_3 26.3714 
4 8 kvm_3 26.3362 
4 9 kvm_3 26.4110 
4 10 kvm_3 26.3802 
4 11 kvm_3 26.4938 
4 12 kvm_3 26.3495 
4 13 kvm_3 26.4812 
4 14 kvm_3 26.3542 
4 15 kvm_3 26.3516 
4 16 kvm_3 26.3503 
4 17 kvm_3 26.5164 
4 18 kvm_3 26.5186 
4 19 kvm_3 26.3830 
4 20 kvm_3 26.3487 
4 21 kvm_3 26.3569 
4 22 kvm_3 26.3885 
4 23 kvm_3 26.3536 
4 24 kvm_3 26.3449 
4 25 kvm_3 26.3490 
4 26 kvm_3 26.3491 
4 27 kvm_3 26.3988 
4 28 kvm_3 26.3821 
4 29 kvm_3 26.3947 
4 30 kvm_3 26.3508 
4 1 Xen_1 24.6181 
4 2 Xen_1 25.0210 
4 3 Xen_1 24.4952 
4 4 Xen_1 24.1716 
4 5 Xen_1 25.6402 
4 6 Xen_1 24.5355 
4 7 Xen_1 25.6747 
4 8 Xen_1 24.4718 
4 9 Xen_1 25.6611 
4 10 Xen_1 24.4900 
4 11 Xen_1 24.1090 
4 12 Xen_1 24.4864 
4 13 Xen_1 25.6515 
4 14 Xen_1 24.4880 
4 15 Xen_1 24.5006 
4 16 Xen_1 24.1289 
4 17 Xen_1 24.4988 
4 18 Xen_1 24.4781 
4 19 Xen_1 24.5125 
4 20 Xen_1 24.1451 
4 21 Xen_1 24.1252 
4 22 Xen_1 24.1360 
4 23 Xen_1 24.4629 
4 24 Xen_1 24.2402 
4 25 Xen_1 24.1139 
4 26 Xen_1 24.5211 
4 27 Xen_1 24.1267 
4 28 Xen_1 24.1185 
4 29 Xen_1 24.1070 
4 30 Xen_1 24.1620 
4 1 Xen_2 24.1262 
4 2 Xen_2 24.2042 
4 3 Xen_2 24.4915 
4 4 Xen_2 24.5261 
4 5 Xen_2 24.4909 
4 6 Xen_2 24.5559 
4 7 Xen_2 24.1822 
4 8 Xen_2 24.1788 
4 9 Xen_2 24.1373 
4 10 Xen_2 24.4944 
4 11 Xen_2 24.1288 
4 12 Xen_2 24.4667 
4 13 Xen_2 24.1549 
4 14 Xen_2 24.1890 
4 15 Xen_2 24.1311 
4 16 Xen_2 24.1173 
4 17 Xen_2 24.5505 
4 18 Xen_2 24.4912 
4 19 Xen_2 24.4968 
4 20 Xen_2 24.4952 
4 21 Xen_2 24.1747 
4 22 Xen_2 24.1920 
4 23 Xen_2 24.1320 
4 24 Xen_2 24.1427 
4 25 Xen_2 24.1729 
4 26 Xen_2 24.5242 
4 27 Xen_2 24.5886 
4 28 Xen_2 24.1260 
4 29 Xen_2 24.1644 
4 30 Xen_2 24.5208 
4 1 Xen_3 24.5184 
4 2 Xen_3 24.5417 
4 3 Xen_3 24.6349 
4 4 Xen_3 24.5065 
4 5 Xen_3 24.1421 
4 6 Xen_3 24.5298 
4 7 Xen_3 24.1426 
4 8 Xen_3 24.4952 
4 9 Xen_3 24.1403 
4 10 Xen_3 24.5005 
4 11 Xen_3 24.5084 
4 12 Xen_3 24.5434 
4 13 Xen_3 24.5335 
4 14 Xen_3 24.1729 
4 15 Xen_3 24.5109 
4 16 Xen_3 24.1275 
4 17 Xen_3 24.5632 
4 18 Xen_3 24.1517 
4 19 Xen_3 24.5161 
4 20 Xen_3 24.5266 
4 21 Xen_3 24.1073 
4 22 Xen_3 24.1347 
4 23 Xen_3 24.5644 
4 24 Xen_3 24.1732 
4 25 Xen_3 24.5292 
4 26 Xen_3 24.5294 
4 27 Xen_3 24.4696 
4 28 Xen_3 24.1659 
4 29 Xen_3 24.1152 
4 30 Xen_3 24.5345 
8 1 Nativo 13.1457 
8 2 Nativo 13.1450 
8 3 Nativo 13.1600 
8 4 Nativo 13.1536 
8 5 Nativo 13.1572 
8 6 Nativo 13.1473 
8 7 Nativo 13.1504 
8 8 Nativo 13.1451 
8 9 Nativo 13.1505 
8 10 Nativo 13.1570 
8 11 Nativo 13.1457 
8 12 Nativo 13.1447 
8 13 Nativo 13.1456 
8 14 Nativo 13.1480 
8 15 Nativo 13.1523 
8 16 Nativo 13.1508 
8 17 Nativo 13.1461 
8 18 Nativo 13.1485 
8 19 Nativo 13.1507 
8 20 Nativo 13.1438 
8 21 Nativo 13.1497 
8 22 Nativo 13.1442 
8 23 Nativo 13.1454 
8 24 Nativo 13.1550 
8 25 Nativo 13.1441 
8 26 Nativo 13.1452 
8 27 Nativo 13.1551 
8 28 Nativo 13.1742 
8 29 Nativo 13.1486 
8 30 Nativo 13.1498 
8 1 kvm_1 13.2187 
8 2 kvm_1 13.2211 
8 3 kvm_1 13.1867 
8 4 kvm_1 13.1764 
8 5 kvm_1 13.1796 
8 6 kvm_1 13.2106 
8 7 kvm_1 13.2844 
8 8 kvm_1 13.2287 
8 9 kvm_1 13.2170 
8 10 kvm_1 13.2858 
8 11 kvm_1 13.1873 
8 12 kvm_1 13.2007 
8 13 kvm_1 13.1970 
8 14 kvm_1 13.2068 
8 15 kvm_1 13.1832 
8 16 kvm_1 13.1960 
8 17 kvm_1 13.1812 
8 18 kvm_1 13.1783 
8 19 kvm_1 13.1794 
8 20 kvm_1 13.6083 
8 21 kvm_1 13.1978 
8 22 kvm_1 13.1917 
8 23 kvm_1 13.2060 
8 24 kvm_1 13.1909 
8 25 kvm_1 13.1889 
8 26 kvm_1 13.1831 
8 27 kvm_1 13.3184 
8 28 kvm_1 13.1881 
8 29 kvm_1 13.1904 
8 30 kvm_1 13.2444 
8 1 kvm_2 13.2572 
8 2 kvm_2 13.1958 
8 3 kvm_2 13.2638 
8 4 kvm_2 13.3199 
8 5 kvm_2 13.1903 
8 6 kvm_2 13.1911 
8 7 kvm_2 13.2960 
8 8 kvm_2 13.2235 
8 9 kvm_2 13.1951 
8 10 kvm_2 13.1976 
8 11 kvm_2 13.2137 
8 12 kvm_2 13.2501 
8 13 kvm_2 13.1806 
8 14 kvm_2 13.2285 
8 15 kvm_2 13.3657 
8 16 kvm_2 13.2836 
8 17 kvm_2 13.1837 
8 18 kvm_2 13.1891 
8 19 kvm_2 13.2768 
8 20 kvm_2 13.1820 
8 21 kvm_2 13.2299 
8 22 kvm_2 13.1883 
8 23 kvm_2 13.2496 
8 24 kvm_2 13.2172 
8 25 kvm_2 13.2237 
8 26 kvm_2 13.2697 
8 27 kvm_2 13.2471 
8 28 kvm_2 13.2332 
8 29 kvm_2 13.2983 
8 30 kvm_2 13.2070 
8 1 kvm_3 13.2312 
8 2 kvm_3 13.2082 
8 3 kvm_3 13.1871 
8 4 kvm_3 13.1837 
8 5 kvm_3 13.1847 
8 6 kvm_3 13.2493 
8 7 kvm_3 13.2643 
8 8 kvm_3 13.2436 
8 9 kvm_3 13.1923 
8 10 kvm_3 13.2015 
8 11 kvm_3 13.1890 
8 12 kvm_3 13.1977 
8 13 kvm_3 13.1765 
8 14 kvm_3 13.3018 
8 15 kvm_3 13.1910 
8 16 kvm_3 13.2051 
8 17 kvm_3 13.2018 
8 18 kvm_3 13.2296 
8 19 kvm_3 13.2262 
8 20 kvm_3 13.1830 
8 21 kvm_3 13.2040 
8 22 kvm_3 13.2028 
8 23 kvm_3 13.1873 
8 24 kvm_3 13.1805 
8 25 kvm_3 13.2385 
8 26 kvm_3 13.1787 
8 27 kvm_3 13.1766 
8 28 kvm_3 13.1759 
8 29 kvm_3 13.1778 
8 30 kvm_3 13.1883 
8 1 Xen_1 12.9021 
8 2 Xen_1 12.9498 
8 3 Xen_1 13.1499 
8 4 Xen_1 12.9167 
8 5 Xen_1 12.9037 
8 6 Xen_1 12.9484 
8 7 Xen_1 13.4927 
8 8 Xen_1 13.0803 
8 9 Xen_1 12.8354 
8 10 Xen_1 12.9550 
8 11 Xen_1 12.8385 
8 12 Xen_1 12.9377 
8 13 Xen_1 12.9124 
8 14 Xen_1 12.8547 
8 15 Xen_1 12.8433 
8 16 Xen_1 12.8927 
8 17 Xen_1 13.0835 
8 18 Xen_1 12.8991 
8 19 Xen_1 12.9223 
8 20 Xen_1 12.9043 
8 21 Xen_1 12.8321 
8 22 Xen_1 13.2823 
8 23 Xen_1 12.8577 
8 24 Xen_1 12.9071 
8 25 Xen_1 12.9109 
8 26 Xen_1 12.8419 
8 27 Xen_1 12.9509 
8 28 Xen_1 12.8968 
8 29 Xen_1 12.9856 
8 30 Xen_1 12.9700 
8 1 Xen_2 12.9005 
8 2 Xen_2 12.9158 
8 3 Xen_2 13.0123 
8 4 Xen_2 12.8647 
8 5 Xen_2 13.5957 
8 6 Xen_2 13.0253 
8 7 Xen_2 13.0902 
8 8 Xen_2 13.0261 
8 9 Xen_2 12.8492 
8 10 Xen_2 12.9143 
8 11 Xen_2 12.9113 
8 12 Xen_2 12.8517 
8 13 Xen_2 12.9069 
8 14 Xen_2 13.0075 
8 15 Xen_2 12.9103 
8 16 Xen_2 12.9001 
8 17 Xen_2 12.9134 
8 18 Xen_2 12.9292 
8 19 Xen_2 12.9055 
8 20 Xen_2 12.9465 
8 21 Xen_2 12.9083 
8 22 Xen_2 12.8508 
8 23 Xen_2 12.8558 
8 24 Xen_2 12.9982 
8 25 Xen_2 12.9867 
8 26 Xen_2 12.8992 
8 27 Xen_2 12.9319 
8 28 Xen_2 13.0366 
8 29 Xen_2 12.8303 
8 30 Xen_2 12.9215 
8 1 Xen_3 12.9633 
8 2 Xen_3 12.8551 
8 3 Xen_3 12.8452 
8 4 Xen_3 12.8511 
8 5 Xen_3 12.8563 
8 6 Xen_3 12.8606 
8 7 Xen_3 12.8602 
8 8 Xen_3 12.9546 
8 9 Xen_3 12.8479 
8 10 Xen_3 12.8449 
8 11 Xen_3 12.9238 
8 12 Xen_3 12.9247 
8 13 Xen_3 12.8840 
8 14 Xen_3 12.8397 
8 15 Xen_3 12.8455 
8 16 Xen_3 12.8380 
8 17 Xen_3 12.8425 
8 18 Xen_3 12.8412 
8 19 Xen_3 12.8702 
8 20 Xen_3 12.9014 
8 21 Xen_3 12.9211 
8 22 Xen_3 12.8676 
8 23 Xen_3 12.9170 
8 24 Xen_3 12.9104 
8 25 Xen_3 12.9070 
8 26 Xen_3 12.8642 
8 27 Xen_3 12.8606 
8 28 Xen_3 12.9126 
8 29 Xen_3 12.8538 
8 30 Xen_3 12.9125 
