CPUs Experimento Ambiente Tempo
1 1 kvm_1 .1178
1 2 kvm_1 .1178
1 3 kvm_1 .1163
1 4 kvm_1 .1175
1 5 kvm_1 .1163
1 6 kvm_1 .1162
1 7 kvm_1 .1158
1 8 kvm_1 .1163
1 9 kvm_1 .1152
1 10 kvm_1 .1169
1 11 kvm_1 .1160
1 12 kvm_1 .1160
1 13 kvm_1 .1171
1 14 kvm_1 .1166
1 15 kvm_1 .1168
1 16 kvm_1 .1160
1 17 kvm_1 .1161
1 18 kvm_1 .1169
1 19 kvm_1 .1176
1 20 kvm_1 .1149
1 21 kvm_1 .1173
1 22 kvm_1 .1168
1 23 kvm_1 .1144
1 24 kvm_1 .1166
1 25 kvm_1 .1168
1 26 kvm_1 .1151
1 27 kvm_1 .1170
1 28 kvm_1 .1180
1 29 kvm_1 .1154
1 30 kvm_1 .1179
2 1 kvm_1 .2315
2 2 kvm_1 .2308
2 3 kvm_1 .2302
2 4 kvm_1 .2323
2 5 kvm_1 .2329
2 6 kvm_1 .2323
2 7 kvm_1 .2332
2 8 kvm_1 .2315
2 9 kvm_1 .2315
2 10 kvm_1 .2314
2 11 kvm_1 .2319
2 12 kvm_1 .2299
2 13 kvm_1 .2310
2 14 kvm_1 .2307
2 15 kvm_1 .2321
2 16 kvm_1 .2327
2 17 kvm_1 .2326
2 18 kvm_1 .2325
2 19 kvm_1 .2313
2 20 kvm_1 .2318
2 21 kvm_1 .2331
2 22 kvm_1 .2309
2 23 kvm_1 .2299
2 24 kvm_1 .2317
2 25 kvm_1 .2334
2 26 kvm_1 .2308
2 27 kvm_1 .2313
2 28 kvm_1 .2320
2 29 kvm_1 .2320
2 30 kvm_1 .2315
4 1 kvm_1 .4593
4 2 kvm_1 .4599
4 3 kvm_1 .4577
4 4 kvm_1 .4553
4 5 kvm_1 .4615
4 6 kvm_1 .4576
4 7 kvm_1 .4589
4 8 kvm_1 .4636
4 9 kvm_1 .4635
4 10 kvm_1 .4631
4 11 kvm_1 .4624
4 12 kvm_1 .4647
4 13 kvm_1 .4571
4 14 kvm_1 .4568
4 15 kvm_1 .4600
4 16 kvm_1 .4573
4 17 kvm_1 .4599
4 18 kvm_1 .4537
4 19 kvm_1 .4576
4 20 kvm_1 .4586
4 21 kvm_1 .4601
4 22 kvm_1 .4606
4 23 kvm_1 .4601
4 24 kvm_1 .4561
4 25 kvm_1 .4582
4 26 kvm_1 .4589
4 27 kvm_1 .4583
4 28 kvm_1 .4598
4 29 kvm_1 .4550
4 30 kvm_1 .4618
8 1 kvm_1 .9015
8 2 kvm_1 .9122
8 3 kvm_1 .9143
8 4 kvm_1 .9092
8 5 kvm_1 .9123
8 6 kvm_1 .9087
8 7 kvm_1 .9095
8 8 kvm_1 .9078
8 9 kvm_1 .9118
8 10 kvm_1 .9118
8 11 kvm_1 .9081
8 12 kvm_1 .9146
8 13 kvm_1 .9154
8 14 kvm_1 .9159
8 15 kvm_1 .9080
8 16 kvm_1 .9162
8 17 kvm_1 .9200
8 18 kvm_1 .9134
8 19 kvm_1 .9194
8 20 kvm_1 .9164
8 21 kvm_1 .8895
8 22 kvm_1 .9150
8 23 kvm_1 .9096
8 24 kvm_1 .9015
8 25 kvm_1 .9120
8 26 kvm_1 .9101
8 27 kvm_1 .9103
8 28 kvm_1 .9155
8 29 kvm_1 .9139
8 30 kvm_1 .9129
10 1 kvm_1 1.1286
10 2 kvm_1 1.1473
10 3 kvm_1 1.1379
10 4 kvm_1 1.1420
10 5 kvm_1 1.1425
10 6 kvm_1 1.1440
10 7 kvm_1 1.1454
10 8 kvm_1 1.1365
10 9 kvm_1 1.1402
10 10 kvm_1 1.1443
10 11 kvm_1 1.1301
10 12 kvm_1 1.1326
10 13 kvm_1 1.1325
10 14 kvm_1 1.1347
10 15 kvm_1 1.1408
10 16 kvm_1 1.1259
10 17 kvm_1 1.1392
10 18 kvm_1 1.1368
10 19 kvm_1 1.1386
10 20 kvm_1 1.1210
10 21 kvm_1 1.1352
10 22 kvm_1 1.1346
10 23 kvm_1 1.1375
10 24 kvm_1 1.1351
10 25 kvm_1 1.1336
10 26 kvm_1 1.1370
10 27 kvm_1 1.1319
10 28 kvm_1 1.1391
10 29 kvm_1 1.1391
10 30 kvm_1 1.1387
16 1 kvm_1 1.8052
16 2 kvm_1 1.8044
16 3 kvm_1 1.7330
16 4 kvm_1 1.6278
16 5 kvm_1 1.6553
16 6 kvm_1 1.8071
16 7 kvm_1 1.8184
16 8 kvm_1 1.8047
16 9 kvm_1 1.6587
16 10 kvm_1 1.7514
16 11 kvm_1 1.7949
16 12 kvm_1 1.8041
16 13 kvm_1 1.7998
16 14 kvm_1 1.6907
16 15 kvm_1 1.7676
16 16 kvm_1 1.8077
16 17 kvm_1 1.8037
16 18 kvm_1 1.7955
16 19 kvm_1 1.7957
16 20 kvm_1 1.7853
16 21 kvm_1 1.7440
16 22 kvm_1 1.8124
16 23 kvm_1 1.7982
16 24 kvm_1 1.7791
16 25 kvm_1 1.7755
16 26 kvm_1 1.6949
16 27 kvm_1 1.7866
16 28 kvm_1 1.7752
16 29 kvm_1 1.7953
16 30 kvm_1 1.7901
20 1 kvm_1 2.2395
20 2 kvm_1 2.2263
20 3 kvm_1 2.1711
20 4 kvm_1 2.2290
20 5 kvm_1 2.2340
20 6 kvm_1 2.1904
20 7 kvm_1 2.1479
20 8 kvm_1 2.2319
20 9 kvm_1 2.2326
20 10 kvm_1 2.2301
20 11 kvm_1 2.2423
20 12 kvm_1 2.2245
20 13 kvm_1 1.8473
20 14 kvm_1 2.2342
20 15 kvm_1 1.8116
20 16 kvm_1 2.1375
20 17 kvm_1 2.1824
20 18 kvm_1 2.2303
20 19 kvm_1 2.2307
20 20 kvm_1 2.1533
20 21 kvm_1 2.2107
20 22 kvm_1 2.0746
20 23 kvm_1 2.2036
20 24 kvm_1 2.1968
20 25 kvm_1 2.2411
20 26 kvm_1 2.0613
20 27 kvm_1 2.1982
20 28 kvm_1 2.1625
20 29 kvm_1 2.2395
20 30 kvm_1 2.2459
1 1 xen-1 .1343
1 2 xen-1 .1334
1 3 xen-1 .1335
1 4 xen-1 .1321
1 5 xen-1 .1337
1 6 xen-1 .1331
1 7 xen-1 .1342
1 8 xen-1 .1344
1 9 xen-1 .1342
1 10 xen-1 .1344
1 11 xen-1 .1342
1 12 xen-1 .1344
1 13 xen-1 .1345
1 14 xen-1 .1346
1 15 xen-1 .1340
1 16 xen-1 .1344
1 17 xen-1 .1336
1 18 xen-1 .1341
1 19 xen-1 .1349
1 20 xen-1 .1348
1 21 xen-1 .1341
1 22 xen-1 .1339
1 23 xen-1 .1342
1 24 xen-1 .1341
1 25 xen-1 .1345
1 26 xen-1 .1345
1 27 xen-1 .1349
1 28 xen-1 .1341
1 29 xen-1 .1334
1 30 xen-1 .1308
2 1 xen-1 .2653
2 2 xen-1 .2638
2 3 xen-1 .2580
2 4 xen-1 .2593
2 5 xen-1 .2671
2 6 xen-1 .2542
2 7 xen-1 .2552
2 8 xen-1 .2645
2 9 xen-1 .2531
2 10 xen-1 .2536
2 11 xen-1 .2544
2 12 xen-1 .2573
2 13 xen-1 .2540
2 14 xen-1 .2583
2 15 xen-1 .2588
2 16 xen-1 .2566
2 17 xen-1 .2571
2 18 xen-1 .2577
2 19 xen-1 .2556
2 20 xen-1 .2553
2 21 xen-1 .2561
2 22 xen-1 .2560
2 23 xen-1 .2583
2 24 xen-1 .2595
2 25 xen-1 .2660
2 26 xen-1 .2633
2 27 xen-1 .2595
2 28 xen-1 .2589
2 29 xen-1 .2566
2 30 xen-1 .2558
4 1 xen-1 .5124
4 2 xen-1 .5086
4 3 xen-1 .5124
4 4 xen-1 .4980
4 5 xen-1 .5021
4 6 xen-1 .5095
4 7 xen-1 .5027
4 8 xen-1 .5088
4 9 xen-1 .4999
4 10 xen-1 .5098
4 11 xen-1 .5089
4 12 xen-1 .5036
4 13 xen-1 .5047
4 14 xen-1 .5061
4 15 xen-1 .4912
4 16 xen-1 .4987
4 17 xen-1 .5074
4 18 xen-1 .5099
4 19 xen-1 .5105
4 20 xen-1 .5119
4 21 xen-1 .5109
4 22 xen-1 .5077
4 23 xen-1 .5076
4 24 xen-1 .5090
4 25 xen-1 .5014
4 26 xen-1 .4975
4 27 xen-1 .4950
4 28 xen-1 .4998
4 29 xen-1 .5075
4 30 xen-1 .4984
8 1 xen-1 .9382
8 2 xen-1 .9365
8 3 xen-1 .9468
8 4 xen-1 .9434
8 5 xen-1 .9375
8 6 xen-1 .9349
8 7 xen-1 .9444
8 8 xen-1 .9471
8 9 xen-1 .9400
8 10 xen-1 .9448
8 11 xen-1 .9326
8 12 xen-1 .9517
8 13 xen-1 .9449
8 14 xen-1 .9485
8 15 xen-1 .9491
8 16 xen-1 .9363
8 17 xen-1 .9506
8 18 xen-1 .9470
8 19 xen-1 .9372
8 20 xen-1 .9427
8 21 xen-1 .9497
8 22 xen-1 .9504
8 23 xen-1 .9344
8 24 xen-1 .9515
8 25 xen-1 .9469
8 26 xen-1 .9460
8 27 xen-1 .9466
8 28 xen-1 .9501
8 29 xen-1 .9420
8 30 xen-1 .9450
10 1 xen-1 1.1580
10 2 xen-1 1.1432
10 3 xen-1 1.1543
10 4 xen-1 1.1541
10 5 xen-1 1.0895
10 6 xen-1 1.1629
10 7 xen-1 1.1516
10 8 xen-1 1.1469
10 9 xen-1 1.1616
10 10 xen-1 1.1527
10 11 xen-1 1.1510
10 12 xen-1 1.1511
10 13 xen-1 1.1520
10 14 xen-1 1.1513
10 15 xen-1 1.1641
10 16 xen-1 1.1404
10 17 xen-1 1.1407
10 18 xen-1 1.1622
10 19 xen-1 1.1589
10 20 xen-1 1.1651
10 21 xen-1 1.1445
10 22 xen-1 1.1655
10 23 xen-1 1.1506
10 24 xen-1 1.1647
10 25 xen-1 1.1456
10 26 xen-1 1.1533
10 27 xen-1 1.1583
10 28 xen-1 1.1422
10 29 xen-1 1.1580
10 30 xen-1 1.1496
16 1 xen-1 1.8213
16 2 xen-1 1.7102
16 3 xen-1 1.8101
16 4 xen-1 1.2427
16 5 xen-1 1.7990
16 6 xen-1 1.7969
16 7 xen-1 1.8040
16 8 xen-1 1.8146
16 9 xen-1 1.7992
16 10 xen-1 1.8015
16 11 xen-1 1.1874
16 12 xen-1 1.8123
16 13 xen-1 1.4856
16 14 xen-1 1.7921
16 15 xen-1 1.7979
16 16 xen-1 1.7600
16 17 xen-1 1.8225
16 18 xen-1 1.5985
16 19 xen-1 1.6485
16 20 xen-1 1.7991
16 21 xen-1 1.8176
16 22 xen-1 1.7451
16 23 xen-1 1.8246
16 24 xen-1 1.7862
16 25 xen-1 1.8189
16 26 xen-1 1.7989
16 27 xen-1 1.1691
16 28 xen-1 1.5437
16 29 xen-1 1.8050
16 30 xen-1 1.7016
20 1 xen-1 2.0101
20 2 xen-1 2.1409
20 3 xen-1 1.4253
20 4 xen-1 1.5154
20 5 xen-1 2.2570
20 6 xen-1 1.9623
20 7 xen-1 2.2534
20 8 xen-1 2.2315
20 9 xen-1 2.2423
20 10 xen-1 2.2472
20 11 xen-1 2.1524
20 12 xen-1 2.1309
20 13 xen-1 2.2287
20 14 xen-1 2.2435
20 15 xen-1 2.1257
20 16 xen-1 2.1241
20 17 xen-1 2.0873
20 18 xen-1 2.2415
20 19 xen-1 2.2484
20 20 xen-1 1.5739
20 21 xen-1 2.0326
20 22 xen-1 2.2508
20 23 xen-1 2.2273
20 24 xen-1 1.2916
20 25 xen-1 2.1229
20 26 xen-1 2.2485
20 27 xen-1 2.2337
20 28 xen-1 2.2214
20 29 xen-1 2.0820
20 30 xen-1 2.2132
1 1 nativo .1197
1 2 nativo .1184
1 3 nativo .1192
1 4 nativo .1191
1 5 nativo .1194
1 6 nativo .1195
1 7 nativo .1194
1 8 nativo .1192
1 9 nativo .1194
1 10 nativo .1194
1 11 nativo .1194
1 12 nativo .1195
1 13 nativo .1195
1 14 nativo .1193
1 15 nativo .1193
1 16 nativo .1194
1 17 nativo .1195
1 18 nativo .1189
1 19 nativo .1194
1 20 nativo .1173
1 21 nativo .1195
1 22 nativo .1192
1 23 nativo .1190
1 24 nativo .1174
1 25 nativo .1193
1 26 nativo .1190
1 27 nativo .1194
1 28 nativo .1191
1 29 nativo .1194
1 30 nativo .1196
2 1 nativo .2360
2 2 nativo .2370
2 3 nativo .2362
2 4 nativo .2365
2 5 nativo .2334
2 6 nativo .2364
2 7 nativo .2340
2 8 nativo .2365
2 9 nativo .2365
2 10 nativo .2364
2 11 nativo .2376
2 12 nativo .2368
2 13 nativo .2371
2 14 nativo .2349
2 15 nativo .2347
2 16 nativo .2377
2 17 nativo .2373
2 18 nativo .2362
2 19 nativo .2369
2 20 nativo .2356
2 21 nativo .2370
2 22 nativo .2360
2 23 nativo .2376
2 24 nativo .2370
2 25 nativo .2355
2 26 nativo .2353
2 27 nativo .2369
2 28 nativo .2358
2 29 nativo .2368
2 30 nativo .2374
4 1 nativo .4684
4 2 nativo .4692
4 3 nativo .4693
4 4 nativo .4696
4 5 nativo .4671
4 6 nativo .4692
4 7 nativo .4662
4 8 nativo .4680
4 9 nativo .4691
4 10 nativo .4686
4 11 nativo .4697
4 12 nativo .4703
4 13 nativo .4686
4 14 nativo .4691
4 15 nativo .4691
4 16 nativo .4691
4 17 nativo .4675
4 18 nativo .4680
4 19 nativo .4693
4 20 nativo .4690
4 21 nativo .4666
4 22 nativo .4688
4 23 nativo .4687
4 24 nativo .4689
4 25 nativo .4683
4 26 nativo .4687
4 27 nativo .4688
4 28 nativo .4681
4 29 nativo .4699
4 30 nativo .4695
8 1 nativo .9268
8 2 nativo .9252
8 3 nativo .9243
8 4 nativo .9261
8 5 nativo .9266
8 6 nativo .9315
8 7 nativo .9248
8 8 nativo .9271
8 9 nativo .9296
8 10 nativo .9257
8 11 nativo .9237
8 12 nativo .9252
8 13 nativo .9238
8 14 nativo .9223
8 15 nativo .9248
8 16 nativo .9255
8 17 nativo .9304
8 18 nativo .9256
8 19 nativo .9238
8 20 nativo .9257
8 21 nativo .9289
8 22 nativo .9240
8 23 nativo .9314
8 24 nativo .9261
8 25 nativo .9243
8 26 nativo .9261
8 27 nativo .9234
8 28 nativo .9254
8 29 nativo .9231
8 30 nativo .9302
10 1 nativo 1.1555
10 2 nativo 1.1536
10 3 nativo 1.1580
10 4 nativo 1.1542
10 5 nativo 1.1545
10 6 nativo 1.1530
10 7 nativo 1.1566
10 8 nativo 1.1559
10 9 nativo 1.1516
10 10 nativo 1.1514
10 11 nativo 1.1535
10 12 nativo 1.1518
10 13 nativo 1.1588
10 14 nativo 1.1482
10 15 nativo 1.1510
10 16 nativo 1.1517
10 17 nativo 1.1489
10 18 nativo 1.1531
10 19 nativo 1.1547
10 20 nativo 1.1534
10 21 nativo 1.1581
10 22 nativo 1.1577
10 23 nativo 1.1580
10 24 nativo 1.1528
10 25 nativo 1.1519
10 26 nativo 1.1543
10 27 nativo 1.1557
10 28 nativo 1.1515
10 29 nativo 1.1543
10 30 nativo 1.1539
16 1 nativo 1.8322
16 2 nativo 1.8411
16 3 nativo 1.8446
16 4 nativo 1.8429
16 5 nativo 1.8424
16 6 nativo 1.8401
16 7 nativo 1.8454
16 8 nativo 1.8276
16 9 nativo 1.8413
16 10 nativo 1.8409
16 11 nativo 1.8403
16 12 nativo 1.8444
16 13 nativo 1.8362
16 14 nativo 1.8383
16 15 nativo 1.8448
16 16 nativo 1.8321
16 17 nativo 1.8479
16 18 nativo 1.8412
16 19 nativo 1.8307
16 20 nativo 1.8418
16 21 nativo 1.8475
16 22 nativo 1.8386
16 23 nativo 1.8432
16 24 nativo 1.8467
16 25 nativo 1.8338
16 26 nativo 1.8398
16 27 nativo 1.8451
16 28 nativo 1.8533
16 29 nativo 1.8405
16 30 nativo 1.8503
20 1 nativo 2.2874
20 2 nativo 2.2816
20 3 nativo 2.2750
20 4 nativo 2.2771
20 5 nativo 2.2841
20 6 nativo 2.2820
20 7 nativo 2.2173
20 8 nativo 2.2715
20 9 nativo 2.2753
20 10 nativo 2.2822
20 11 nativo 2.2720
20 12 nativo 2.2972
20 13 nativo 2.2870
20 14 nativo 2.2840
20 15 nativo 2.2747
20 16 nativo 2.2863
20 17 nativo 2.2725
20 18 nativo 2.2718
20 19 nativo 2.2756
20 20 nativo 2.2889
20 21 nativo 2.2768
20 22 nativo 2.2846
20 23 nativo 2.2678
20 24 nativo 2.2953
20 25 nativo 2.2730
20 26 nativo 2.2866
20 27 nativo 2.2693
20 28 nativo 2.2851
20 29 nativo 2.2856
20 30 nativo 2.2860
