CPUs Experimento Ambiente Tempo
1 1 kvm_1 .1159
1 2 kvm_1 .1153
1 3 kvm_1 .1117
1 4 kvm_1 .1158
1 5 kvm_1 .1159
1 6 kvm_1 .1152
1 7 kvm_1 .1174
1 8 kvm_1 .1156
1 9 kvm_1 .1126
1 10 kvm_1 .1119
1 11 kvm_1 .1152
1 12 kvm_1 .1152
1 13 kvm_1 .1156
1 14 kvm_1 .1151
1 15 kvm_1 .1161
1 16 kvm_1 .1170
1 17 kvm_1 .1155
1 18 kvm_1 .1120
1 19 kvm_1 .1156
1 20 kvm_1 .1158
1 21 kvm_1 .1149
1 22 kvm_1 .1157
1 23 kvm_1 .1159
1 24 kvm_1 .1154
1 25 kvm_1 .1157
1 26 kvm_1 .1161
1 27 kvm_1 .1159
1 28 kvm_1 .1151
1 29 kvm_1 .1159
1 30 kvm_1 .1156
2 1 kvm_1 .2356
2 2 kvm_1 .2336
2 3 kvm_1 .2308
2 4 kvm_1 .2330
2 5 kvm_1 .2319
2 6 kvm_1 .2288
2 7 kvm_1 .2313
2 8 kvm_1 .2346
2 9 kvm_1 .2353
2 10 kvm_1 .2322
2 11 kvm_1 .2312
2 12 kvm_1 .2306
2 13 kvm_1 .2317
2 14 kvm_1 .2322
2 15 kvm_1 .2321
2 16 kvm_1 .2316
2 17 kvm_1 .2323
2 18 kvm_1 .2321
2 19 kvm_1 .2305
2 20 kvm_1 .2326
2 21 kvm_1 .2328
2 22 kvm_1 .2321
2 23 kvm_1 .2328
2 24 kvm_1 .2303
2 25 kvm_1 .2323
2 26 kvm_1 .2312
2 27 kvm_1 .2313
2 28 kvm_1 .2304
2 29 kvm_1 .2263
2 30 kvm_1 .2322
4 1 kvm_1 .4619
4 2 kvm_1 .4633
4 3 kvm_1 .4636
4 4 kvm_1 .4634
4 5 kvm_1 .4578
4 6 kvm_1 .4538
4 7 kvm_1 .4582
4 8 kvm_1 .4571
4 9 kvm_1 .4460
4 10 kvm_1 .4611
4 11 kvm_1 .4607
4 12 kvm_1 .4632
4 13 kvm_1 .4624
4 14 kvm_1 .4653
4 15 kvm_1 .4535
4 16 kvm_1 .4603
4 17 kvm_1 .4540
4 18 kvm_1 .4590
4 19 kvm_1 .4597
4 20 kvm_1 .4600
4 21 kvm_1 .4589
4 22 kvm_1 .4569
4 23 kvm_1 .4581
4 24 kvm_1 .4624
4 25 kvm_1 .4609
4 26 kvm_1 .4589
4 27 kvm_1 .4580
4 28 kvm_1 .4546
4 29 kvm_1 .4515
4 30 kvm_1 .4604
8 1 kvm_1 .9129
8 2 kvm_1 .9179
8 3 kvm_1 .9162
8 4 kvm_1 .9146
8 5 kvm_1 .9163
8 6 kvm_1 .9156
8 7 kvm_1 .9055
8 8 kvm_1 .9122
8 9 kvm_1 .9083
8 10 kvm_1 .9108
8 11 kvm_1 .9101
8 12 kvm_1 .9119
8 13 kvm_1 .9118
8 14 kvm_1 .9107
8 15 kvm_1 .9114
8 16 kvm_1 .9064
8 17 kvm_1 .9097
8 18 kvm_1 .8976
8 19 kvm_1 .9042
8 20 kvm_1 .9093
8 21 kvm_1 .9123
8 22 kvm_1 .9060
8 23 kvm_1 .9128
8 24 kvm_1 .9148
8 25 kvm_1 .9150
8 26 kvm_1 .9153
8 27 kvm_1 .9143
8 28 kvm_1 .9127
8 29 kvm_1 .9166
8 30 kvm_1 .9188
10 1 kvm_1 1.1404
10 2 kvm_1 1.1420
10 3 kvm_1 1.1370
10 4 kvm_1 1.1224
10 5 kvm_1 1.1370
10 6 kvm_1 1.1288
10 7 kvm_1 1.1343
10 8 kvm_1 1.1299
10 9 kvm_1 1.1414
10 10 kvm_1 1.1339
10 11 kvm_1 1.1272
10 12 kvm_1 1.1345
10 13 kvm_1 1.1377
10 14 kvm_1 1.1241
10 15 kvm_1 1.1274
10 16 kvm_1 1.1325
10 17 kvm_1 1.1342
10 18 kvm_1 1.1327
10 19 kvm_1 1.1375
10 20 kvm_1 1.1339
10 21 kvm_1 1.1220
10 22 kvm_1 1.1335
10 23 kvm_1 1.1310
10 24 kvm_1 1.1193
10 25 kvm_1 1.1329
10 26 kvm_1 1.1346
10 27 kvm_1 1.1313
10 28 kvm_1 1.1378
10 29 kvm_1 1.1306
10 30 kvm_1 1.1269
16 1 kvm_1 1.8094
16 2 kvm_1 1.7997
16 3 kvm_1 1.7106
16 4 kvm_1 1.7014
16 5 kvm_1 1.7549
16 6 kvm_1 1.7484
16 7 kvm_1 1.8085
16 8 kvm_1 1.7709
16 9 kvm_1 1.6367
16 10 kvm_1 1.7900
16 11 kvm_1 1.6110
16 12 kvm_1 1.7234
16 13 kvm_1 1.8001
16 14 kvm_1 1.7900
16 15 kvm_1 1.7304
16 16 kvm_1 1.6399
16 17 kvm_1 1.6934
16 18 kvm_1 1.7941
16 19 kvm_1 1.7876
16 20 kvm_1 1.8062
16 21 kvm_1 1.7972
16 22 kvm_1 1.6997
16 23 kvm_1 1.6356
16 24 kvm_1 1.7474
16 25 kvm_1 1.8171
16 26 kvm_1 1.7220
16 27 kvm_1 1.7444
16 28 kvm_1 1.7835
16 29 kvm_1 1.6544
16 30 kvm_1 1.7578
20 1 kvm_1 2.1363
20 2 kvm_1 2.1979
20 3 kvm_1 2.2349
20 4 kvm_1 2.0970
20 5 kvm_1 2.0815
20 6 kvm_1 2.2373
20 7 kvm_1 2.1809
20 8 kvm_1 2.2156
20 9 kvm_1 2.2455
20 10 kvm_1 2.1619
20 11 kvm_1 2.2153
20 12 kvm_1 2.2371
20 13 kvm_1 2.0470
20 14 kvm_1 2.2483
20 15 kvm_1 2.2168
20 16 kvm_1 2.2469
20 17 kvm_1 2.2240
20 18 kvm_1 2.0266
20 19 kvm_1 2.0676
20 20 kvm_1 2.1730
20 21 kvm_1 2.0578
20 22 kvm_1 2.2341
20 23 kvm_1 2.2335
20 24 kvm_1 2.1974
20 25 kvm_1 2.1506
20 26 kvm_1 2.1547
20 27 kvm_1 2.2404
20 28 kvm_1 1.8641
20 29 kvm_1 2.2380
20 30 kvm_1 1.7916
32 1 kvm_1 1.8972
32 2 kvm_1 1.9679
32 3 kvm_1 1.9898
32 4 kvm_1 1.8335
32 5 kvm_1 1.9000
32 6 kvm_1 1.9159
32 7 kvm_1 1.9785
32 8 kvm_1 1.9022
32 9 kvm_1 1.9229
32 10 kvm_1 1.9691
32 11 kvm_1 1.9507
32 12 kvm_1 1.8485
32 13 kvm_1 1.9519
32 14 kvm_1 1.9903
32 15 kvm_1 2.0162
32 16 kvm_1 1.7901
32 17 kvm_1 1.8407
32 18 kvm_1 1.9424
32 19 kvm_1 1.9700
32 20 kvm_1 1.9870
32 21 kvm_1 1.9021
32 22 kvm_1 1.8663
32 23 kvm_1 1.9876
32 24 kvm_1 1.9937
32 25 kvm_1 1.9840
32 26 kvm_1 1.9243
32 27 kvm_1 1.8795
32 28 kvm_1 1.9575
32 29 kvm_1 1.9507
32 30 kvm_1 1.9710
40 1 kvm_1 2.5429
40 2 kvm_1 2.5439
40 3 kvm_1 2.5383
40 4 kvm_1 2.5567
40 5 kvm_1 2.5225
40 6 kvm_1 2.5414
40 7 kvm_1 2.5641
40 8 kvm_1 2.4773
40 9 kvm_1 2.4137
40 10 kvm_1 2.5393
40 11 kvm_1 2.5274
40 12 kvm_1 2.4433
40 13 kvm_1 2.4697
40 14 kvm_1 2.5365
40 15 kvm_1 2.5214
40 16 kvm_1 2.3494
40 17 kvm_1 2.5426
40 18 kvm_1 2.4718
40 19 kvm_1 2.5447
40 20 kvm_1 2.5122
40 21 kvm_1 2.5542
40 22 kvm_1 2.4278
40 23 kvm_1 2.5362
40 24 kvm_1 2.4486
40 25 kvm_1 2.5323
40 26 kvm_1 2.4001
40 27 kvm_1 2.5443
40 28 kvm_1 2.5498
40 29 kvm_1 2.5494
40 30 kvm_1 2.3483
1 1 xen-1 .1336
1 2 xen-1 .1346
1 3 xen-1 .1342
1 4 xen-1 .1316
1 5 xen-1 .1340
1 6 xen-1 .1343
1 7 xen-1 .1342
1 8 xen-1 .1344
1 9 xen-1 .1346
1 10 xen-1 .1336
1 11 xen-1 .1345
1 12 xen-1 .1347
1 13 xen-1 .1336
1 14 xen-1 .1346
1 15 xen-1 .1332
1 16 xen-1 .1322
1 17 xen-1 .1319
1 18 xen-1 .1325
1 19 xen-1 .1345
1 20 xen-1 .1322
1 21 xen-1 .1323
1 22 xen-1 .1352
1 23 xen-1 .1346
1 24 xen-1 .1328
1 25 xen-1 .1341
1 26 xen-1 .1314
1 27 xen-1 .1323
1 28 xen-1 .1325
1 29 xen-1 .1327
1 30 xen-1 .1320
2 1 xen-1 .2568
2 2 xen-1 .2635
2 3 xen-1 .2678
2 4 xen-1 .2588
2 5 xen-1 .2571
2 6 xen-1 .2584
2 7 xen-1 .2594
2 8 xen-1 .2569
2 9 xen-1 .2589
2 10 xen-1 .2572
2 11 xen-1 .2535
2 12 xen-1 .2553
2 13 xen-1 .2563
2 14 xen-1 .2555
2 15 xen-1 .2551
2 16 xen-1 .2540
2 17 xen-1 .2557
2 18 xen-1 .2592
2 19 xen-1 .2559
2 20 xen-1 .2586
2 21 xen-1 .2569
2 22 xen-1 .2579
2 23 xen-1 .2654
2 24 xen-1 .2561
2 25 xen-1 .2674
2 26 xen-1 .2594
2 27 xen-1 .2586
2 28 xen-1 .2560
2 29 xen-1 .2548
2 30 xen-1 .2544
4 1 xen-1 .4984
4 2 xen-1 .5009
4 3 xen-1 .5022
4 4 xen-1 .5026
4 5 xen-1 .5032
4 6 xen-1 .5045
4 7 xen-1 .5037
4 8 xen-1 .5052
4 9 xen-1 .5053
4 10 xen-1 .5048
4 11 xen-1 .5113
4 12 xen-1 .5024
4 13 xen-1 .5109
4 14 xen-1 .5047
4 15 xen-1 .5091
4 16 xen-1 .5122
4 17 xen-1 .5073
4 18 xen-1 .5073
4 19 xen-1 .5079
4 20 xen-1 .5062
4 21 xen-1 .5086
4 22 xen-1 .5025
4 23 xen-1 .5039
4 24 xen-1 .4968
4 25 xen-1 .4983
4 26 xen-1 .4999
4 27 xen-1 .4989
4 28 xen-1 .5045
4 29 xen-1 .5046
4 30 xen-1 .5011
8 1 xen-1 .9513
8 2 xen-1 .9367
8 3 xen-1 .9407
8 4 xen-1 .9408
8 5 xen-1 .9362
8 6 xen-1 .9471
8 7 xen-1 .9448
8 8 xen-1 .9328
8 9 xen-1 .9429
8 10 xen-1 .9302
8 11 xen-1 .9479
8 12 xen-1 .9491
8 13 xen-1 .9424
8 14 xen-1 .9507
8 15 xen-1 .9446
8 16 xen-1 .9455
8 17 xen-1 .9457
8 18 xen-1 .9456
8 19 xen-1 .9474
8 20 xen-1 .9394
8 21 xen-1 .9419
8 22 xen-1 .9476
8 23 xen-1 .9345
8 24 xen-1 .9383
8 25 xen-1 .9490
8 26 xen-1 .9512
8 27 xen-1 .9507
8 28 xen-1 .9496
8 29 xen-1 .9322
8 30 xen-1 .9422
10 1 xen-1 1.1671
10 2 xen-1 1.1592
10 3 xen-1 1.1550
10 4 xen-1 1.0759
10 5 xen-1 1.1597
10 6 xen-1 1.1548
10 7 xen-1 1.1427
10 8 xen-1 1.1626
10 9 xen-1 1.1563
10 10 xen-1 1.1379
10 11 xen-1 1.1637
10 12 xen-1 1.1526
10 13 xen-1 1.1513
10 14 xen-1 1.1439
10 15 xen-1 1.1553
10 16 xen-1 1.1571
10 17 xen-1 1.1427
10 18 xen-1 1.1475
10 19 xen-1 1.1611
10 20 xen-1 1.1443
10 21 xen-1 1.1615
10 22 xen-1 1.1471
10 23 xen-1 1.1316
10 24 xen-1 1.1351
10 25 xen-1 1.1495
10 26 xen-1 1.1432
10 27 xen-1 1.1531
10 28 xen-1 1.1482
10 29 xen-1 1.1648
10 30 xen-1 1.1585
16 1 xen-1 1.8065
16 2 xen-1 1.7907
16 3 xen-1 1.4072
16 4 xen-1 1.8278
16 5 xen-1 1.6574
16 6 xen-1 1.7408
16 7 xen-1 1.3110
16 8 xen-1 1.8083
16 9 xen-1 1.8243
16 10 xen-1 1.6090
16 11 xen-1 1.8199
16 12 xen-1 1.6531
16 13 xen-1 1.8189
16 14 xen-1 1.8123
16 15 xen-1 1.1866
16 16 xen-1 1.8066
16 17 xen-1 1.8072
16 18 xen-1 1.6647
16 19 xen-1 1.7991
16 20 xen-1 1.2731
16 21 xen-1 1.8042
16 22 xen-1 1.8141
16 23 xen-1 1.8217
16 24 xen-1 1.7965
16 25 xen-1 1.7908
16 26 xen-1 1.7878
16 27 xen-1 1.8174
16 28 xen-1 1.8141
16 29 xen-1 1.8117
16 30 xen-1 1.7981
20 1 xen-1 2.2595
20 2 xen-1 2.2333
20 3 xen-1 2.0700
20 4 xen-1 2.2285
20 5 xen-1 2.1302
20 6 xen-1 2.2002
20 7 xen-1 2.2441
20 8 xen-1 2.2490
20 9 xen-1 2.2570
20 10 xen-1 2.2372
20 11 xen-1 1.6058
20 12 xen-1 2.2543
20 13 xen-1 2.2415
20 14 xen-1 2.0569
20 15 xen-1 2.2610
20 16 xen-1 2.2494
20 17 xen-1 2.2644
20 18 xen-1 2.2588
20 19 xen-1 2.2519
20 20 xen-1 2.2393
20 21 xen-1 2.2254
20 22 xen-1 2.2404
20 23 xen-1 2.2641
20 24 xen-1 2.2312
20 25 xen-1 2.2556
20 26 xen-1 2.0319
20 27 xen-1 2.2631
20 28 xen-1 2.1153
20 29 xen-1 2.2471
20 30 xen-1 1.7836
32 1 xen-1 2.3438
32 2 xen-1 1.8786
32 3 xen-1 1.5150
32 4 xen-1 2.3585
32 5 xen-1 1.7369
32 6 xen-1 1.8602
32 7 xen-1 1.7662
32 8 xen-1 1.5528
32 9 xen-1 1.7467
32 10 xen-1 1.7323
32 11 xen-1 1.5436
32 12 xen-1 1.5005
32 13 xen-1 2.2554
32 14 xen-1 2.3720
32 15 xen-1 2.3694
32 16 xen-1 1.5747
32 17 xen-1 2.3688
32 18 xen-1 1.7038
32 19 xen-1 1.5588
32 20 xen-1 2.1313
32 21 xen-1 1.6333
32 22 xen-1 2.3508
32 23 xen-1 1.5719
32 24 xen-1 1.4882
32 25 xen-1 2.3667
32 26 xen-1 1.7188
32 27 xen-1 1.6300
32 28 xen-1 1.5396
32 29 xen-1 1.5627
32 30 xen-1 1.6773
40 1 xen-1 2.5090
40 2 xen-1 2.5128
40 3 xen-1 2.5206
40 4 xen-1 2.5474
40 5 xen-1 2.5565
40 6 xen-1 2.4989
40 7 xen-1 2.5252
40 8 xen-1 2.5135
40 9 xen-1 2.5344
40 10 xen-1 2.5322
40 11 xen-1 2.5198
40 12 xen-1 2.5325
40 13 xen-1 2.4951
40 14 xen-1 2.5355
40 15 xen-1 2.5597
40 16 xen-1 2.5472
40 17 xen-1 2.5273
40 18 xen-1 2.5386
40 19 xen-1 2.5316
40 20 xen-1 2.5323
40 21 xen-1 2.5382
40 22 xen-1 2.5244
40 23 xen-1 2.5030
40 24 xen-1 2.5146
40 25 xen-1 2.5362
40 26 xen-1 2.5466
40 27 xen-1 2.5185
40 28 xen-1 2.5241
40 29 xen-1 2.5475
40 30 xen-1 2.5486
1 1 nativo .1197
1 2 nativo .1194
1 3 nativo .1192
1 4 nativo .1196
1 5 nativo .1198
1 6 nativo .1197
1 7 nativo .1172
1 8 nativo .1195
1 9 nativo .1194
1 10 nativo .1198
1 11 nativo .1194
1 12 nativo .1185
1 13 nativo .1196
1 14 nativo .1194
1 15 nativo .1194
1 16 nativo .1192
1 17 nativo .1191
1 18 nativo .1197
1 19 nativo .1189
1 20 nativo .1184
1 21 nativo .1195
1 22 nativo .1192
1 23 nativo .1196
1 24 nativo .1187
1 25 nativo .1197
1 26 nativo .1185
1 27 nativo .1193
1 28 nativo .1193
1 29 nativo .1193
1 30 nativo .1196
2 1 nativo .2376
2 2 nativo .2346
2 3 nativo .2377
2 4 nativo .2373
2 5 nativo .2335
2 6 nativo .2365
2 7 nativo .2381
2 8 nativo .2375
2 9 nativo .2371
2 10 nativo .2352
2 11 nativo .2368
2 12 nativo .2360
2 13 nativo .2373
2 14 nativo .2376
2 15 nativo .2380
2 16 nativo .2356
2 17 nativo .2366
2 18 nativo .2358
2 19 nativo .2374
2 20 nativo .2377
2 21 nativo .2375
2 22 nativo .2362
2 23 nativo .2344
2 24 nativo .2361
2 25 nativo .2368
2 26 nativo .2367
2 27 nativo .2374
2 28 nativo .2362
2 29 nativo .2381
2 30 nativo .2371
4 1 nativo .4685
4 2 nativo .4673
4 3 nativo .4643
4 4 nativo .4689
4 5 nativo .4680
4 6 nativo .4688
4 7 nativo .4659
4 8 nativo .4698
4 9 nativo .4690
4 10 nativo .4685
4 11 nativo .4697
4 12 nativo .4668
4 13 nativo .4676
4 14 nativo .4687
4 15 nativo .4665
4 16 nativo .4695
4 17 nativo .4689
4 18 nativo .4663
4 19 nativo .4695
4 20 nativo .4681
4 21 nativo .4679
4 22 nativo .4655
4 23 nativo .4698
4 24 nativo .4689
4 25 nativo .4700
4 26 nativo .4653
4 27 nativo .4684
4 28 nativo .4695
4 29 nativo .4679
4 30 nativo .4666
8 1 nativo .9287
8 2 nativo .9298
8 3 nativo .9271
8 4 nativo .9279
8 5 nativo .9314
8 6 nativo .9227
8 7 nativo .9224
8 8 nativo .9311
8 9 nativo .9283
8 10 nativo .9268
8 11 nativo .9299
8 12 nativo .9227
8 13 nativo .9262
8 14 nativo .9255
8 15 nativo .9287
8 16 nativo .9274
8 17 nativo .9234
8 18 nativo .9311
8 19 nativo .9254
8 20 nativo .9252
8 21 nativo .9312
8 22 nativo .9289
8 23 nativo .9308
8 24 nativo .9234
8 25 nativo .9286
8 26 nativo .9289
8 27 nativo .9283
8 28 nativo .9258
8 29 nativo .9264
8 30 nativo .9328
10 1 nativo 1.1572
10 2 nativo 1.1478
10 3 nativo 1.1556
10 4 nativo 1.1560
10 5 nativo 1.1606
10 6 nativo 1.1620
10 7 nativo 1.1559
10 8 nativo 1.1613
10 9 nativo 1.1554
10 10 nativo 1.1564
10 11 nativo 1.1594
10 12 nativo 1.1580
10 13 nativo 1.1590
10 14 nativo 1.1548
10 15 nativo 1.1597
10 16 nativo 1.1529
10 17 nativo 1.1525
10 18 nativo 1.1574
10 19 nativo 1.1555
10 20 nativo 1.1621
10 21 nativo 1.1550
10 22 nativo 1.1498
10 23 nativo 1.1533
10 24 nativo 1.1553
10 25 nativo 1.1526
10 26 nativo 1.1574
10 27 nativo 1.1498
10 28 nativo 1.1536
10 29 nativo 1.1553
10 30 nativo 1.1591
16 1 nativo 1.8396
16 2 nativo 1.8337
16 3 nativo 1.8063
16 4 nativo 1.8347
16 5 nativo 1.8303
16 6 nativo 1.8291
16 7 nativo 1.7954
16 8 nativo 1.8184
16 9 nativo 1.8219
16 10 nativo 1.8345
16 11 nativo 1.8386
16 12 nativo 1.7628
16 13 nativo 1.8319
16 14 nativo 1.7960
16 15 nativo 1.8290
16 16 nativo 1.8338
16 17 nativo 1.8355
16 18 nativo 1.8428
16 19 nativo 1.8056
16 20 nativo 1.8211
16 21 nativo 1.8011
16 22 nativo 1.8296
16 23 nativo 1.8319
16 24 nativo 1.8419
16 25 nativo 1.8311
16 26 nativo 1.8502
16 27 nativo 1.8307
16 28 nativo 1.8162
16 29 nativo 1.8374
16 30 nativo 1.8435
20 1 nativo 2.1083
20 2 nativo 1.8569
20 3 nativo 2.2722
20 4 nativo 2.2793
20 5 nativo 2.2145
20 6 nativo 2.1414
20 7 nativo 2.0370
20 8 nativo 2.2799
20 9 nativo 2.0306
20 10 nativo 1.9326
20 11 nativo 2.2617
20 12 nativo 2.0457
20 13 nativo 2.2751
20 14 nativo 2.2705
20 15 nativo 1.9080
20 16 nativo 2.2730
20 17 nativo 1.9529
20 18 nativo 2.2777
20 19 nativo 2.0066
20 20 nativo 1.7560
20 21 nativo 2.2388
20 22 nativo 2.1788
20 23 nativo 2.2844
20 24 nativo 1.9461
20 25 nativo 2.0893
20 26 nativo 1.7560
20 27 nativo 2.2434
20 28 nativo 1.6903
20 29 nativo 1.6105
20 30 nativo 2.2424
32 1 nativo 2.0261
32 2 nativo 2.0088
32 3 nativo 1.9980
32 4 nativo 1.9632
32 5 nativo 1.9967
32 6 nativo 2.0499
32 7 nativo 2.0277
32 8 nativo 2.0600
32 9 nativo 1.9918
32 10 nativo 1.9979
32 11 nativo 1.9487
32 12 nativo 2.0210
32 13 nativo 1.9467
32 14 nativo 2.0191
32 15 nativo 1.9962
32 16 nativo 1.8758
32 17 nativo 2.0428
32 18 nativo 2.0115
32 19 nativo 2.0444
32 20 nativo 2.0203
32 21 nativo 1.9990
32 22 nativo 2.0503
32 23 nativo 2.0488
32 24 nativo 1.9665
32 25 nativo 1.9518
32 26 nativo 1.9589
32 27 nativo 2.0468
32 28 nativo 2.0429
32 29 nativo 1.9178
32 30 nativo 1.9435
40 1 nativo 2.5741
40 2 nativo 2.5776
40 3 nativo 2.5945
40 4 nativo 2.5711
40 5 nativo 2.5790
40 6 nativo 2.6042
40 7 nativo 2.5835
40 8 nativo 2.1712
40 9 nativo 2.5704
40 10 nativo 2.5000
40 11 nativo 2.5194
40 12 nativo 2.6077
40 13 nativo 2.5841
40 14 nativo 2.5992
40 15 nativo 2.5191
40 16 nativo 2.5640
40 17 nativo 2.6009
40 18 nativo 2.5991
40 19 nativo 2.5690
40 20 nativo 2.5983
40 21 nativo 2.5804
40 22 nativo 2.6016
40 23 nativo 2.5952
40 24 nativo 2.6012
40 25 nativo 2.4071
40 26 nativo 2.5603
40 27 nativo 2.5991
40 28 nativo 2.5381
40 29 nativo 2.5389
40 30 nativo 2.5887
